{"C:\\Users\\agior\\Desktop\\GitHub\\chiron\\builder\\errors.js": {"path":"C:\\Users\\agior\\Desktop\\GitHub\\chiron\\builder\\errors.js","statementMap":{"0":{"start":{"line":20,"column":4},"end":{"line":20,"column":19}},"1":{"start":{"line":21,"column":4},"end":{"line":21,"column":38}},"2":{"start":{"line":22,"column":4},"end":{"line":22,"column":39}},"3":{"start":{"line":23,"column":4},"end":{"line":23,"column":27}},"4":{"start":{"line":24,"column":4},"end":{"line":24,"column":52}},"5":{"start":{"line":32,"column":4},"end":{"line":38,"column":6}},"6":{"start":{"line":52,"column":4},"end":{"line":52,"column":44}},"7":{"start":{"line":67,"column":4},"end":{"line":67,"column":59}},"8":{"start":{"line":82,"column":4},"end":{"line":82,"column":60}},"9":{"start":{"line":97,"column":4},"end":{"line":97,"column":67}},"10":{"start":{"line":112,"column":4},"end":{"line":112,"column":62}},"11":{"start":{"line":116,"column":0},"end":{"line":123,"column":2}}},"fnMap":{"0":{"name":"(anonymous_0)","decl":{"start":{"line":19,"column":2},"end":{"line":19,"column":3}},"loc":{"start":{"line":19,"column":43},"end":{"line":25,"column":3}},"line":19},"1":{"name":"(anonymous_1)","decl":{"start":{"line":31,"column":2},"end":{"line":31,"column":3}},"loc":{"start":{"line":31,"column":11},"end":{"line":39,"column":3}},"line":31},"2":{"name":"(anonymous_2)","decl":{"start":{"line":51,"column":2},"end":{"line":51,"column":3}},"loc":{"start":{"line":51,"column":32},"end":{"line":53,"column":3}},"line":51},"3":{"name":"(anonymous_3)","decl":{"start":{"line":66,"column":2},"end":{"line":66,"column":3}},"loc":{"start":{"line":66,"column":47},"end":{"line":68,"column":3}},"line":66},"4":{"name":"(anonymous_4)","decl":{"start":{"line":81,"column":2},"end":{"line":81,"column":3}},"loc":{"start":{"line":81,"column":47},"end":{"line":83,"column":3}},"line":81},"5":{"name":"(anonymous_5)","decl":{"start":{"line":96,"column":2},"end":{"line":96,"column":3}},"loc":{"start":{"line":96,"column":51},"end":{"line":98,"column":3}},"line":96},"6":{"name":"(anonymous_6)","decl":{"start":{"line":111,"column":2},"end":{"line":111,"column":3}},"loc":{"start":{"line":111,"column":44},"end":{"line":113,"column":3}},"line":111}},"branchMap":{"0":{"loc":{"start":{"line":19,"column":29},"end":{"line":19,"column":41}},"type":"default-arg","locations":[{"start":{"line":19,"column":39},"end":{"line":19,"column":41}}],"line":19},"1":{"loc":{"start":{"line":22,"column":16},"end":{"line":22,"column":38}},"type":"binary-expr","locations":[{"start":{"line":22,"column":16},"end":{"line":22,"column":20}},{"start":{"line":22,"column":24},"end":{"line":22,"column":38}}],"line":22},"2":{"loc":{"start":{"line":66,"column":33},"end":{"line":66,"column":45}},"type":"default-arg","locations":[{"start":{"line":66,"column":43},"end":{"line":66,"column":45}}],"line":66},"3":{"loc":{"start":{"line":81,"column":33},"end":{"line":81,"column":45}},"type":"default-arg","locations":[{"start":{"line":81,"column":43},"end":{"line":81,"column":45}}],"line":81},"4":{"loc":{"start":{"line":96,"column":37},"end":{"line":96,"column":49}},"type":"default-arg","locations":[{"start":{"line":96,"column":47},"end":{"line":96,"column":49}}],"line":96},"5":{"loc":{"start":{"line":111,"column":30},"end":{"line":111,"column":42}},"type":"default-arg","locations":[{"start":{"line":111,"column":40},"end":{"line":111,"column":42}}],"line":111}},"s":{"0":20,"1":20,"2":20,"3":20,"4":20,"5":0,"6":20,"7":0,"8":0,"9":0,"10":0,"11":1},"f":{"0":20,"1":0,"2":20,"3":0,"4":0,"5":0,"6":0},"b":{"0":[6],"1":[20,0],"2":[0],"3":[0],"4":[0],"5":[0]},"_coverageSchema":"1a1c01bbd47fc00a2c39e90264f33305004495a9","hash":"8028457c315d75e0c96a6c80cd57722977d968ab"}
,"C:\\Users\\agior\\Desktop\\GitHub\\chiron\\builder\\logger.js": {"path":"C:\\Users\\agior\\Desktop\\GitHub\\chiron\\builder\\logger.js","statementMap":{"0":{"start":{"line":14,"column":17},"end":{"line":20,"column":1}},"1":{"start":{"line":27,"column":21},"end":{"line":33,"column":1}},"2":{"start":{"line":40,"column":15},"end":{"line":47,"column":1}},"3":{"start":{"line":61,"column":4},"end":{"line":61,"column":41}},"4":{"start":{"line":62,"column":4},"end":{"line":62,"column":46}},"5":{"start":{"line":63,"column":4},"end":{"line":63,"column":54}},"6":{"start":{"line":64,"column":4},"end":{"line":64,"column":39}},"7":{"start":{"line":65,"column":4},"end":{"line":65,"column":69}},"8":{"start":{"line":74,"column":16},"end":{"line":74,"column":26}},"9":{"start":{"line":75,"column":4},"end":{"line":75,"column":29}},"10":{"start":{"line":86,"column":4},"end":{"line":88,"column":5}},"11":{"start":{"line":87,"column":6},"end":{"line":87,"column":18}},"12":{"start":{"line":89,"column":4},"end":{"line":89,"column":44}},"13":{"start":{"line":101,"column":18},"end":{"line":101,"column":20}},"14":{"start":{"line":103,"column":4},"end":{"line":105,"column":5}},"15":{"start":{"line":104,"column":6},"end":{"line":104,"column":73}},"16":{"start":{"line":107,"column":24},"end":{"line":113,"column":5}},"17":{"start":{"line":115,"column":4},"end":{"line":115,"column":64}},"18":{"start":{"line":117,"column":4},"end":{"line":119,"column":5}},"19":{"start":{"line":118,"column":6},"end":{"line":118,"column":65}},"20":{"start":{"line":121,"column":4},"end":{"line":121,"column":24}},"21":{"start":{"line":123,"column":4},"end":{"line":125,"column":5}},"22":{"start":{"line":124,"column":6},"end":{"line":124,"column":76}},"23":{"start":{"line":127,"column":4},"end":{"line":127,"column":27}},"24":{"start":{"line":137,"column":4},"end":{"line":137,"column":51}},"25":{"start":{"line":146,"column":4},"end":{"line":148,"column":5}},"26":{"start":{"line":147,"column":6},"end":{"line":147,"column":13}},"27":{"start":{"line":150,"column":4},"end":{"line":165,"column":5}},"28":{"start":{"line":151,"column":24},"end":{"line":155,"column":7}},"29":{"start":{"line":156,"column":6},"end":{"line":158,"column":7}},"30":{"start":{"line":157,"column":8},"end":{"line":157,"column":38}},"31":{"start":{"line":159,"column":6},"end":{"line":161,"column":7}},"32":{"start":{"line":160,"column":8},"end":{"line":160,"column":44}},"33":{"start":{"line":162,"column":6},"end":{"line":162,"column":77}},"34":{"start":{"line":164,"column":6},"end":{"line":164,"column":64}},"35":{"start":{"line":174,"column":4},"end":{"line":176,"column":5}},"36":{"start":{"line":175,"column":6},"end":{"line":175,"column":13}},"37":{"start":{"line":177,"column":4},"end":{"line":177,"column":60}},"38":{"start":{"line":186,"column":4},"end":{"line":188,"column":5}},"39":{"start":{"line":187,"column":6},"end":{"line":187,"column":13}},"40":{"start":{"line":189,"column":4},"end":{"line":189,"column":59}},"41":{"start":{"line":198,"column":4},"end":{"line":200,"column":5}},"42":{"start":{"line":199,"column":6},"end":{"line":199,"column":13}},"43":{"start":{"line":201,"column":4},"end":{"line":201,"column":60}},"44":{"start":{"line":210,"column":4},"end":{"line":212,"column":5}},"45":{"start":{"line":211,"column":6},"end":{"line":211,"column":13}},"46":{"start":{"line":213,"column":4},"end":{"line":213,"column":62}},"47":{"start":{"line":222,"column":4},"end":{"line":227,"column":7}},"48":{"start":{"line":235,"column":4},"end":{"line":240,"column":5}},"49":{"start":{"line":236,"column":6},"end":{"line":236,"column":25}},"50":{"start":{"line":237,"column":6},"end":{"line":237,"column":45}},"51":{"start":{"line":239,"column":6},"end":{"line":239,"column":69}},"52":{"start":{"line":245,"column":22},"end":{"line":249,"column":2}},"53":{"start":{"line":251,"column":0},"end":{"line":255,"column":2}}},"fnMap":{"0":{"name":"(anonymous_0)","decl":{"start":{"line":60,"column":2},"end":{"line":60,"column":3}},"loc":{"start":{"line":60,"column":28},"end":{"line":66,"column":3}},"line":60},"1":{"name":"(anonymous_1)","decl":{"start":{"line":73,"column":2},"end":{"line":73,"column":3}},"loc":{"start":{"line":73,"column":17},"end":{"line":76,"column":3}},"line":73},"2":{"name":"(anonymous_2)","decl":{"start":{"line":85,"column":2},"end":{"line":85,"column":3}},"loc":{"start":{"line":85,"column":24},"end":{"line":90,"column":3}},"line":85},"3":{"name":"(anonymous_3)","decl":{"start":{"line":100,"column":2},"end":{"line":100,"column":3}},"loc":{"start":{"line":100,"column":43},"end":{"line":128,"column":3}},"line":100},"4":{"name":"(anonymous_4)","decl":{"start":{"line":136,"column":2},"end":{"line":136,"column":3}},"loc":{"start":{"line":136,"column":19},"end":{"line":138,"column":3}},"line":136},"5":{"name":"(anonymous_5)","decl":{"start":{"line":145,"column":2},"end":{"line":145,"column":3}},"loc":{"start":{"line":145,"column":28},"end":{"line":166,"column":3}},"line":145},"6":{"name":"(anonymous_6)","decl":{"start":{"line":173,"column":2},"end":{"line":173,"column":3}},"loc":{"start":{"line":173,"column":27},"end":{"line":178,"column":3}},"line":173},"7":{"name":"(anonymous_7)","decl":{"start":{"line":185,"column":2},"end":{"line":185,"column":3}},"loc":{"start":{"line":185,"column":27},"end":{"line":190,"column":3}},"line":185},"8":{"name":"(anonymous_8)","decl":{"start":{"line":197,"column":2},"end":{"line":197,"column":3}},"loc":{"start":{"line":197,"column":28},"end":{"line":202,"column":3}},"line":197},"9":{"name":"(anonymous_9)","decl":{"start":{"line":209,"column":2},"end":{"line":209,"column":3}},"loc":{"start":{"line":209,"column":30},"end":{"line":214,"column":3}},"line":209},"10":{"name":"(anonymous_10)","decl":{"start":{"line":221,"column":2},"end":{"line":221,"column":3}},"loc":{"start":{"line":221,"column":16},"end":{"line":228,"column":3}},"line":221},"11":{"name":"(anonymous_11)","decl":{"start":{"line":234,"column":2},"end":{"line":234,"column":3}},"loc":{"start":{"line":234,"column":18},"end":{"line":241,"column":3}},"line":234}},"branchMap":{"0":{"loc":{"start":{"line":60,"column":14},"end":{"line":60,"column":26}},"type":"default-arg","locations":[{"start":{"line":60,"column":24},"end":{"line":60,"column":26}}],"line":60},"1":{"loc":{"start":{"line":61,"column":17},"end":{"line":61,"column":40}},"type":"binary-expr","locations":[{"start":{"line":61,"column":17},"end":{"line":61,"column":30}},{"start":{"line":61,"column":34},"end":{"line":61,"column":40}}],"line":61},"2":{"loc":{"start":{"line":64,"column":18},"end":{"line":64,"column":38}},"type":"binary-expr","locations":[{"start":{"line":64,"column":18},"end":{"line":64,"column":32}},{"start":{"line":64,"column":36},"end":{"line":64,"column":38}}],"line":64},"3":{"loc":{"start":{"line":65,"column":23},"end":{"line":65,"column":68}},"type":"binary-expr","locations":[{"start":{"line":65,"column":23},"end":{"line":65,"column":47}},{"start":{"line":65,"column":51},"end":{"line":65,"column":68}}],"line":65},"4":{"loc":{"start":{"line":86,"column":4},"end":{"line":88,"column":5}},"type":"if","locations":[{"start":{"line":86,"column":4},"end":{"line":88,"column":5}},{"start":{},"end":{}}],"line":86},"5":{"loc":{"start":{"line":100,"column":32},"end":{"line":100,"column":41}},"type":"default-arg","locations":[{"start":{"line":100,"column":39},"end":{"line":100,"column":41}}],"line":100},"6":{"loc":{"start":{"line":103,"column":4},"end":{"line":105,"column":5}},"type":"if","locations":[{"start":{"line":103,"column":4},"end":{"line":105,"column":5}},{"start":{},"end":{}}],"line":103},"7":{"loc":{"start":{"line":117,"column":4},"end":{"line":119,"column":5}},"type":"if","locations":[{"start":{"line":117,"column":4},"end":{"line":119,"column":5}},{"start":{},"end":{}}],"line":117},"8":{"loc":{"start":{"line":123,"column":4},"end":{"line":125,"column":5}},"type":"if","locations":[{"start":{"line":123,"column":4},"end":{"line":125,"column":5}},{"start":{},"end":{}}],"line":123},"9":{"loc":{"start":{"line":145,"column":17},"end":{"line":145,"column":26}},"type":"default-arg","locations":[{"start":{"line":145,"column":24},"end":{"line":145,"column":26}}],"line":145},"10":{"loc":{"start":{"line":146,"column":4},"end":{"line":148,"column":5}},"type":"if","locations":[{"start":{"line":146,"column":4},"end":{"line":148,"column":5}},{"start":{},"end":{}}],"line":146},"11":{"loc":{"start":{"line":150,"column":4},"end":{"line":165,"column":5}},"type":"if","locations":[{"start":{"line":150,"column":4},"end":{"line":165,"column":5}},{"start":{"line":163,"column":11},"end":{"line":165,"column":5}}],"line":150},"12":{"loc":{"start":{"line":156,"column":6},"end":{"line":158,"column":7}},"type":"if","locations":[{"start":{"line":156,"column":6},"end":{"line":158,"column":7}},{"start":{},"end":{}}],"line":156},"13":{"loc":{"start":{"line":159,"column":6},"end":{"line":161,"column":7}},"type":"if","locations":[{"start":{"line":159,"column":6},"end":{"line":161,"column":7}},{"start":{},"end":{}}],"line":159},"14":{"loc":{"start":{"line":173,"column":16},"end":{"line":173,"column":25}},"type":"default-arg","locations":[{"start":{"line":173,"column":23},"end":{"line":173,"column":25}}],"line":173},"15":{"loc":{"start":{"line":174,"column":4},"end":{"line":176,"column":5}},"type":"if","locations":[{"start":{"line":174,"column":4},"end":{"line":176,"column":5}},{"start":{},"end":{}}],"line":174},"16":{"loc":{"start":{"line":185,"column":16},"end":{"line":185,"column":25}},"type":"default-arg","locations":[{"start":{"line":185,"column":23},"end":{"line":185,"column":25}}],"line":185},"17":{"loc":{"start":{"line":186,"column":4},"end":{"line":188,"column":5}},"type":"if","locations":[{"start":{"line":186,"column":4},"end":{"line":188,"column":5}},{"start":{},"end":{}}],"line":186},"18":{"loc":{"start":{"line":197,"column":17},"end":{"line":197,"column":26}},"type":"default-arg","locations":[{"start":{"line":197,"column":24},"end":{"line":197,"column":26}}],"line":197},"19":{"loc":{"start":{"line":198,"column":4},"end":{"line":200,"column":5}},"type":"if","locations":[{"start":{"line":198,"column":4},"end":{"line":200,"column":5}},{"start":{},"end":{}}],"line":198},"20":{"loc":{"start":{"line":209,"column":19},"end":{"line":209,"column":28}},"type":"default-arg","locations":[{"start":{"line":209,"column":26},"end":{"line":209,"column":28}}],"line":209},"21":{"loc":{"start":{"line":210,"column":4},"end":{"line":212,"column":5}},"type":"if","locations":[{"start":{"line":210,"column":4},"end":{"line":212,"column":5}},{"start":{},"end":{}}],"line":210},"22":{"loc":{"start":{"line":226,"column":14},"end":{"line":226,"column":63}},"type":"cond-expr","locations":[{"start":{"line":226,"column":28},"end":{"line":226,"column":54}},{"start":{"line":226,"column":57},"end":{"line":226,"column":63}}],"line":226},"23":{"loc":{"start":{"line":235,"column":4},"end":{"line":240,"column":5}},"type":"if","locations":[{"start":{"line":235,"column":4},"end":{"line":240,"column":5}},{"start":{"line":238,"column":11},"end":{"line":240,"column":5}}],"line":235},"24":{"loc":{"start":{"line":246,"column":9},"end":{"line":246,"column":40}},"type":"binary-expr","locations":[{"start":{"line":246,"column":9},"end":{"line":246,"column":30}},{"start":{"line":246,"column":34},"end":{"line":246,"column":40}}],"line":246}},"s":{"0":6,"1":6,"2":6,"3":98,"4":98,"5":98,"6":98,"7":98,"8":52,"9":52,"10":175,"11":0,"12":175,"13":52,"14":52,"15":52,"16":52,"17":52,"18":52,"19":22,"20":52,"21":52,"22":49,"23":52,"24":75,"25":5,"26":0,"27":5,"28":5,"29":5,"30":5,"31":5,"32":5,"33":5,"34":0,"35":18,"36":0,"37":18,"38":29,"39":0,"40":29,"41":23,"42":23,"43":0,"44":0,"45":0,"46":0,"47":39,"48":0,"49":0,"50":0,"51":0,"52":6,"53":6},"f":{"0":98,"1":52,"2":175,"3":52,"4":75,"5":5,"6":18,"7":29,"8":23,"9":0,"10":39,"11":0},"b":{"0":[53],"1":[98,53],"2":[98,59],"3":[98,0],"4":[0,175],"5":[0],"6":[52,0],"7":[22,30],"8":[49,3],"9":[5],"10":[0,5],"11":[5,0],"12":[5,0],"13":[5,0],"14":[3],"15":[0,18],"16":[0],"17":[0,29],"18":[3],"19":[23,0],"20":[0],"21":[0,0],"22":[0,39],"23":[0,0],"24":[6,6]},"_coverageSchema":"1a1c01bbd47fc00a2c39e90264f33305004495a9","hash":"4849121de5dcd2a5febbe069fbedddba6b5fc7b1"}
,"C:\\Users\\agior\\Desktop\\GitHub\\chiron\\builder\\markdown-parser.js": {"path":"C:\\Users\\agior\\Desktop\\GitHub\\chiron\\builder\\markdown-parser.js","statementMap":{"0":{"start":{"line":9,"column":15},"end":{"line":9,"column":37}},"1":{"start":{"line":10,"column":19},"end":{"line":10,"column":36}},"2":{"start":{"line":11,"column":19},"end":{"line":11,"column":38}},"3":{"start":{"line":14,"column":22},"end":{"line":17,"column":1}},"4":{"start":{"line":22,"column":4},"end":{"line":22,"column":29}},"5":{"start":{"line":23,"column":4},"end":{"line":23,"column":18}},"6":{"start":{"line":24,"column":4},"end":{"line":24,"column":49}},"7":{"start":{"line":27,"column":4},"end":{"line":33,"column":7}},"8":{"start":{"line":36,"column":21},"end":{"line":36,"column":42}},"9":{"start":{"line":39,"column":4},"end":{"line":76,"column":6}},"10":{"start":{"line":42,"column":28},"end":{"line":42,"column":64}},"11":{"start":{"line":46,"column":21},"end":{"line":52,"column":50}},"12":{"start":{"line":54,"column":20},"end":{"line":54,"column":25}},"13":{"start":{"line":57,"column":20},"end":{"line":57,"column":91}},"14":{"start":{"line":58,"column":20},"end":{"line":58,"column":21}},"15":{"start":{"line":60,"column":6},"end":{"line":63,"column":7}},"16":{"start":{"line":61,"column":8},"end":{"line":61,"column":41}},"17":{"start":{"line":62,"column":8},"end":{"line":62,"column":18}},"18":{"start":{"line":65,"column":6},"end":{"line":65,"column":32}},"19":{"start":{"line":68,"column":6},"end":{"line":72,"column":9}},"20":{"start":{"line":75,"column":6},"end":{"line":75,"column":62}},"21":{"start":{"line":79,"column":4},"end":{"line":101,"column":6}},"22":{"start":{"line":81,"column":6},"end":{"line":83,"column":7}},"23":{"start":{"line":82,"column":8},"end":{"line":82,"column":26}},"24":{"start":{"line":86,"column":33},"end":{"line":86,"column":79}},"25":{"start":{"line":87,"column":24},"end":{"line":87,"column":49}},"26":{"start":{"line":89,"column":6},"end":{"line":92,"column":7}},"27":{"start":{"line":89,"column":43},"end":{"line":89,"column":70}},"28":{"start":{"line":90,"column":8},"end":{"line":90,"column":70}},"29":{"start":{"line":91,"column":8},"end":{"line":91,"column":26}},"30":{"start":{"line":95,"column":24},"end":{"line":95,"column":73}},"31":{"start":{"line":96,"column":28},"end":{"line":98,"column":12}},"32":{"start":{"line":100,"column":6},"end":{"line":100,"column":90}},"33":{"start":{"line":104,"column":4},"end":{"line":132,"column":6}},"34":{"start":{"line":107,"column":21},"end":{"line":107,"column":40}},"35":{"start":{"line":109,"column":19},"end":{"line":109,"column":27}},"36":{"start":{"line":110,"column":6},"end":{"line":113,"column":7}},"37":{"start":{"line":111,"column":24},"end":{"line":111,"column":61}},"38":{"start":{"line":112,"column":8},"end":{"line":112,"column":42}},"39":{"start":{"line":114,"column":6},"end":{"line":114,"column":26}},"40":{"start":{"line":116,"column":17},"end":{"line":116,"column":19}},"41":{"start":{"line":117,"column":6},"end":{"line":124,"column":7}},"42":{"start":{"line":118,"column":8},"end":{"line":118,"column":25}},"43":{"start":{"line":119,"column":8},"end":{"line":122,"column":9}},"44":{"start":{"line":120,"column":26},"end":{"line":120,"column":63}},"45":{"start":{"line":121,"column":10},"end":{"line":121,"column":42}},"46":{"start":{"line":123,"column":8},"end":{"line":123,"column":26}},"47":{"start":{"line":126,"column":6},"end":{"line":131,"column":14}},"48":{"start":{"line":137,"column":4},"end":{"line":148,"column":6}},"49":{"start":{"line":138,"column":23},"end":{"line":138,"column":37}},"50":{"start":{"line":140,"column":26},"end":{"line":140,"column":45}},"51":{"start":{"line":141,"column":26},"end":{"line":141,"column":54}},"52":{"start":{"line":144,"column":23},"end":{"line":144,"column":80}},"53":{"start":{"line":147,"column":6},"end":{"line":147,"column":505}},"54":{"start":{"line":150,"column":4},"end":{"line":150,"column":29}},"55":{"start":{"line":158,"column":20},"end":{"line":161,"column":5}},"56":{"start":{"line":160,"column":27},"end":{"line":160,"column":78}},"57":{"start":{"line":164,"column":4},"end":{"line":173,"column":6}},"58":{"start":{"line":168,"column":8},"end":{"line":170,"column":9}},"59":{"start":{"line":169,"column":10},"end":{"line":169,"column":23}},"60":{"start":{"line":171,"column":8},"end":{"line":171,"column":198}},"61":{"start":{"line":176,"column":4},"end":{"line":189,"column":6}},"62":{"start":{"line":180,"column":8},"end":{"line":182,"column":9}},"63":{"start":{"line":181,"column":10},"end":{"line":181,"column":23}},"64":{"start":{"line":183,"column":31},"end":{"line":183,"column":45}},"65":{"start":{"line":184,"column":8},"end":{"line":186,"column":9}},"66":{"start":{"line":185,"column":10},"end":{"line":185,"column":23}},"67":{"start":{"line":187,"column":8},"end":{"line":187,"column":102}},"68":{"start":{"line":193,"column":4},"end":{"line":213,"column":6}},"69":{"start":{"line":197,"column":29},"end":{"line":197,"column":69}},"70":{"start":{"line":200,"column":8},"end":{"line":202,"column":9}},"71":{"start":{"line":201,"column":10},"end":{"line":201,"column":23}},"72":{"start":{"line":205,"column":8},"end":{"line":211,"column":9}},"73":{"start":{"line":207,"column":10},"end":{"line":207,"column":77}},"74":{"start":{"line":210,"column":10},"end":{"line":210,"column":61}},"75":{"start":{"line":215,"column":4},"end":{"line":215,"column":21}},"76":{"start":{"line":222,"column":4},"end":{"line":227,"column":31}},"77":{"start":{"line":237,"column":4},"end":{"line":237,"column":25}},"78":{"start":{"line":238,"column":4},"end":{"line":238,"column":18}},"79":{"start":{"line":242,"column":4},"end":{"line":244,"column":5}},"80":{"start":{"line":243,"column":6},"end":{"line":243,"column":61}},"81":{"start":{"line":247,"column":4},"end":{"line":250,"column":5}},"82":{"start":{"line":248,"column":6},"end":{"line":248,"column":55}},"83":{"start":{"line":249,"column":6},"end":{"line":249,"column":41}},"84":{"start":{"line":253,"column":4},"end":{"line":255,"column":5}},"85":{"start":{"line":254,"column":6},"end":{"line":254,"column":78}},"86":{"start":{"line":258,"column":29},"end":{"line":258,"column":59}},"87":{"start":{"line":259,"column":4},"end":{"line":261,"column":5}},"88":{"start":{"line":260,"column":6},"end":{"line":260,"column":94}},"89":{"start":{"line":264,"column":4},"end":{"line":271,"column":5}},"90":{"start":{"line":265,"column":6},"end":{"line":265,"column":68}},"91":{"start":{"line":266,"column":6},"end":{"line":270,"column":8}},"92":{"start":{"line":273,"column":4},"end":{"line":292,"column":5}},"93":{"start":{"line":275,"column":55},"end":{"line":275,"column":70}},"94":{"start":{"line":278,"column":17},"end":{"line":278,"column":39}},"95":{"start":{"line":281,"column":6},"end":{"line":281,"column":42}},"96":{"start":{"line":283,"column":6},"end":{"line":288,"column":8}},"97":{"start":{"line":290,"column":6},"end":{"line":290,"column":96}},"98":{"start":{"line":291,"column":6},"end":{"line":291,"column":68}},"99":{"start":{"line":296,"column":0},"end":{"line":296,"column":32}}},"fnMap":{"0":{"name":"(anonymous_0)","decl":{"start":{"line":20,"column":2},"end":{"line":20,"column":3}},"loc":{"start":{"line":20,"column":16},"end":{"line":151,"column":3}},"line":20},"1":{"name":"(anonymous_1)","decl":{"start":{"line":39,"column":23},"end":{"line":39,"column":24}},"loc":{"start":{"line":39,"column":44},"end":{"line":76,"column":5}},"line":39},"2":{"name":"(anonymous_2)","decl":{"start":{"line":79,"column":20},"end":{"line":79,"column":21}},"loc":{"start":{"line":79,"column":64},"end":{"line":101,"column":5}},"line":79},"3":{"name":"(anonymous_3)","decl":{"start":{"line":89,"column":34},"end":{"line":89,"column":35}},"loc":{"start":{"line":89,"column":43},"end":{"line":89,"column":70}},"line":89},"4":{"name":"(anonymous_4)","decl":{"start":{"line":104,"column":21},"end":{"line":104,"column":22}},"loc":{"start":{"line":104,"column":32},"end":{"line":132,"column":5}},"line":104},"5":{"name":"(anonymous_5)","decl":{"start":{"line":137,"column":20},"end":{"line":137,"column":21}},"loc":{"start":{"line":137,"column":40},"end":{"line":148,"column":5}},"line":137},"6":{"name":"(anonymous_6)","decl":{"start":{"line":156,"column":2},"end":{"line":156,"column":3}},"loc":{"start":{"line":156,"column":26},"end":{"line":216,"column":3}},"line":156},"7":{"name":"(anonymous_7)","decl":{"start":{"line":160,"column":6},"end":{"line":160,"column":7}},"loc":{"start":{"line":160,"column":27},"end":{"line":160,"column":78}},"line":160},"8":{"name":"(anonymous_8)","decl":{"start":{"line":166,"column":6},"end":{"line":166,"column":7}},"loc":{"start":{"line":166,"column":26},"end":{"line":172,"column":7}},"line":166},"9":{"name":"(anonymous_9)","decl":{"start":{"line":178,"column":6},"end":{"line":178,"column":7}},"loc":{"start":{"line":178,"column":54},"end":{"line":188,"column":7}},"line":178},"10":{"name":"(anonymous_10)","decl":{"start":{"line":195,"column":6},"end":{"line":195,"column":7}},"loc":{"start":{"line":195,"column":17},"end":{"line":212,"column":7}},"line":195},"11":{"name":"(anonymous_11)","decl":{"start":{"line":221,"column":2},"end":{"line":221,"column":3}},"loc":{"start":{"line":221,"column":19},"end":{"line":228,"column":3}},"line":221},"12":{"name":"(anonymous_12)","decl":{"start":{"line":235,"column":2},"end":{"line":235,"column":3}},"loc":{"start":{"line":235,"column":17},"end":{"line":293,"column":3}},"line":235}},"branchMap":{"0":{"loc":{"start":{"line":57,"column":20},"end":{"line":57,"column":91}},"type":"binary-expr","locations":[{"start":{"line":57,"column":20},"end":{"line":57,"column":26}},{"start":{"line":57,"column":30},"end":{"line":57,"column":91}}],"line":57},"1":{"loc":{"start":{"line":81,"column":6},"end":{"line":83,"column":7}},"type":"if","locations":[{"start":{"line":81,"column":6},"end":{"line":83,"column":7}},{"start":{},"end":{}}],"line":81},"2":{"loc":{"start":{"line":81,"column":10},"end":{"line":81,"column":43}},"type":"binary-expr","locations":[{"start":{"line":81,"column":10},"end":{"line":81,"column":15}},{"start":{"line":81,"column":19},"end":{"line":81,"column":43}}],"line":81},"3":{"loc":{"start":{"line":82,"column":15},"end":{"line":82,"column":25}},"type":"binary-expr","locations":[{"start":{"line":82,"column":15},"end":{"line":82,"column":19}},{"start":{"line":82,"column":23},"end":{"line":82,"column":25}}],"line":82},"4":{"loc":{"start":{"line":89,"column":6},"end":{"line":92,"column":7}},"type":"if","locations":[{"start":{"line":89,"column":6},"end":{"line":92,"column":7}},{"start":{},"end":{}}],"line":89},"5":{"loc":{"start":{"line":91,"column":15},"end":{"line":91,"column":25}},"type":"binary-expr","locations":[{"start":{"line":91,"column":15},"end":{"line":91,"column":19}},{"start":{"line":91,"column":23},"end":{"line":91,"column":25}}],"line":91},"6":{"loc":{"start":{"line":95,"column":24},"end":{"line":95,"column":73}},"type":"cond-expr","locations":[{"start":{"line":95,"column":32},"end":{"line":95,"column":68}},{"start":{"line":95,"column":71},"end":{"line":95,"column":73}}],"line":95},"7":{"loc":{"start":{"line":96,"column":28},"end":{"line":98,"column":12}},"type":"cond-expr","locations":[{"start":{"line":97,"column":10},"end":{"line":97,"column":54}},{"start":{"line":98,"column":10},"end":{"line":98,"column":12}}],"line":96},"8":{"loc":{"start":{"line":96,"column":29},"end":{"line":96,"column":86}},"type":"binary-expr","locations":[{"start":{"line":96,"column":29},"end":{"line":96,"column":55}},{"start":{"line":96,"column":59},"end":{"line":96,"column":86}}],"line":96},"9":{"loc":{"start":{"line":111,"column":43},"end":{"line":111,"column":60}},"type":"binary-expr","locations":[{"start":{"line":111,"column":43},"end":{"line":111,"column":54}},{"start":{"line":111,"column":58},"end":{"line":111,"column":60}}],"line":111},"10":{"loc":{"start":{"line":120,"column":45},"end":{"line":120,"column":62}},"type":"binary-expr","locations":[{"start":{"line":120,"column":45},"end":{"line":120,"column":56}},{"start":{"line":120,"column":60},"end":{"line":120,"column":62}}],"line":120},"11":{"loc":{"start":{"line":138,"column":23},"end":{"line":138,"column":37}},"type":"binary-expr","locations":[{"start":{"line":138,"column":23},"end":{"line":138,"column":27}},{"start":{"line":138,"column":31},"end":{"line":138,"column":37}}],"line":138},"12":{"loc":{"start":{"line":160,"column":61},"end":{"line":160,"column":75}},"type":"binary-expr","locations":[{"start":{"line":160,"column":61},"end":{"line":160,"column":69}},{"start":{"line":160,"column":73},"end":{"line":160,"column":75}}],"line":160},"13":{"loc":{"start":{"line":168,"column":8},"end":{"line":170,"column":9}},"type":"if","locations":[{"start":{"line":168,"column":8},"end":{"line":170,"column":9}},{"start":{},"end":{}}],"line":168},"14":{"loc":{"start":{"line":180,"column":8},"end":{"line":182,"column":9}},"type":"if","locations":[{"start":{"line":180,"column":8},"end":{"line":182,"column":9}},{"start":{},"end":{}}],"line":180},"15":{"loc":{"start":{"line":184,"column":8},"end":{"line":186,"column":9}},"type":"if","locations":[{"start":{"line":184,"column":8},"end":{"line":186,"column":9}},{"start":{},"end":{}}],"line":184},"16":{"loc":{"start":{"line":197,"column":30},"end":{"line":197,"column":61}},"type":"binary-expr","locations":[{"start":{"line":197,"column":30},"end":{"line":197,"column":55}},{"start":{"line":197,"column":59},"end":{"line":197,"column":61}}],"line":197},"17":{"loc":{"start":{"line":200,"column":8},"end":{"line":202,"column":9}},"type":"if","locations":[{"start":{"line":200,"column":8},"end":{"line":202,"column":9}},{"start":{},"end":{}}],"line":200},"18":{"loc":{"start":{"line":205,"column":8},"end":{"line":211,"column":9}},"type":"if","locations":[{"start":{"line":205,"column":8},"end":{"line":211,"column":9}},{"start":{"line":208,"column":15},"end":{"line":211,"column":9}}],"line":205},"19":{"loc":{"start":{"line":242,"column":4},"end":{"line":244,"column":5}},"type":"if","locations":[{"start":{"line":242,"column":4},"end":{"line":244,"column":5}},{"start":{},"end":{}}],"line":242},"20":{"loc":{"start":{"line":242,"column":8},"end":{"line":242,"column":49}},"type":"binary-expr","locations":[{"start":{"line":242,"column":8},"end":{"line":242,"column":24}},{"start":{"line":242,"column":28},"end":{"line":242,"column":49}}],"line":242},"21":{"loc":{"start":{"line":247,"column":4},"end":{"line":250,"column":5}},"type":"if","locations":[{"start":{"line":247,"column":4},"end":{"line":250,"column":5}},{"start":{},"end":{}}],"line":247},"22":{"loc":{"start":{"line":253,"column":4},"end":{"line":255,"column":5}},"type":"if","locations":[{"start":{"line":253,"column":4},"end":{"line":255,"column":5}},{"start":{},"end":{}}],"line":253},"23":{"loc":{"start":{"line":259,"column":4},"end":{"line":261,"column":5}},"type":"if","locations":[{"start":{"line":259,"column":4},"end":{"line":261,"column":5}},{"start":{},"end":{}}],"line":259},"24":{"loc":{"start":{"line":264,"column":4},"end":{"line":271,"column":5}},"type":"if","locations":[{"start":{"line":264,"column":4},"end":{"line":271,"column":5}},{"start":{},"end":{}}],"line":264},"25":{"loc":{"start":{"line":284,"column":21},"end":{"line":284,"column":38}},"type":"binary-expr","locations":[{"start":{"line":284,"column":21},"end":{"line":284,"column":32}},{"start":{"line":284,"column":36},"end":{"line":284,"column":38}}],"line":284}},"s":{"0":1,"1":1,"2":1,"3":1,"4":18,"5":18,"6":18,"7":18,"8":18,"9":18,"10":12,"11":12,"12":12,"13":12,"14":12,"15":12,"16":3,"17":3,"18":12,"19":12,"20":12,"21":18,"22":2,"23":0,"24":2,"25":2,"26":2,"27":5,"28":1,"29":1,"30":1,"31":1,"32":1,"33":18,"34":1,"35":1,"36":1,"37":2,"38":2,"39":1,"40":1,"41":1,"42":1,"43":1,"44":2,"45":2,"46":1,"47":1,"48":18,"49":1,"50":1,"51":1,"52":1,"53":1,"54":18,"55":12,"56":0,"57":12,"58":0,"59":0,"60":0,"61":12,"62":0,"63":0,"64":0,"65":0,"66":0,"67":0,"68":12,"69":0,"70":0,"71":0,"72":0,"73":0,"74":0,"75":12,"76":6,"77":17,"78":17,"79":17,"80":2,"81":15,"82":1,"83":1,"84":15,"85":1,"86":14,"87":14,"88":1,"89":13,"90":1,"91":1,"92":12,"93":12,"94":12,"95":12,"96":12,"97":0,"98":0,"99":1},"f":{"0":18,"1":12,"2":2,"3":5,"4":1,"5":1,"6":12,"7":0,"8":0,"9":0,"10":0,"11":6,"12":17},"b":{"0":[12,0],"1":[0,2],"2":[2,2],"3":[0,0],"4":[1,1],"5":[1,0],"6":[0,1],"7":[1,0],"8":[1,1],"9":[2,0],"10":[2,0],"11":[1,0],"12":[0,0],"13":[0,0],"14":[0,0],"15":[0,0],"16":[0,0],"17":[0,0],"18":[0,0],"19":[2,15],"20":[17,16],"21":[1,14],"22":[1,14],"23":[1,13],"24":[1,12],"25":[12,0]},"_coverageSchema":"1a1c01bbd47fc00a2c39e90264f33305004495a9","hash":"72f492d00021399d1beead24ba2fb61482db19a5"}
,"C:\\Users\\agior\\Desktop\\GitHub\\chiron\\builder\\search-indexer.js": {"path":"C:\\Users\\agior\\Desktop\\GitHub\\chiron\\builder\\search-indexer.js","statementMap":{"0":{"start":{"line":9,"column":11},"end":{"line":9,"column":24}},"1":{"start":{"line":10,"column":13},"end":{"line":10,"column":28}},"2":{"start":{"line":11,"column":15},"end":{"line":11,"column":37}},"3":{"start":{"line":12,"column":19},"end":{"line":12,"column":36}},"4":{"start":{"line":13,"column":19},"end":{"line":13,"column":38}},"5":{"start":{"line":14,"column":15},"end":{"line":14,"column":33}},"6":{"start":{"line":17,"column":23},"end":{"line":26,"column":1}},"7":{"start":{"line":34,"column":4},"end":{"line":34,"column":25}},"8":{"start":{"line":35,"column":4},"end":{"line":35,"column":27}},"9":{"start":{"line":36,"column":4},"end":{"line":36,"column":20}},"10":{"start":{"line":37,"column":4},"end":{"line":37,"column":48}},"11":{"start":{"line":44,"column":4},"end":{"line":47,"column":14}},"12":{"start":{"line":54,"column":21},"end":{"line":54,"column":23}},"13":{"start":{"line":55,"column":18},"end":{"line":55,"column":50}},"14":{"start":{"line":58,"column":4},"end":{"line":63,"column":5}},"15":{"start":{"line":59,"column":22},"end":{"line":59,"column":46}},"16":{"start":{"line":60,"column":6},"end":{"line":62,"column":7}},"17":{"start":{"line":61,"column":8},"end":{"line":61,"column":31}},"18":{"start":{"line":65,"column":4},"end":{"line":65,"column":20}},"19":{"start":{"line":74,"column":4},"end":{"line":77,"column":5}},"20":{"start":{"line":75,"column":6},"end":{"line":75,"column":60}},"21":{"start":{"line":76,"column":6},"end":{"line":76,"column":13}},"22":{"start":{"line":79,"column":4},"end":{"line":155,"column":5}},"23":{"start":{"line":80,"column":25},"end":{"line":80,"column":79}},"24":{"start":{"line":81,"column":23},"end":{"line":81,"column":50}},"25":{"start":{"line":83,"column":6},"end":{"line":86,"column":7}},"26":{"start":{"line":84,"column":8},"end":{"line":84,"column":57}},"27":{"start":{"line":85,"column":8},"end":{"line":85,"column":15}},"28":{"start":{"line":89,"column":20},"end":{"line":89,"column":41}},"29":{"start":{"line":90,"column":28},"end":{"line":90,"column":56}},"30":{"start":{"line":92,"column":6},"end":{"line":95,"column":7}},"31":{"start":{"line":93,"column":8},"end":{"line":93,"column":104}},"32":{"start":{"line":94,"column":8},"end":{"line":94,"column":15}},"33":{"start":{"line":98,"column":20},"end":{"line":98,"column":53}},"34":{"start":{"line":102,"column":30},"end":{"line":102,"column":92}},"35":{"start":{"line":103,"column":6},"end":{"line":110,"column":7}},"36":{"start":{"line":104,"column":8},"end":{"line":108,"column":11}},"37":{"start":{"line":109,"column":8},"end":{"line":109,"column":56}},"38":{"start":{"line":112,"column":55},"end":{"line":112,"column":70}},"39":{"start":{"line":115,"column":19},"end":{"line":115,"column":35}},"40":{"start":{"line":118,"column":24},"end":{"line":118,"column":44}},"41":{"start":{"line":121,"column":6},"end":{"line":128,"column":7}},"42":{"start":{"line":122,"column":8},"end":{"line":126,"column":11}},"43":{"start":{"line":127,"column":8},"end":{"line":127,"column":82}},"44":{"start":{"line":131,"column":23},"end":{"line":131,"column":49}},"45":{"start":{"line":134,"column":20},"end":{"line":134,"column":105}},"46":{"start":{"line":135,"column":26},"end":{"line":135,"column":115}},"47":{"start":{"line":136,"column":18},"end":{"line":136,"column":46}},"48":{"start":{"line":139,"column":20},"end":{"line":149,"column":7}},"49":{"start":{"line":151,"column":6},"end":{"line":151,"column":29}},"50":{"start":{"line":154,"column":6},"end":{"line":154,"column":99}},"51":{"start":{"line":162,"column":23},"end":{"line":162,"column":77}},"52":{"start":{"line":164,"column":4},"end":{"line":167,"column":5}},"53":{"start":{"line":165,"column":6},"end":{"line":165,"column":70}},"54":{"start":{"line":166,"column":6},"end":{"line":166,"column":13}},"55":{"start":{"line":170,"column":18},"end":{"line":171,"column":43}},"56":{"start":{"line":171,"column":22},"end":{"line":171,"column":42}},"57":{"start":{"line":174,"column":22},"end":{"line":174,"column":46}},"58":{"start":{"line":175,"column":4},"end":{"line":178,"column":5}},"59":{"start":{"line":176,"column":6},"end":{"line":176,"column":111}},"60":{"start":{"line":177,"column":6},"end":{"line":177,"column":30}},"61":{"start":{"line":181,"column":18},"end":{"line":181,"column":58}},"62":{"start":{"line":182,"column":4},"end":{"line":185,"column":7}},"63":{"start":{"line":188,"column":4},"end":{"line":188,"column":76}},"64":{"start":{"line":188,"column":40},"end":{"line":188,"column":73}},"65":{"start":{"line":188,"column":52},"end":{"line":188,"column":72}},"66":{"start":{"line":190,"column":4},"end":{"line":190,"column":84}},"67":{"start":{"line":197,"column":4},"end":{"line":219,"column":5}},"68":{"start":{"line":198,"column":24},"end":{"line":198,"column":77}},"69":{"start":{"line":199,"column":24},"end":{"line":199,"column":65}},"70":{"start":{"line":202,"column":6},"end":{"line":204,"column":7}},"71":{"start":{"line":203,"column":8},"end":{"line":203,"column":53}},"72":{"start":{"line":206,"column":24},"end":{"line":211,"column":7}},"73":{"start":{"line":214,"column":6},"end":{"line":214,"column":78}},"74":{"start":{"line":215,"column":6},"end":{"line":215,"column":97}},"75":{"start":{"line":217,"column":6},"end":{"line":217,"column":101}},"76":{"start":{"line":218,"column":6},"end":{"line":218,"column":18}},"77":{"start":{"line":223,"column":0},"end":{"line":223,"column":31}}},"fnMap":{"0":{"name":"(anonymous_0)","decl":{"start":{"line":33,"column":2},"end":{"line":33,"column":3}},"loc":{"start":{"line":33,"column":31},"end":{"line":38,"column":3}},"line":33},"1":{"name":"(anonymous_1)","decl":{"start":{"line":43,"column":2},"end":{"line":43,"column":3}},"loc":{"start":{"line":43,"column":18},"end":{"line":48,"column":3}},"line":43},"2":{"name":"(anonymous_2)","decl":{"start":{"line":53,"column":2},"end":{"line":53,"column":3}},"loc":{"start":{"line":53,"column":24},"end":{"line":66,"column":3}},"line":53},"3":{"name":"(anonymous_3)","decl":{"start":{"line":72,"column":2},"end":{"line":72,"column":3}},"loc":{"start":{"line":72,"column":24},"end":{"line":156,"column":3}},"line":72},"4":{"name":"(anonymous_4)","decl":{"start":{"line":161,"column":2},"end":{"line":161,"column":3}},"loc":{"start":{"line":161,"column":19},"end":{"line":191,"column":3}},"line":161},"5":{"name":"(anonymous_5)","decl":{"start":{"line":171,"column":14},"end":{"line":171,"column":15}},"loc":{"start":{"line":171,"column":22},"end":{"line":171,"column":42}},"line":171},"6":{"name":"(anonymous_6)","decl":{"start":{"line":188,"column":32},"end":{"line":188,"column":33}},"loc":{"start":{"line":188,"column":40},"end":{"line":188,"column":73}},"line":188},"7":{"name":"(anonymous_7)","decl":{"start":{"line":188,"column":46},"end":{"line":188,"column":47}},"loc":{"start":{"line":188,"column":52},"end":{"line":188,"column":72}},"line":188},"8":{"name":"(anonymous_8)","decl":{"start":{"line":196,"column":2},"end":{"line":196,"column":3}},"loc":{"start":{"line":196,"column":9},"end":{"line":220,"column":3}},"line":196}},"branchMap":{"0":{"loc":{"start":{"line":60,"column":6},"end":{"line":62,"column":7}},"type":"if","locations":[{"start":{"line":60,"column":6},"end":{"line":62,"column":7}},{"start":{},"end":{}}],"line":60},"1":{"loc":{"start":{"line":74,"column":4},"end":{"line":77,"column":5}},"type":"if","locations":[{"start":{"line":74,"column":4},"end":{"line":77,"column":5}},{"start":{},"end":{}}],"line":74},"2":{"loc":{"start":{"line":74,"column":8},"end":{"line":74,"column":41}},"type":"binary-expr","locations":[{"start":{"line":74,"column":8},"end":{"line":74,"column":13}},{"start":{"line":74,"column":17},"end":{"line":74,"column":41}}],"line":74},"3":{"loc":{"start":{"line":83,"column":6},"end":{"line":86,"column":7}},"type":"if","locations":[{"start":{"line":83,"column":6},"end":{"line":86,"column":7}},{"start":{},"end":{}}],"line":83},"4":{"loc":{"start":{"line":92,"column":6},"end":{"line":95,"column":7}},"type":"if","locations":[{"start":{"line":92,"column":6},"end":{"line":95,"column":7}},{"start":{},"end":{}}],"line":92},"5":{"loc":{"start":{"line":103,"column":6},"end":{"line":110,"column":7}},"type":"if","locations":[{"start":{"line":103,"column":6},"end":{"line":110,"column":7}},{"start":{},"end":{}}],"line":103},"6":{"loc":{"start":{"line":121,"column":6},"end":{"line":128,"column":7}},"type":"if","locations":[{"start":{"line":121,"column":6},"end":{"line":128,"column":7}},{"start":{},"end":{}}],"line":121},"7":{"loc":{"start":{"line":134,"column":27},"end":{"line":134,"column":58}},"type":"binary-expr","locations":[{"start":{"line":134,"column":27},"end":{"line":134,"column":44}},{"start":{"line":134,"column":48},"end":{"line":134,"column":58}}],"line":134},"8":{"loc":{"start":{"line":135,"column":33},"end":{"line":135,"column":62}},"type":"binary-expr","locations":[{"start":{"line":135,"column":33},"end":{"line":135,"column":56}},{"start":{"line":135,"column":60},"end":{"line":135,"column":62}}],"line":135},"9":{"loc":{"start":{"line":146,"column":18},"end":{"line":148,"column":14}},"type":"cond-expr","locations":[{"start":{"line":147,"column":12},"end":{"line":147,"column":70}},{"start":{"line":148,"column":12},"end":{"line":148,"column":14}}],"line":146},"10":{"loc":{"start":{"line":164,"column":4},"end":{"line":167,"column":5}},"type":"if","locations":[{"start":{"line":164,"column":4},"end":{"line":167,"column":5}},{"start":{},"end":{}}],"line":164},"11":{"loc":{"start":{"line":175,"column":4},"end":{"line":178,"column":5}},"type":"if","locations":[{"start":{"line":175,"column":4},"end":{"line":178,"column":5}},{"start":{},"end":{}}],"line":175},"12":{"loc":{"start":{"line":202,"column":6},"end":{"line":204,"column":7}},"type":"if","locations":[{"start":{"line":202,"column":6},"end":{"line":204,"column":7}},{"start":{},"end":{}}],"line":202}},"s":{"0":0,"1":0,"2":0,"3":0,"4":0,"5":0,"6":0,"7":0,"8":0,"9":0,"10":0,"11":0,"12":0,"13":0,"14":0,"15":0,"16":0,"17":0,"18":0,"19":0,"20":0,"21":0,"22":0,"23":0,"24":0,"25":0,"26":0,"27":0,"28":0,"29":0,"30":0,"31":0,"32":0,"33":0,"34":0,"35":0,"36":0,"37":0,"38":0,"39":0,"40":0,"41":0,"42":0,"43":0,"44":0,"45":0,"46":0,"47":0,"48":0,"49":0,"50":0,"51":0,"52":0,"53":0,"54":0,"55":0,"56":0,"57":0,"58":0,"59":0,"60":0,"61":0,"62":0,"63":0,"64":0,"65":0,"66":0,"67":0,"68":0,"69":0,"70":0,"71":0,"72":0,"73":0,"74":0,"75":0,"76":0,"77":0},"f":{"0":0,"1":0,"2":0,"3":0,"4":0,"5":0,"6":0,"7":0,"8":0},"b":{"0":[0,0],"1":[0,0],"2":[0,0],"3":[0,0],"4":[0,0],"5":[0,0],"6":[0,0],"7":[0,0],"8":[0,0],"9":[0,0],"10":[0,0],"11":[0,0],"12":[0,0]}}
,"C:\\Users\\agior\\Desktop\\GitHub\\chiron\\builder\\template-engine.js": {"path":"C:\\Users\\agior\\Desktop\\GitHub\\chiron\\builder\\template-engine.js","statementMap":{"0":{"start":{"line":9,"column":11},"end":{"line":9,"column":24}},"1":{"start":{"line":10,"column":13},"end":{"line":10,"column":28}},"2":{"start":{"line":11,"column":19},"end":{"line":11,"column":38}},"3":{"start":{"line":12,"column":36},"end":{"line":12,"column":65}},"4":{"start":{"line":13,"column":34},"end":{"line":13,"column":69}},"5":{"start":{"line":14,"column":13},"end":{"line":14,"column":42}},"6":{"start":{"line":17,"column":24},"end":{"line":19,"column":1}},"7":{"start":{"line":23,"column":4},"end":{"line":23,"column":25}},"8":{"start":{"line":24,"column":4},"end":{"line":24,"column":27}},"9":{"start":{"line":25,"column":4},"end":{"line":25,"column":50}},"10":{"start":{"line":26,"column":4},"end":{"line":26,"column":28}},"11":{"start":{"line":27,"column":4},"end":{"line":27,"column":55}},"12":{"start":{"line":28,"column":4},"end":{"line":28,"column":24}},"13":{"start":{"line":29,"column":4},"end":{"line":29,"column":49}},"14":{"start":{"line":38,"column":4},"end":{"line":38,"column":27}},"15":{"start":{"line":38,"column":16},"end":{"line":38,"column":26}},"16":{"start":{"line":39,"column":4},"end":{"line":44,"column":31}},"17":{"start":{"line":53,"column":4},"end":{"line":53,"column":54}},"18":{"start":{"line":53,"column":42},"end":{"line":53,"column":53}},"19":{"start":{"line":55,"column":20},"end":{"line":55,"column":30}},"20":{"start":{"line":58,"column":31},"end":{"line":58,"column":77}},"21":{"start":{"line":59,"column":21},"end":{"line":59,"column":42}},"22":{"start":{"line":61,"column":4},"end":{"line":64,"column":5}},"23":{"start":{"line":61,"column":41},"end":{"line":61,"column":67}},"24":{"start":{"line":62,"column":6},"end":{"line":62,"column":57}},"25":{"start":{"line":63,"column":6},"end":{"line":63,"column":17}},"26":{"start":{"line":67,"column":4},"end":{"line":77,"column":5}},"27":{"start":{"line":74,"column":6},"end":{"line":76,"column":33}},"28":{"start":{"line":80,"column":4},"end":{"line":82,"column":31}},"29":{"start":{"line":102,"column":4},"end":{"line":104,"column":5}},"30":{"start":{"line":103,"column":6},"end":{"line":103,"column":66}},"31":{"start":{"line":107,"column":4},"end":{"line":116,"column":5}},"32":{"start":{"line":111,"column":6},"end":{"line":114,"column":9}},"33":{"start":{"line":115,"column":6},"end":{"line":115,"column":64}},"34":{"start":{"line":119,"column":4},"end":{"line":121,"column":5}},"35":{"start":{"line":120,"column":6},"end":{"line":120,"column":80}},"36":{"start":{"line":125,"column":31},"end":{"line":125,"column":91}},"37":{"start":{"line":126,"column":31},"end":{"line":126,"column":88}},"38":{"start":{"line":128,"column":4},"end":{"line":145,"column":5}},"39":{"start":{"line":129,"column":6},"end":{"line":129,"column":40}},"40":{"start":{"line":131,"column":34},"end":{"line":135,"column":7}},"41":{"start":{"line":136,"column":6},"end":{"line":144,"column":7}},"42":{"start":{"line":137,"column":8},"end":{"line":137,"column":43}},"43":{"start":{"line":139,"column":8},"end":{"line":143,"column":10}},"44":{"start":{"line":148,"column":4},"end":{"line":193,"column":5}},"45":{"start":{"line":149,"column":26},"end":{"line":149,"column":58}},"46":{"start":{"line":152,"column":6},"end":{"line":192,"column":7}},"47":{"start":{"line":153,"column":8},"end":{"line":191,"column":9}},"48":{"start":{"line":154,"column":24},"end":{"line":154,"column":49}},"49":{"start":{"line":155,"column":31},"end":{"line":155,"column":44}},"50":{"start":{"line":158,"column":10},"end":{"line":179,"column":11}},"51":{"start":{"line":160,"column":26},"end":{"line":160,"column":62}},"52":{"start":{"line":161,"column":12},"end":{"line":164,"column":13}},"53":{"start":{"line":162,"column":14},"end":{"line":162,"column":46}},"54":{"start":{"line":163,"column":14},"end":{"line":163,"column":48}},"55":{"start":{"line":165,"column":12},"end":{"line":165,"column":78}},"56":{"start":{"line":166,"column":12},"end":{"line":166,"column":39}},"57":{"start":{"line":169,"column":12},"end":{"line":173,"column":15}},"58":{"start":{"line":174,"column":12},"end":{"line":174,"column":52}},"59":{"start":{"line":175,"column":26},"end":{"line":175,"column":62}},"60":{"start":{"line":176,"column":12},"end":{"line":178,"column":13}},"61":{"start":{"line":177,"column":14},"end":{"line":177,"column":46}},"62":{"start":{"line":182,"column":10},"end":{"line":185,"column":13}},"63":{"start":{"line":186,"column":10},"end":{"line":186,"column":50}},"64":{"start":{"line":187,"column":24},"end":{"line":187,"column":60}},"65":{"start":{"line":188,"column":10},"end":{"line":190,"column":11}},"66":{"start":{"line":189,"column":12},"end":{"line":189,"column":44}},"67":{"start":{"line":197,"column":4},"end":{"line":213,"column":5}},"68":{"start":{"line":198,"column":6},"end":{"line":202,"column":9}},"69":{"start":{"line":204,"column":23},"end":{"line":204,"column":66}},"70":{"start":{"line":205,"column":6},"end":{"line":211,"column":7}},"71":{"start":{"line":206,"column":22},"end":{"line":206,"column":53}},"72":{"start":{"line":207,"column":8},"end":{"line":207,"column":66}},"73":{"start":{"line":210,"column":8},"end":{"line":210,"column":63}},"74":{"start":{"line":212,"column":6},"end":{"line":212,"column":22}},"75":{"start":{"line":217,"column":24},"end":{"line":221,"column":5}},"76":{"start":{"line":223,"column":4},"end":{"line":238,"column":5}},"77":{"start":{"line":224,"column":6},"end":{"line":228,"column":9}},"78":{"start":{"line":230,"column":23},"end":{"line":230,"column":59}},"79":{"start":{"line":231,"column":6},"end":{"line":236,"column":7}},"80":{"start":{"line":232,"column":22},"end":{"line":232,"column":46}},"81":{"start":{"line":233,"column":8},"end":{"line":233,"column":66}},"82":{"start":{"line":235,"column":8},"end":{"line":235,"column":63}},"83":{"start":{"line":237,"column":6},"end":{"line":237,"column":22}},"84":{"start":{"line":241,"column":24},"end":{"line":245,"column":5}},"85":{"start":{"line":247,"column":4},"end":{"line":262,"column":5}},"86":{"start":{"line":248,"column":6},"end":{"line":252,"column":9}},"87":{"start":{"line":254,"column":23},"end":{"line":254,"column":59}},"88":{"start":{"line":255,"column":6},"end":{"line":260,"column":7}},"89":{"start":{"line":256,"column":22},"end":{"line":256,"column":46}},"90":{"start":{"line":257,"column":8},"end":{"line":257,"column":66}},"91":{"start":{"line":259,"column":8},"end":{"line":259,"column":63}},"92":{"start":{"line":261,"column":6},"end":{"line":261,"column":22}},"93":{"start":{"line":265,"column":4},"end":{"line":272,"column":7}},"94":{"start":{"line":274,"column":4},"end":{"line":280,"column":6}},"95":{"start":{"line":292,"column":4},"end":{"line":296,"column":5}},"96":{"start":{"line":293,"column":24},"end":{"line":293,"column":46}},"97":{"start":{"line":294,"column":6},"end":{"line":294,"column":43}},"98":{"start":{"line":295,"column":6},"end":{"line":295,"column":80}},"99":{"start":{"line":299,"column":4},"end":{"line":302,"column":6}},"100":{"start":{"line":303,"column":4},"end":{"line":303,"column":38}},"101":{"start":{"line":305,"column":4},"end":{"line":310,"column":7}},"102":{"start":{"line":321,"column":4},"end":{"line":324,"column":5}},"103":{"start":{"line":322,"column":6},"end":{"line":322,"column":60}},"104":{"start":{"line":323,"column":6},"end":{"line":323,"column":16}},"105":{"start":{"line":326,"column":4},"end":{"line":397,"column":34}},"106":{"start":{"line":327,"column":6},"end":{"line":330,"column":7}},"107":{"start":{"line":328,"column":8},"end":{"line":328,"column":62}},"108":{"start":{"line":329,"column":8},"end":{"line":329,"column":18}},"109":{"start":{"line":332,"column":6},"end":{"line":395,"column":7}},"110":{"start":{"line":334,"column":8},"end":{"line":337,"column":9}},"111":{"start":{"line":335,"column":10},"end":{"line":335,"column":87}},"112":{"start":{"line":336,"column":10},"end":{"line":336,"column":20}},"113":{"start":{"line":340,"column":30},"end":{"line":340,"column":55}},"114":{"start":{"line":341,"column":28},"end":{"line":341,"column":54}},"115":{"start":{"line":342,"column":27},"end":{"line":342,"column":61}},"116":{"start":{"line":345,"column":26},"end":{"line":366,"column":45}},"117":{"start":{"line":346,"column":10},"end":{"line":348,"column":11}},"118":{"start":{"line":347,"column":12},"end":{"line":347,"column":22}},"119":{"start":{"line":353,"column":10},"end":{"line":358,"column":11}},"120":{"start":{"line":354,"column":29},"end":{"line":354,"column":55}},"121":{"start":{"line":355,"column":12},"end":{"line":355,"column":40}},"122":{"start":{"line":357,"column":12},"end":{"line":357,"column":55}},"123":{"start":{"line":360,"column":24},"end":{"line":360,"column":68}},"124":{"start":{"line":361,"column":27},"end":{"line":361,"column":52}},"125":{"start":{"line":362,"column":30},"end":{"line":362,"column":55}},"126":{"start":{"line":363,"column":27},"end":{"line":363,"column":95}},"127":{"start":{"line":365,"column":10},"end":{"line":365,"column":100}},"128":{"start":{"line":368,"column":29},"end":{"line":368,"column":58}},"129":{"start":{"line":371,"column":8},"end":{"line":394,"column":9}},"130":{"start":{"line":372,"column":32},"end":{"line":372,"column":61}},"131":{"start":{"line":373,"column":31},"end":{"line":373,"column":60}},"132":{"start":{"line":375,"column":10},"end":{"line":385,"column":24}},"133":{"start":{"line":388,"column":10},"end":{"line":393,"column":24}},"134":{"start":{"line":396,"column":6},"end":{"line":396,"column":16}},"135":{"start":{"line":409,"column":24},"end":{"line":409,"column":58}},"136":{"start":{"line":411,"column":4},"end":{"line":417,"column":7}},"137":{"start":{"line":420,"column":25},"end":{"line":420,"column":71}},"138":{"start":{"line":422,"column":4},"end":{"line":436,"column":5}},"139":{"start":{"line":423,"column":6},"end":{"line":426,"column":9}},"140":{"start":{"line":429,"column":29},"end":{"line":429,"column":69}},"141":{"start":{"line":430,"column":6},"end":{"line":433,"column":7}},"142":{"start":{"line":431,"column":8},"end":{"line":431,"column":71}},"143":{"start":{"line":432,"column":8},"end":{"line":432,"column":18}},"144":{"start":{"line":435,"column":6},"end":{"line":435,"column":72}},"145":{"start":{"line":438,"column":4},"end":{"line":442,"column":7}},"146":{"start":{"line":444,"column":4},"end":{"line":444,"column":68}},"147":{"start":{"line":451,"column":24},"end":{"line":451,"column":60}},"148":{"start":{"line":453,"column":4},"end":{"line":455,"column":5}},"149":{"start":{"line":454,"column":6},"end":{"line":454,"column":16}},"150":{"start":{"line":457,"column":4},"end":{"line":467,"column":38}},"151":{"start":{"line":458,"column":6},"end":{"line":460,"column":7}},"152":{"start":{"line":459,"column":8},"end":{"line":459,"column":18}},"153":{"start":{"line":462,"column":18},"end":{"line":462,"column":51}},"154":{"start":{"line":463,"column":20},"end":{"line":463,"column":61}},"155":{"start":{"line":464,"column":21},"end":{"line":464,"column":86}},"156":{"start":{"line":466,"column":6},"end":{"line":466,"column":54}},"157":{"start":{"line":477,"column":4},"end":{"line":479,"column":5}},"158":{"start":{"line":478,"column":6},"end":{"line":478,"column":16}},"159":{"start":{"line":481,"column":28},"end":{"line":481,"column":73}},"160":{"start":{"line":482,"column":23},"end":{"line":482,"column":61}},"161":{"start":{"line":485,"column":30},"end":{"line":496,"column":41}},"162":{"start":{"line":486,"column":6},"end":{"line":488,"column":7}},"163":{"start":{"line":487,"column":8},"end":{"line":487,"column":18}},"164":{"start":{"line":490,"column":18},"end":{"line":490,"column":51}},"165":{"start":{"line":491,"column":20},"end":{"line":491,"column":61}},"166":{"start":{"line":492,"column":21},"end":{"line":492,"column":86}},"167":{"start":{"line":494,"column":6},"end":{"line":495,"column":65}},"168":{"start":{"line":499,"column":4},"end":{"line":506,"column":5}},"169":{"start":{"line":500,"column":6},"end":{"line":505,"column":24}},"170":{"start":{"line":510,"column":25},"end":{"line":510,"column":75}},"171":{"start":{"line":511,"column":22},"end":{"line":511,"column":56}},"172":{"start":{"line":514,"column":24},"end":{"line":514,"column":26}},"173":{"start":{"line":517,"column":4},"end":{"line":518,"column":65}},"174":{"start":{"line":526,"column":4},"end":{"line":558,"column":5}},"175":{"start":{"line":527,"column":28},"end":{"line":527,"column":30}},"176":{"start":{"line":529,"column":6},"end":{"line":557,"column":7}},"177":{"start":{"line":529,"column":19},"end":{"line":529,"column":20}},"178":{"start":{"line":530,"column":21},"end":{"line":530,"column":33}},"179":{"start":{"line":531,"column":8},"end":{"line":531,"column":53}},"180":{"start":{"line":534,"column":28},"end":{"line":537,"column":20}},"181":{"start":{"line":536,"column":23},"end":{"line":536,"column":67}},"182":{"start":{"line":541,"column":19},"end":{"line":541,"column":32}},"183":{"start":{"line":542,"column":21},"end":{"line":542,"column":36}},"184":{"start":{"line":543,"column":27},"end":{"line":543,"column":81}},"185":{"start":{"line":544,"column":31},"end":{"line":544,"column":81}},"186":{"start":{"line":545,"column":28},"end":{"line":545,"column":57}},"187":{"start":{"line":548,"column":8},"end":{"line":556,"column":9}},"188":{"start":{"line":549,"column":31},"end":{"line":549,"column":75}},"189":{"start":{"line":550,"column":10},"end":{"line":551,"column":65}},"190":{"start":{"line":554,"column":10},"end":{"line":555,"column":65}},"191":{"start":{"line":561,"column":22},"end":{"line":561,"column":71}},"192":{"start":{"line":562,"column":4},"end":{"line":562,"column":97}},"193":{"start":{"line":564,"column":4},"end":{"line":569,"column":24}},"194":{"start":{"line":595,"column":21},"end":{"line":595,"column":28}},"195":{"start":{"line":599,"column":4},"end":{"line":607,"column":5}},"196":{"start":{"line":600,"column":24},"end":{"line":600,"column":48}},"197":{"start":{"line":601,"column":6},"end":{"line":605,"column":9}},"198":{"start":{"line":606,"column":6},"end":{"line":606,"column":23}},"199":{"start":{"line":612,"column":24},"end":{"line":612,"column":49}},"200":{"start":{"line":613,"column":36},"end":{"line":613,"column":78}},"201":{"start":{"line":615,"column":4},"end":{"line":624,"column":5}},"202":{"start":{"line":616,"column":24},"end":{"line":616,"column":69}},"203":{"start":{"line":617,"column":6},"end":{"line":622,"column":9}},"204":{"start":{"line":623,"column":6},"end":{"line":623,"column":23}},"205":{"start":{"line":628,"column":26},"end":{"line":628,"column":78}},"206":{"start":{"line":629,"column":4},"end":{"line":633,"column":7}},"207":{"start":{"line":635,"column":4},"end":{"line":635,"column":25}},"208":{"start":{"line":646,"column":21},"end":{"line":646,"column":28}},"209":{"start":{"line":649,"column":4},"end":{"line":671,"column":5}},"210":{"start":{"line":650,"column":21},"end":{"line":650,"column":23}},"211":{"start":{"line":652,"column":6},"end":{"line":659,"column":7}},"212":{"start":{"line":654,"column":25},"end":{"line":654,"column":48}},"213":{"start":{"line":655,"column":8},"end":{"line":658,"column":10}},"214":{"start":{"line":661,"column":6},"end":{"line":668,"column":7}},"215":{"start":{"line":663,"column":25},"end":{"line":663,"column":48}},"216":{"start":{"line":664,"column":8},"end":{"line":667,"column":10}},"217":{"start":{"line":670,"column":6},"end":{"line":670,"column":20}},"218":{"start":{"line":675,"column":24},"end":{"line":675,"column":49}},"219":{"start":{"line":676,"column":20},"end":{"line":676,"column":67}},"220":{"start":{"line":678,"column":4},"end":{"line":680,"column":5}},"221":{"start":{"line":679,"column":6},"end":{"line":679,"column":16}},"222":{"start":{"line":683,"column":22},"end":{"line":683,"column":55}},"223":{"start":{"line":686,"column":24},"end":{"line":686,"column":58}},"224":{"start":{"line":687,"column":25},"end":{"line":695,"column":6}},"225":{"start":{"line":688,"column":6},"end":{"line":690,"column":7}},"226":{"start":{"line":689,"column":8},"end":{"line":689,"column":21}},"227":{"start":{"line":692,"column":23},"end":{"line":692,"column":43}},"228":{"start":{"line":693,"column":32},"end":{"line":693,"column":54}},"229":{"start":{"line":694,"column":6},"end":{"line":694,"column":44}},"230":{"start":{"line":697,"column":4},"end":{"line":700,"column":5}},"231":{"start":{"line":699,"column":6},"end":{"line":699,"column":16}},"232":{"start":{"line":702,"column":19},"end":{"line":702,"column":21}},"233":{"start":{"line":705,"column":4},"end":{"line":714,"column":5}},"234":{"start":{"line":706,"column":23},"end":{"line":706,"column":50}},"235":{"start":{"line":707,"column":6},"end":{"line":713,"column":7}},"236":{"start":{"line":708,"column":25},"end":{"line":708,"column":52}},"237":{"start":{"line":709,"column":8},"end":{"line":712,"column":10}},"238":{"start":{"line":717,"column":4},"end":{"line":726,"column":5}},"239":{"start":{"line":718,"column":23},"end":{"line":718,"column":50}},"240":{"start":{"line":719,"column":6},"end":{"line":725,"column":7}},"241":{"start":{"line":720,"column":25},"end":{"line":720,"column":52}},"242":{"start":{"line":721,"column":8},"end":{"line":724,"column":10}},"243":{"start":{"line":728,"column":4},"end":{"line":728,"column":18}},"244":{"start":{"line":738,"column":18},"end":{"line":738,"column":20}},"245":{"start":{"line":740,"column":4},"end":{"line":768,"column":5}},"246":{"start":{"line":741,"column":6},"end":{"line":743,"column":7}},"247":{"start":{"line":742,"column":8},"end":{"line":742,"column":17}},"248":{"start":{"line":746,"column":6},"end":{"line":767,"column":7}},"249":{"start":{"line":747,"column":8},"end":{"line":759,"column":9}},"250":{"start":{"line":748,"column":10},"end":{"line":750,"column":11}},"251":{"start":{"line":749,"column":12},"end":{"line":749,"column":21}},"252":{"start":{"line":753,"column":10},"end":{"line":758,"column":11}},"253":{"start":{"line":754,"column":12},"end":{"line":757,"column":15}},"254":{"start":{"line":762,"column":11},"end":{"line":767,"column":7}},"255":{"start":{"line":763,"column":8},"end":{"line":766,"column":11}},"256":{"start":{"line":770,"column":4},"end":{"line":770,"column":17}},"257":{"start":{"line":784,"column":4},"end":{"line":789,"column":5}},"258":{"start":{"line":785,"column":6},"end":{"line":787,"column":9}},"259":{"start":{"line":788,"column":6},"end":{"line":788,"column":16}},"260":{"start":{"line":792,"column":23},"end":{"line":792,"column":66}},"261":{"start":{"line":796,"column":4},"end":{"line":802,"column":5}},"262":{"start":{"line":797,"column":6},"end":{"line":800,"column":9}},"263":{"start":{"line":801,"column":6},"end":{"line":801,"column":16}},"264":{"start":{"line":804,"column":21},"end":{"line":814,"column":47}},"265":{"start":{"line":816,"column":21},"end":{"line":826,"column":47}},"266":{"start":{"line":828,"column":4},"end":{"line":831,"column":20}},"267":{"start":{"line":838,"column":29},"end":{"line":838,"column":40}},"268":{"start":{"line":839,"column":21},"end":{"line":839,"column":28}},"269":{"start":{"line":841,"column":20},"end":{"line":841,"column":55}},"270":{"start":{"line":844,"column":25},"end":{"line":844,"column":71}},"271":{"start":{"line":845,"column":20},"end":{"line":845,"column":48}},"272":{"start":{"line":848,"column":20},"end":{"line":850,"column":33}},"273":{"start":{"line":853,"column":22},"end":{"line":853,"column":49}},"274":{"start":{"line":854,"column":28},"end":{"line":854,"column":61}},"275":{"start":{"line":857,"column":21},"end":{"line":859,"column":20}},"276":{"start":{"line":858,"column":90},"end":{"line":858,"column":98}},"277":{"start":{"line":861,"column":4},"end":{"line":889,"column":46}},"278":{"start":{"line":896,"column":42},"end":{"line":896,"column":53}},"279":{"start":{"line":898,"column":4},"end":{"line":918,"column":15}},"280":{"start":{"line":927,"column":23},"end":{"line":927,"column":60}},"281":{"start":{"line":929,"column":4},"end":{"line":931,"column":5}},"282":{"start":{"line":930,"column":6},"end":{"line":930,"column":16}},"283":{"start":{"line":933,"column":4},"end":{"line":949,"column":54}},"284":{"start":{"line":934,"column":6},"end":{"line":936,"column":7}},"285":{"start":{"line":935,"column":8},"end":{"line":935,"column":18}},"286":{"start":{"line":940,"column":6},"end":{"line":945,"column":7}},"287":{"start":{"line":941,"column":25},"end":{"line":941,"column":48}},"288":{"start":{"line":942,"column":8},"end":{"line":942,"column":36}},"289":{"start":{"line":944,"column":8},"end":{"line":944,"column":48}},"290":{"start":{"line":946,"column":20},"end":{"line":946,"column":61}},"291":{"start":{"line":948,"column":6},"end":{"line":948,"column":71}},"292":{"start":{"line":968,"column":16},"end":{"line":968,"column":39}},"293":{"start":{"line":971,"column":4},"end":{"line":976,"column":5}},"294":{"start":{"line":972,"column":6},"end":{"line":974,"column":9}},"295":{"start":{"line":975,"column":6},"end":{"line":975,"column":16}},"296":{"start":{"line":981,"column":24},"end":{"line":981,"column":60}},"297":{"start":{"line":981,"column":43},"end":{"line":981,"column":59}},"298":{"start":{"line":983,"column":4},"end":{"line":989,"column":5}},"299":{"start":{"line":984,"column":6},"end":{"line":987,"column":9}},"300":{"start":{"line":988,"column":6},"end":{"line":988,"column":16}},"301":{"start":{"line":992,"column":15},"end":{"line":992,"column":71}},"302":{"start":{"line":993,"column":4},"end":{"line":993,"column":58}},"303":{"start":{"line":994,"column":4},"end":{"line":994,"column":40}},"304":{"start":{"line":996,"column":4},"end":{"line":1004,"column":5}},"305":{"start":{"line":997,"column":23},"end":{"line":997,"column":49}},"306":{"start":{"line":998,"column":21},"end":{"line":998,"column":45}},"307":{"start":{"line":999,"column":25},"end":{"line":999,"column":50}},"308":{"start":{"line":1001,"column":6},"end":{"line":1001,"column":58}},"309":{"start":{"line":1002,"column":6},"end":{"line":1002,"column":78}},"310":{"start":{"line":1003,"column":6},"end":{"line":1003,"column":28}},"311":{"start":{"line":1006,"column":4},"end":{"line":1006,"column":24}},"312":{"start":{"line":1007,"column":4},"end":{"line":1007,"column":21}},"313":{"start":{"line":1009,"column":4},"end":{"line":1013,"column":7}},"314":{"start":{"line":1012,"column":47},"end":{"line":1012,"column":54}},"315":{"start":{"line":1015,"column":4},"end":{"line":1015,"column":16}},"316":{"start":{"line":1024,"column":4},"end":{"line":1026,"column":5}},"317":{"start":{"line":1025,"column":6},"end":{"line":1025,"column":16}},"318":{"start":{"line":1028,"column":22},"end":{"line":1028,"column":56}},"319":{"start":{"line":1031,"column":4},"end":{"line":1034,"column":5}},"320":{"start":{"line":1032,"column":6},"end":{"line":1032,"column":102}},"321":{"start":{"line":1033,"column":6},"end":{"line":1033,"column":16}},"322":{"start":{"line":1036,"column":4},"end":{"line":1038,"column":77}},"323":{"start":{"line":1045,"column":4},"end":{"line":1047,"column":5}},"324":{"start":{"line":1046,"column":6},"end":{"line":1046,"column":16}},"325":{"start":{"line":1049,"column":18},"end":{"line":1049,"column":20}},"326":{"start":{"line":1052,"column":4},"end":{"line":1063,"column":5}},"327":{"start":{"line":1053,"column":19},"end":{"line":1053,"column":57}},"328":{"start":{"line":1054,"column":6},"end":{"line":1062,"column":15}},"329":{"start":{"line":1066,"column":4},"end":{"line":1076,"column":5}},"330":{"start":{"line":1067,"column":20},"end":{"line":1067,"column":60}},"331":{"start":{"line":1068,"column":6},"end":{"line":1075,"column":37}},"332":{"start":{"line":1078,"column":4},"end":{"line":1078,"column":19}},"333":{"start":{"line":1089,"column":4},"end":{"line":1091,"column":5}},"334":{"start":{"line":1090,"column":6},"end":{"line":1090,"column":16}},"335":{"start":{"line":1094,"column":4},"end":{"line":1094,"column":82}},"336":{"start":{"line":1105,"column":25},"end":{"line":1105,"column":61}},"337":{"start":{"line":1108,"column":4},"end":{"line":1112,"column":5}},"338":{"start":{"line":1109,"column":6},"end":{"line":1109,"column":91}},"339":{"start":{"line":1110,"column":23},"end":{"line":1110,"column":53}},"340":{"start":{"line":1111,"column":6},"end":{"line":1111,"column":58}},"341":{"start":{"line":1114,"column":4},"end":{"line":1126,"column":5}},"342":{"start":{"line":1115,"column":23},"end":{"line":1115,"column":54}},"343":{"start":{"line":1116,"column":6},"end":{"line":1116,"column":70}},"344":{"start":{"line":1117,"column":6},"end":{"line":1117,"column":58}},"345":{"start":{"line":1120,"column":6},"end":{"line":1123,"column":9}},"346":{"start":{"line":1124,"column":23},"end":{"line":1124,"column":53}},"347":{"start":{"line":1125,"column":6},"end":{"line":1125,"column":58}},"348":{"start":{"line":1143,"column":4},"end":{"line":1149,"column":5}},"349":{"start":{"line":1144,"column":6},"end":{"line":1147,"column":9}},"350":{"start":{"line":1148,"column":6},"end":{"line":1148,"column":16}},"351":{"start":{"line":1152,"column":4},"end":{"line":1154,"column":5}},"352":{"start":{"line":1153,"column":6},"end":{"line":1153,"column":18}},"353":{"start":{"line":1160,"column":23},"end":{"line":1160,"column":42}},"354":{"start":{"line":1162,"column":4},"end":{"line":1166,"column":7}},"355":{"start":{"line":1168,"column":4},"end":{"line":1168,"column":22}},"356":{"start":{"line":1178,"column":61},"end":{"line":1178,"column":72}},"357":{"start":{"line":1182,"column":22},"end":{"line":1182,"column":45}},"358":{"start":{"line":1183,"column":23},"end":{"line":1183,"column":58}},"359":{"start":{"line":1185,"column":4},"end":{"line":1190,"column":7}},"360":{"start":{"line":1193,"column":4},"end":{"line":1193,"column":30}},"361":{"start":{"line":1194,"column":19},"end":{"line":1194,"column":75}},"362":{"start":{"line":1195,"column":26},"end":{"line":1195,"column":61}},"363":{"start":{"line":1196,"column":29},"end":{"line":1196,"column":72}},"364":{"start":{"line":1197,"column":29},"end":{"line":1197,"column":77}},"365":{"start":{"line":1200,"column":25},"end":{"line":1265,"column":5}},"366":{"start":{"line":1268,"column":15},"end":{"line":1268,"column":23}},"367":{"start":{"line":1269,"column":4},"end":{"line":1271,"column":5}},"368":{"start":{"line":1270,"column":6},"end":{"line":1270,"column":63}},"369":{"start":{"line":1273,"column":4},"end":{"line":1273,"column":16}},"370":{"start":{"line":1277,"column":0},"end":{"line":1277,"column":32}}},"fnMap":{"0":{"name":"(anonymous_0)","decl":{"start":{"line":22,"column":2},"end":{"line":22,"column":3}},"loc":{"start":{"line":22,"column":53},"end":{"line":30,"column":3}},"line":22},"1":{"name":"(anonymous_1)","decl":{"start":{"line":37,"column":2},"end":{"line":37,"column":3}},"loc":{"start":{"line":37,"column":19},"end":{"line":45,"column":3}},"line":37},"2":{"name":"(anonymous_2)","decl":{"start":{"line":52,"column":2},"end":{"line":52,"column":3}},"loc":{"start":{"line":52,"column":19},"end":{"line":83,"column":3}},"line":52},"3":{"name":"(anonymous_3)","decl":{"start":{"line":61,"column":32},"end":{"line":61,"column":33}},"loc":{"start":{"line":61,"column":41},"end":{"line":61,"column":67}},"line":61},"4":{"name":"(anonymous_4)","decl":{"start":{"line":99,"column":2},"end":{"line":99,"column":3}},"loc":{"start":{"line":99,"column":29},"end":{"line":281,"column":3}},"line":99},"5":{"name":"(anonymous_5)","decl":{"start":{"line":290,"column":2},"end":{"line":290,"column":3}},"loc":{"start":{"line":290,"column":47},"end":{"line":311,"column":3}},"line":290},"6":{"name":"(anonymous_6)","decl":{"start":{"line":320,"column":2},"end":{"line":320,"column":3}},"loc":{"start":{"line":320,"column":54},"end":{"line":398,"column":3}},"line":320},"7":{"name":"(anonymous_7)","decl":{"start":{"line":326,"column":21},"end":{"line":326,"column":22}},"loc":{"start":{"line":326,"column":29},"end":{"line":397,"column":5}},"line":326},"8":{"name":"(anonymous_8)","decl":{"start":{"line":345,"column":41},"end":{"line":345,"column":42}},"loc":{"start":{"line":345,"column":52},"end":{"line":366,"column":9}},"line":345},"9":{"name":"(anonymous_9)","decl":{"start":{"line":407,"column":2},"end":{"line":407,"column":3}},"loc":{"start":{"line":407,"column":44},"end":{"line":445,"column":3}},"line":407},"10":{"name":"(anonymous_10)","decl":{"start":{"line":450,"column":2},"end":{"line":450,"column":3}},"loc":{"start":{"line":450,"column":20},"end":{"line":468,"column":3}},"line":450},"11":{"name":"(anonymous_11)","decl":{"start":{"line":457,"column":27},"end":{"line":457,"column":28}},"loc":{"start":{"line":457,"column":35},"end":{"line":467,"column":5}},"line":457},"12":{"name":"(anonymous_12)","decl":{"start":{"line":476,"column":2},"end":{"line":476,"column":3}},"loc":{"start":{"line":476,"column":47},"end":{"line":570,"column":3}},"line":476},"13":{"name":"(anonymous_13)","decl":{"start":{"line":485,"column":50},"end":{"line":485,"column":51}},"loc":{"start":{"line":485,"column":58},"end":{"line":496,"column":5}},"line":485},"14":{"name":"(anonymous_14)","decl":{"start":{"line":536,"column":15},"end":{"line":536,"column":16}},"loc":{"start":{"line":536,"column":23},"end":{"line":536,"column":67}},"line":536},"15":{"name":"(anonymous_15)","decl":{"start":{"line":594,"column":2},"end":{"line":594,"column":3}},"loc":{"start":{"line":594,"column":32},"end":{"line":636,"column":3}},"line":594},"16":{"name":"(anonymous_16)","decl":{"start":{"line":645,"column":2},"end":{"line":645,"column":3}},"loc":{"start":{"line":645,"column":48},"end":{"line":729,"column":3}},"line":645},"17":{"name":"(anonymous_17)","decl":{"start":{"line":687,"column":45},"end":{"line":687,"column":46}},"loc":{"start":{"line":687,"column":53},"end":{"line":695,"column":5}},"line":687},"18":{"name":"(anonymous_18)","decl":{"start":{"line":737,"column":2},"end":{"line":737,"column":3}},"loc":{"start":{"line":737,"column":31},"end":{"line":771,"column":3}},"line":737},"19":{"name":"(anonymous_19)","decl":{"start":{"line":781,"column":2},"end":{"line":781,"column":3}},"loc":{"start":{"line":781,"column":47},"end":{"line":832,"column":3}},"line":781},"20":{"name":"(anonymous_20)","decl":{"start":{"line":837,"column":2},"end":{"line":837,"column":3}},"loc":{"start":{"line":837,"column":26},"end":{"line":890,"column":3}},"line":837},"21":{"name":"(anonymous_21)","decl":{"start":{"line":858,"column":85},"end":{"line":858,"column":86}},"loc":{"start":{"line":858,"column":90},"end":{"line":858,"column":98}},"line":858},"22":{"name":"(anonymous_22)","decl":{"start":{"line":895,"column":2},"end":{"line":895,"column":3}},"loc":{"start":{"line":895,"column":33},"end":{"line":919,"column":3}},"line":895},"23":{"name":"(anonymous_23)","decl":{"start":{"line":926,"column":2},"end":{"line":926,"column":3}},"loc":{"start":{"line":926,"column":39},"end":{"line":950,"column":3}},"line":926},"24":{"name":"(anonymous_24)","decl":{"start":{"line":933,"column":26},"end":{"line":933,"column":27}},"loc":{"start":{"line":933,"column":34},"end":{"line":949,"column":5}},"line":933},"25":{"name":"(anonymous_25)","decl":{"start":{"line":967,"column":2},"end":{"line":967,"column":3}},"loc":{"start":{"line":967,"column":33},"end":{"line":1016,"column":3}},"line":967},"26":{"name":"(anonymous_26)","decl":{"start":{"line":981,"column":35},"end":{"line":981,"column":36}},"loc":{"start":{"line":981,"column":43},"end":{"line":981,"column":59}},"line":981},"27":{"name":"(anonymous_27)","decl":{"start":{"line":1012,"column":42},"end":{"line":1012,"column":43}},"loc":{"start":{"line":1012,"column":47},"end":{"line":1012,"column":54}},"line":1012},"28":{"name":"(anonymous_28)","decl":{"start":{"line":1022,"column":2},"end":{"line":1022,"column":3}},"loc":{"start":{"line":1022,"column":21},"end":{"line":1039,"column":3}},"line":1022},"29":{"name":"(anonymous_29)","decl":{"start":{"line":1044,"column":2},"end":{"line":1044,"column":3}},"loc":{"start":{"line":1044,"column":20},"end":{"line":1079,"column":3}},"line":1044},"30":{"name":"(anonymous_30)","decl":{"start":{"line":1087,"column":2},"end":{"line":1087,"column":3}},"loc":{"start":{"line":1087,"column":30},"end":{"line":1095,"column":3}},"line":1087},"31":{"name":"(anonymous_31)","decl":{"start":{"line":1103,"column":2},"end":{"line":1103,"column":3}},"loc":{"start":{"line":1103,"column":24},"end":{"line":1127,"column":3}},"line":1103},"32":{"name":"(anonymous_32)","decl":{"start":{"line":1141,"column":2},"end":{"line":1141,"column":3}},"loc":{"start":{"line":1141,"column":29},"end":{"line":1169,"column":3}},"line":1141},"33":{"name":"(anonymous_33)","decl":{"start":{"line":1177,"column":2},"end":{"line":1177,"column":3}},"loc":{"start":{"line":1177,"column":42},"end":{"line":1274,"column":3}},"line":1177}},"branchMap":{"0":{"loc":{"start":{"line":22,"column":31},"end":{"line":22,"column":51}},"type":"default-arg","locations":[{"start":{"line":22,"column":47},"end":{"line":22,"column":51}}],"line":22},"1":{"loc":{"start":{"line":25,"column":25},"end":{"line":25,"column":49}},"type":"binary-expr","locations":[{"start":{"line":25,"column":25},"end":{"line":25,"column":38}},{"start":{"line":25,"column":42},"end":{"line":25,"column":49}}],"line":25},"2":{"loc":{"start":{"line":38,"column":4},"end":{"line":38,"column":27}},"type":"if","locations":[{"start":{"line":38,"column":4},"end":{"line":38,"column":27}},{"start":{},"end":{}}],"line":38},"3":{"loc":{"start":{"line":53,"column":4},"end":{"line":53,"column":54}},"type":"if","locations":[{"start":{"line":53,"column":4},"end":{"line":53,"column":54}},{"start":{},"end":{}}],"line":53},"4":{"loc":{"start":{"line":53,"column":8},"end":{"line":53,"column":39}},"type":"binary-expr","locations":[{"start":{"line":53,"column":8},"end":{"line":53,"column":12}},{"start":{"line":53,"column":16},"end":{"line":53,"column":39}}],"line":53},"5":{"loc":{"start":{"line":61,"column":4},"end":{"line":64,"column":5}},"type":"if","locations":[{"start":{"line":61,"column":4},"end":{"line":64,"column":5}},{"start":{},"end":{}}],"line":61},"6":{"loc":{"start":{"line":67,"column":4},"end":{"line":77,"column":5}},"type":"if","locations":[{"start":{"line":67,"column":4},"end":{"line":77,"column":5}},{"start":{},"end":{}}],"line":67},"7":{"loc":{"start":{"line":67,"column":8},"end":{"line":72,"column":38}},"type":"binary-expr","locations":[{"start":{"line":67,"column":8},"end":{"line":67,"column":31}},{"start":{"line":68,"column":8},"end":{"line":68,"column":31}},{"start":{"line":69,"column":8},"end":{"line":69,"column":32}},{"start":{"line":70,"column":8},"end":{"line":70,"column":33}},{"start":{"line":71,"column":8},"end":{"line":71,"column":37}},{"start":{"line":72,"column":8},"end":{"line":72,"column":38}}],"line":67},"8":{"loc":{"start":{"line":102,"column":4},"end":{"line":104,"column":5}},"type":"if","locations":[{"start":{"line":102,"column":4},"end":{"line":104,"column":5}},{"start":{},"end":{}}],"line":102},"9":{"loc":{"start":{"line":102,"column":8},"end":{"line":102,"column":57}},"type":"binary-expr","locations":[{"start":{"line":102,"column":8},"end":{"line":102,"column":21}},{"start":{"line":102,"column":25},"end":{"line":102,"column":57}}],"line":102},"10":{"loc":{"start":{"line":107,"column":4},"end":{"line":116,"column":5}},"type":"if","locations":[{"start":{"line":107,"column":4},"end":{"line":116,"column":5}},{"start":{},"end":{}}],"line":107},"11":{"loc":{"start":{"line":107,"column":8},"end":{"line":110,"column":35}},"type":"binary-expr","locations":[{"start":{"line":107,"column":8},"end":{"line":107,"column":35}},{"start":{"line":108,"column":8},"end":{"line":108,"column":34}},{"start":{"line":109,"column":8},"end":{"line":109,"column":35}},{"start":{"line":110,"column":8},"end":{"line":110,"column":35}}],"line":107},"12":{"loc":{"start":{"line":119,"column":4},"end":{"line":121,"column":5}},"type":"if","locations":[{"start":{"line":119,"column":4},"end":{"line":121,"column":5}},{"start":{},"end":{}}],"line":119},"13":{"loc":{"start":{"line":125,"column":31},"end":{"line":125,"column":91}},"type":"binary-expr","locations":[{"start":{"line":125,"column":31},"end":{"line":125,"column":69}},{"start":{"line":125,"column":73},"end":{"line":125,"column":91}}],"line":125},"14":{"loc":{"start":{"line":128,"column":4},"end":{"line":145,"column":5}},"type":"if","locations":[{"start":{"line":128,"column":4},"end":{"line":145,"column":5}},{"start":{"line":130,"column":11},"end":{"line":145,"column":5}}],"line":128},"15":{"loc":{"start":{"line":136,"column":6},"end":{"line":144,"column":7}}
[...]
:75},"end":{"line":228,"column":3}},"line":210},"12":{"name":"(anonymous_12)","decl":{"start":{"line":234,"column":2},"end":{"line":234,"column":3}},"loc":{"start":{"line":234,"column":24},"end":{"line":258,"column":3}},"line":234},"13":{"name":"(anonymous_13)","decl":{"start":{"line":241,"column":41},"end":{"line":241,"column":42}},"loc":{"start":{"line":241,"column":50},"end":{"line":241,"column":69}},"line":241},"14":{"name":"(anonymous_14)","decl":{"start":{"line":247,"column":47},"end":{"line":247,"column":48}},"loc":{"start":{"line":247,"column":60},"end":{"line":251,"column":9}},"line":247},"15":{"name":"(anonymous_15)","decl":{"start":{"line":264,"column":2},"end":{"line":264,"column":3}},"loc":{"start":{"line":264,"column":16},"end":{"line":337,"column":3}},"line":264}},"branchMap":{"0":{"loc":{"start":{"line":23,"column":14},"end":{"line":23,"column":25}},"type":"default-arg","locations":[{"start":{"line":23,"column":23},"end":{"line":23,"column":25}}],"line":23},"1":{"loc":{"start":{"line":23,"column":27},"end":{"line":23,"column":45}},"type":"default-arg","locations":[{"start":{"line":23,"column":39},"end":{"line":23,"column":45}}],"line":23},"2":{"loc":{"start":{"line":59,"column":18},"end":{"line":59,"column":41}},"type":"binary-expr","locations":[{"start":{"line":59,"column":18},"end":{"line":59,"column":35}},{"start":{"line":59,"column":39},"end":{"line":59,"column":41}}],"line":59},"3":{"loc":{"start":{"line":62,"column":4},"end":{"line":65,"column":5}},"type":"if","locations":[{"start":{"line":62,"column":4},"end":{"line":65,"column":5}},{"start":{},"end":{}}],"line":62},"4":{"loc":{"start":{"line":62,"column":8},"end":{"line":62,"column":37}},"type":"binary-expr","locations":[{"start":{"line":62,"column":8},"end":{"line":62,"column":22}},{"start":{"line":62,"column":26},"end":{"line":62,"column":37}}],"line":62},"5":{"loc":{"start":{"line":68,"column":4},"end":{"line":71,"column":5}},"type":"if","locations":[{"start":{"line":68,"column":4},"end":{"line":71,"column":5}},{"start":{},"end":{}}],"line":68},"6":{"loc":{"start":{"line":68,"column":8},"end":{"line":68,"column":36}},"type":"binary-expr","locations":[{"start":{"line":68,"column":8},"end":{"line":68,"column":21}},{"start":{"line":68,"column":25},"end":{"line":68,"column":36}}],"line":68},"7":{"loc":{"start":{"line":72,"column":4},"end":{"line":75,"column":5}},"type":"if","locations":[{"start":{"line":72,"column":4},"end":{"line":75,"column":5}},{"start":{},"end":{}}],"line":72},"8":{"loc":{"start":{"line":72,"column":8},"end":{"line":72,"column":36}},"type":"binary-expr","locations":[{"start":{"line":72,"column":8},"end":{"line":72,"column":18}},{"start":{"line":72,"column":22},"end":{"line":72,"column":36}}],"line":72},"9":{"loc":{"start":{"line":126,"column":4},"end":{"line":129,"column":5}},"type":"if","locations":[{"start":{"line":126,"column":4},"end":{"line":129,"column":5}},{"start":{},"end":{}}],"line":126},"10":{"loc":{"start":{"line":132,"column":4},"end":{"line":134,"column":5}},"type":"if","locations":[{"start":{"line":132,"column":4},"end":{"line":134,"column":5}},{"start":{},"end":{}}],"line":132},"11":{"loc":{"start":{"line":138,"column":4},"end":{"line":140,"column":5}},"type":"if","locations":[{"start":{"line":138,"column":4},"end":{"line":140,"column":5}},{"start":{},"end":{}}],"line":138},"12":{"loc":{"start":{"line":151,"column":8},"end":{"line":157,"column":9}},"type":"if","locations":[{"start":{"line":151,"column":8},"end":{"line":157,"column":9}},{"start":{},"end":{}}],"line":151},"13":{"loc":{"start":{"line":151,"column":12},"end":{"line":151,"column":63}},"type":"binary-expr","locations":[{"start":{"line":151,"column":12},"end":{"line":151,"column":35}},{"start":{"line":151,"column":39},"end":{"line":151,"column":63}}],"line":151},"14":{"loc":{"start":{"line":154,"column":10},"end":{"line":156,"column":11}},"type":"if","locations":[{"start":{"line":154,"column":10},"end":{"line":156,"column":11}},{"start":{},"end":{}}],"line":154},"15":{"loc":{"start":{"line":214,"column":25},"end":{"line":216,"column":22}},"type":"cond-expr","locations":[{"start":{"line":215,"column":8},"end":{"line":215,"column":45}},{"start":{"line":216,"column":8},"end":{"line":216,"column":22}}],"line":214},"16":{"loc":{"start":{"line":218,"column":22},"end":{"line":220,"column":22}},"type":"cond-expr","locations":[{"start":{"line":219,"column":8},"end":{"line":219,"column":42}},{"start":{"line":220,"column":8},"end":{"line":220,"column":22}}],"line":218},"17":{"loc":{"start":{"line":235,"column":4},"end":{"line":237,"column":5}},"type":"if","locations":[{"start":{"line":235,"column":4},"end":{"line":237,"column":5}},{"start":{},"end":{}}],"line":235},"18":{"loc":{"start":{"line":243,"column":6},"end":{"line":254,"column":7}},"type":"if","locations":[{"start":{"line":243,"column":6},"end":{"line":254,"column":7}},{"start":{},"end":{}}],"line":243},"19":{"loc":{"start":{"line":285,"column":6},"end":{"line":289,"column":7}},"type":"if","locations":[{"start":{"line":285,"column":6},"end":{"line":289,"column":7}},{"start":{"line":287,"column":13},"end":{"line":289,"column":7}}],"line":285},"20":{"loc":{"start":{"line":292,"column":6},"end":{"line":297,"column":7}},"type":"if","locations":[{"start":{"line":292,"column":6},"end":{"line":297,"column":7}},{"start":{},"end":{}}],"line":292},"21":{"loc":{"start":{"line":293,"column":24},"end":{"line":295,"column":36}},"type":"cond-expr","locations":[{"start":{"line":294,"column":12},"end":{"line":294,"column":39}},{"start":{"line":295,"column":12},"end":{"line":295,"column":36}}],"line":293},"22":{"loc":{"start":{"line":300,"column":6},"end":{"line":302,"column":7}},"type":"if","locations":[{"start":{"line":300,"column":6},"end":{"line":302,"column":7}},{"start":{},"end":{}}],"line":300},"23":{"loc":{"start":{"line":303,"column":6},"end":{"line":305,"column":7}},"type":"if","locations":[{"start":{"line":303,"column":6},"end":{"line":305,"column":7}},{"start":{},"end":{}}],"line":303},"24":{"loc":{"start":{"line":313,"column":4},"end":{"line":315,"column":5}},"type":"if","locations":[{"start":{"line":313,"column":4},"end":{"line":315,"column":5}},{"start":{},"end":{}}],"line":313},"25":{"loc":{"start":{"line":316,"column":4},"end":{"line":318,"column":5}},"type":"if","locations":[{"start":{"line":316,"column":4},"end":{"line":318,"column":5}},{"start":{},"end":{}}],"line":316},"26":{"loc":{"start":{"line":316,"column":8},"end":{"line":316,"column":39}},"type":"binary-expr","locations":[{"start":{"line":316,"column":8},"end":{"line":316,"column":19}},{"start":{"line":316,"column":23},"end":{"line":316,"column":39}}],"line":316},"27":{"loc":{"start":{"line":328,"column":6},"end":{"line":330,"column":7}},"type":"if","locations":[{"start":{"line":328,"column":6},"end":{"line":330,"column":7}},{"start":{},"end":{}}],"line":328},"28":{"loc":{"start":{"line":328,"column":10},"end":{"line":328,"column":41}},"type":"binary-expr","locations":[{"start":{"line":328,"column":10},"end":{"line":328,"column":25}},{"start":{"line":328,"column":29},"end":{"line":328,"column":41}}],"line":328}},"s":{"0":0,"1":0,"2":0,"3":0,"4":0,"5":0,"6":0,"7":0,"8":0,"9":0,"10":0,"11":0,"12":0,"13":0,"14":0,"15":0,"16":0,"17":0,"18":0,"19":0,"20":0,"21":0,"22":0,"23":0,"24":0,"25":0,"26":0,"27":0,"28":0,"29":0,"30":0,"31":0,"32":0,"33":0,"34":0,"35":0,"36":0,"37":0,"38":0,"39":0,"40":0,"41":0,"42":0,"43":0,"44":0,"45":0,"46":0,"47":0,"48":0,"49":0,"50":0,"51":0,"52":0,"53":0,"54":0,"55":0,"56":0,"57":0,"58":0,"59":0,"60":0,"61":0,"62":0,"63":0,"64":0,"65":0,"66":0,"67":0,"68":0,"69":0,"70":0,"71":0,"72":0,"73":0,"74":0,"75":0,"76":0,"77":0,"78":0,"79":0,"80":0,"81":0,"82":0,"83":0,"84":0,"85":0,"86":0,"87":0,"88":0,"89":0,"90":0,"91":0,"92":0,"93":0,"94":0,"95":0,"96":0,"97":0,"98":0,"99":0,"100":0,"101":0,"102":0,"103":0,"104":0,"105":0,"106":0,"107":0,"108":0,"109":0,"110":0,"111":0,"112":0,"113":0,"114":0,"115":0,"116":0,"117":0,"118":0,"119":0,"120":0,"121":0,"122":0},"f":{"0":0,"1":0,"2":0,"3":0,"4":0,"5":0,"6":0,"7":0,"8":0,"9":0,"10":0,"11":0,"12":0,"13":0,"14":0,"15":0},"b":{"0":[0],"1":[0],"2":[0,0],"3":[0,0],"4":[0,0],"5":[0,0],"6":[0,0],"7":[0,0],"8":[0,0],"9":[0,0],"10":[0,0],"11":[0,0],"12":[0,0],"13":[0,0],"14":[0,0],"15":[0,0],"16":[0,0],"17":[0,0],"18":[0,0],"19":[0,0],"20":[0,0],"21":[0,0],"22":[0,0],"23":[0,0],"24":[0,0],"25":[0,0],"26":[0,0],"27":[0,0],"28":[0,0]}}
,"C:\\Users\\agior\\Desktop\\GitHub\\chiron\\builder\\utils\\validator.js": {"path":"C:\\Users\\agior\\Desktop\\GitHub\\chiron\\builder\\utils\\validator.js","statementMap":{"0":{"start":{"line":1,"column":31},"end":{"line":1,"column":51}},"1":{"start":{"line":18,"column":2},"end":{"line":20,"column":3}},"2":{"start":{"line":19,"column":4},"end":{"line":19,"column":21}},"3":{"start":{"line":22,"column":2},"end":{"line":24,"column":10}},"4":{"start":{"line":23,"column":4},"end":{"line":23,"column":26}},"5":{"start":{"line":34,"column":2},"end":{"line":36,"column":3}},"6":{"start":{"line":35,"column":4},"end":{"line":35,"column":73}},"7":{"start":{"line":38,"column":2},"end":{"line":46,"column":3}},"8":{"start":{"line":39,"column":18},"end":{"line":39,"column":51}},"9":{"start":{"line":40,"column":4},"end":{"line":45,"column":5}},"10":{"start":{"line":41,"column":6},"end":{"line":44,"column":8}},"11":{"start":{"line":56,"column":2},"end":{"line":61,"column":3}},"12":{"start":{"line":57,"column":4},"end":{"line":60,"column":6}},"13":{"start":{"line":64,"column":21},"end":{"line":64,"column":41}},"14":{"start":{"line":65,"column":2},"end":{"line":70,"column":3}},"15":{"start":{"line":66,"column":4},"end":{"line":69,"column":6}},"16":{"start":{"line":80,"column":2},"end":{"line":85,"column":3}},"17":{"start":{"line":81,"column":4},"end":{"line":84,"column":6}},"18":{"start":{"line":98,"column":2},"end":{"line":103,"column":3}},"19":{"start":{"line":99,"column":4},"end":{"line":102,"column":6}},"20":{"start":{"line":105,"column":2},"end":{"line":110,"column":3}},"21":{"start":{"line":106,"column":4},"end":{"line":109,"column":6}},"22":{"start":{"line":112,"column":2},"end":{"line":117,"column":3}},"23":{"start":{"line":113,"column":4},"end":{"line":116,"column":6}},"24":{"start":{"line":130,"column":2},"end":{"line":135,"column":3}},"25":{"start":{"line":131,"column":4},"end":{"line":134,"column":6}},"26":{"start":{"line":137,"column":2},"end":{"line":142,"column":3}},"27":{"start":{"line":138,"column":4},"end":{"line":141,"column":6}},"28":{"start":{"line":144,"column":2},"end":{"line":149,"column":3}},"29":{"start":{"line":145,"column":4},"end":{"line":148,"column":6}},"30":{"start":{"line":159,"column":2},"end":{"line":164,"column":3}},"31":{"start":{"line":160,"column":4},"end":{"line":163,"column":6}},"32":{"start":{"line":175,"column":2},"end":{"line":180,"column":3}},"33":{"start":{"line":176,"column":4},"end":{"line":179,"column":6}},"34":{"start":{"line":183,"column":0},"end":{"line":192,"column":2}}},"fnMap":{"0":{"name":"getNestedValue","decl":{"start":{"line":17,"column":9},"end":{"line":17,"column":23}},"loc":{"start":{"line":17,"column":35},"end":{"line":25,"column":1}},"line":17},"1":{"name":"(anonymous_1)","decl":{"start":{"line":22,"column":32},"end":{"line":22,"column":33}},"loc":{"start":{"line":22,"column":50},"end":{"line":24,"column":3}},"line":22},"2":{"name":"validateRequiredFields","decl":{"start":{"line":33,"column":9},"end":{"line":33,"column":31}},"loc":{"start":{"line":33,"column":56},"end":{"line":47,"column":1}},"line":33},"3":{"name":"validateUrl","decl":{"start":{"line":55,"column":9},"end":{"line":55,"column":20}},"loc":{"start":{"line":55,"column":45},"end":{"line":71,"column":1}},"line":55},"4":{"name":"validateArray","decl":{"start":{"line":79,"column":9},"end":{"line":79,"column":22}},"loc":{"start":{"line":79,"column":51},"end":{"line":86,"column":1}},"line":79},"5":{"name":"validateString","decl":{"start":{"line":97,"column":9},"end":{"line":97,"column":23}},"loc":{"start":{"line":97,"column":66},"end":{"line":118,"column":1}},"line":97},"6":{"name":"validateNumber","decl":{"start":{"line":129,"column":9},"end":{"line":129,"column":23}},"loc":{"start":{"line":129,"column":66},"end":{"line":150,"column":1}},"line":129},"7":{"name":"validateBoolean","decl":{"start":{"line":158,"column":9},"end":{"line":158,"column":24}},"loc":{"start":{"line":158,"column":53},"end":{"line":165,"column":1}},"line":158},"8":{"name":"validateEnum","decl":{"start":{"line":174,"column":9},"end":{"line":174,"column":21}},"loc":{"start":{"line":174,"column":65},"end":{"line":181,"column":1}},"line":174}},"branchMap":{"0":{"loc":{"start":{"line":18,"column":2},"end":{"line":20,"column":3}},"type":"if","locations":[{"start":{"line":18,"column":2},"end":{"line":20,"column":3}},{"start":{},"end":{}}],"line":18},"1":{"loc":{"start":{"line":18,"column":6},"end":{"line":18,"column":37}},"type":"binary-expr","locations":[{"start":{"line":18,"column":6},"end":{"line":18,"column":10}},{"start":{"line":18,"column":14},"end":{"line":18,"column":37}}],"line":18},"2":{"loc":{"start":{"line":34,"column":2},"end":{"line":36,"column":3}},"type":"if","locations":[{"start":{"line":34,"column":2},"end":{"line":36,"column":3}},{"start":{},"end":{}}],"line":34},"3":{"loc":{"start":{"line":34,"column":6},"end":{"line":34,"column":43}},"type":"binary-expr","locations":[{"start":{"line":34,"column":6},"end":{"line":34,"column":13}},{"start":{"line":34,"column":17},"end":{"line":34,"column":43}}],"line":34},"4":{"loc":{"start":{"line":40,"column":4},"end":{"line":45,"column":5}},"type":"if","locations":[{"start":{"line":40,"column":4},"end":{"line":45,"column":5}},{"start":{},"end":{}}],"line":40},"5":{"loc":{"start":{"line":40,"column":8},"end":{"line":40,"column":61}},"type":"binary-expr","locations":[{"start":{"line":40,"column":8},"end":{"line":40,"column":27}},{"start":{"line":40,"column":31},"end":{"line":40,"column":45}},{"start":{"line":40,"column":49},"end":{"line":40,"column":61}}],"line":40},"6":{"loc":{"start":{"line":55,"column":26},"end":{"line":55,"column":43}},"type":"default-arg","locations":[{"start":{"line":55,"column":38},"end":{"line":55,"column":43}}],"line":55},"7":{"loc":{"start":{"line":56,"column":2},"end":{"line":61,"column":3}},"type":"if","locations":[{"start":{"line":56,"column":2},"end":{"line":61,"column":3}},{"start":{},"end":{}}],"line":56},"8":{"loc":{"start":{"line":65,"column":2},"end":{"line":70,"column":3}},"type":"if","locations":[{"start":{"line":65,"column":2},"end":{"line":70,"column":3}},{"start":{},"end":{}}],"line":65},"9":{"loc":{"start":{"line":65,"column":6},"end":{"line":65,"column":51}},"type":"binary-expr","locations":[{"start":{"line":65,"column":6},"end":{"line":65,"column":27}},{"start":{"line":65,"column":31},"end":{"line":65,"column":51}}],"line":65},"10":{"loc":{"start":{"line":79,"column":30},"end":{"line":79,"column":49}},"type":"default-arg","locations":[{"start":{"line":79,"column":42},"end":{"line":79,"column":49}}],"line":79},"11":{"loc":{"start":{"line":80,"column":2},"end":{"line":85,"column":3}},"type":"if","locations":[{"start":{"line":80,"column":2},"end":{"line":85,"column":3}},{"start":{},"end":{}}],"line":80},"12":{"loc":{"start":{"line":97,"column":31},"end":{"line":97,"column":50}},"type":"default-arg","locations":[{"start":{"line":97,"column":43},"end":{"line":97,"column":50}}],"line":97},"13":{"loc":{"start":{"line":97,"column":52},"end":{"line":97,"column":64}},"type":"default-arg","locations":[{"start":{"line":97,"column":62},"end":{"line":97,"column":64}}],"line":97},"14":{"loc":{"start":{"line":98,"column":2},"end":{"line":103,"column":3}},"type":"if","locations":[{"start":{"line":98,"column":2},"end":{"line":103,"column":3}},{"start":{},"end":{}}],"line":98},"15":{"loc":{"start":{"line":105,"column":2},"end":{"line":110,"column":3}},"type":"if","locations":[{"start":{"line":105,"column":2},"end":{"line":110,"column":3}},{"start":{},"end":{}}],"line":105},"16":{"loc":{"start":{"line":105,"column":6},"end":{"line":105,"column":73}},"type":"binary-expr","locations":[{"start":{"line":105,"column":6},"end":{"line":105,"column":37}},{"start":{"line":105,"column":41},"end":{"line":105,"column":73}}],"line":105},"17":{"loc":{"start":{"line":112,"column":2},"end":{"line":117,"column":3}},"type":"if","locations":[{"start":{"line":112,"column":2},"end":{"line":117,"column":3}},{"start":{},"end":{}}],"line":112},"18":{"loc":{"start":{"line":112,"column":6},"end":{"line":112,"column":73}},"type":"binary-expr","locations":[{"start":{"line":112,"column":6},"end":{"line":112,"column":37}},{"start":{"line":112,"column":41},"end":{"line":112,"column":73}}],"line":112},"19":{"loc":{"start":{"line":129,"column":31},"end":{"line":129,"column":50}},"type":"default-arg","locations":[{"start":{"line":129,"column":43},"end":{"line":129,"column":50}}],"line":129},"20":{"loc":{"start":{"line":129,"column":52},"end":{"line":129,"column":64}},"type":"default-arg","locations":[{"start":{"line":129,"column":62},"end":{"line":129,"column":64}}],"line":129},"21":{"loc":{"start":{"line":130,"column":2},"end":{"line":135,"column":3}},"type":"if","locations":[{"start":{"line":130,"column":2},"end":{"line":135,"column":3}},{"start":{},"end":{}}],"line":130},"22":{"loc":{"start":{"line":130,"column":6},"end":{"line":130,"column":47}},"type":"binary-expr","locations":[{"start":{"line":130,"column":6},"end":{"line":130,"column":31}},{"start":{"line":130,"column":35},"end":{"line":130,"column":47}}],"line":130},"23":{"loc":{"start":{"line":137,"column":2},"end":{"line":142,"column":3}},"type":"if","locations":[{"start":{"line":137,"column":2},"end":{"line":142,"column":3}},{"start":{},"end":{}}],"line":137},"24":{"loc":{"start":{"line":137,"column":6},"end":{"line":137,"column":54}},"type":"binary-expr","locations":[{"start":{"line":137,"column":6},"end":{"line":137,"column":31}},{"start":{"line":137,"column":35},"end":{"line":137,"column":54}}],"line":137},"25":{"loc":{"start":{"line":144,"column":2},"end":{"line":149,"column":3}},"type":"if","locations":[{"start":{"line":144,"column":2},"end":{"line":149,"column":3}},{"start":{},"end":{}}],"line":144},"26":{"loc":{"start":{"line":144,"column":6},"end":{"line":144,"column":54}},"type":"binary-expr","locations":[{"start":{"line":144,"column":6},"end":{"line":144,"column":31}},{"start":{"line":144,"column":35},"end":{"line":144,"column":54}}],"line":144},"27":{"loc":{"start":{"line":158,"column":32},"end":{"line":158,"column":51}},"type":"default-arg","locations":[{"start":{"line":158,"column":44},"end":{"line":158,"column":51}}],"line":158},"28":{"loc":{"start":{"line":159,"column":2},"end":{"line":164,"column":3}},"type":"if","locations":[{"start":{"line":159,"column":2},"end":{"line":164,"column":3}},{"start":{},"end":{}}],"line":159},"29":{"loc":{"start":{"line":174,"column":44},"end":{"line":174,"column":63}},"type":"default-arg","locations":[{"start":{"line":174,"column":56},"end":{"line":174,"column":63}}],"line":174},"30":{"loc":{"start":{"line":175,"column":2},"end":{"line":180,"column":3}},"type":"if","locations":[{"start":{"line":175,"column":2},"end":{"line":180,"column":3}},{"start":{},"end":{}}],"line":175}},"s":{"0":1,"1":82,"2":0,"3":82,"4":164,"5":15,"6":0,"7":15,"8":82,"9":82,"10":2,"11":14,"12":0,"13":14,"14":14,"15":1,"16":8,"17":0,"18":53,"19":0,"20":53,"21":0,"22":53,"23":2,"24":0,"25":0,"26":0,"27":0,"28":0,"29":0,"30":0,"31":0,"32":0,"33":0,"34":1},"f":{"0":82,"1":164,"2":15,"3":14,"4":8,"5":53,"6":0,"7":0,"8":0},"b":{"0":[0,82],"1":[82,82],"2":[0,15],"3":[15,15],"4":[2,80],"5":[82,80,80],"6":[0],"7":[0,14],"8":[1,13],"9":[14,1],"10":[0],"11":[0,8],"12":[0],"13":[0],"14":[0,53],"15":[0,53],"16":[53,51],"17":[2,51],"18":[53,23],"19":[0],"20":[0],"21":[0,0],"22":[0,0],"23":[0,0],"24":[0,0],"25":[0,0],"26":[0,0],"27":[0],"28":[0,0],"29":[0],"30":[0,0]},"_coverageSchema":"1a1c01bbd47fc00a2c39e90264f33305004495a9","hash":"5cd336260ab3b868422f961bb4f75ea289b82b2a"}
}
