TN:
SF:builder\errors.js
FN:19,(anonymous_0)
FN:31,(anonymous_1)
FN:51,(anonymous_2)
FN:66,(anonymous_3)
FN:81,(anonymous_4)
FN:96,(anonymous_5)
FN:111,(anonymous_6)
FNF:7
FNH:2
FNDA:20,(anonymous_0)
FNDA:0,(anonymous_1)
FNDA:20,(anonymous_2)
FNDA:0,(anonymous_3)
FNDA:0,(anonymous_4)
FNDA:0,(anonymous_5)
FNDA:0,(anonymous_6)
DA:20,20
DA:21,20
DA:22,20
DA:23,20
DA:24,20
DA:32,0
DA:52,20
DA:67,0
DA:82,0
DA:97,0
DA:112,0
DA:116,1
LF:12
LH:7
BRDA:19,0,0,6
BRDA:22,1,0,20
BRDA:22,1,1,0
BRDA:66,2,0,0
BRDA:81,3,0,0
BRDA:96,4,0,0
BRDA:111,5,0,0
BRF:7
BRH:2
end_of_record
TN:
SF:builder\logger.js
FN:60,(anonymous_0)
FN:73,(anonymous_1)
FN:85,(anonymous_2)
FN:100,(anonymous_3)
FN:136,(anonymous_4)
FN:145,(anonymous_5)
FN:173,(anonymous_6)
FN:185,(anonymous_7)
FN:197,(anonymous_8)
FN:209,(anonymous_9)
FN:221,(anonymous_10)
FN:234,(anonymous_11)
FNF:12
FNH:10
FNDA:98,(anonymous_0)
FNDA:52,(anonymous_1)
FNDA:175,(anonymous_2)
FNDA:52,(anonymous_3)
FNDA:75,(anonymous_4)
FNDA:5,(anonymous_5)
FNDA:18,(anonymous_6)
FNDA:29,(anonymous_7)
FNDA:23,(anonymous_8)
FNDA:0,(anonymous_9)
FNDA:39,(anonymous_10)
FNDA:0,(anonymous_11)
DA:14,6
DA:27,6
DA:40,6
DA:61,98
DA:62,98
DA:63,98
DA:64,98
DA:65,98
DA:74,52
DA:75,52
DA:86,175
DA:87,0
DA:89,175
DA:101,52
DA:103,52
DA:104,52
DA:107,52
DA:115,52
DA:117,52
DA:118,22
DA:121,52
DA:123,52
DA:124,49
DA:127,52
DA:137,75
DA:146,5
DA:147,0
DA:150,5
DA:151,5
DA:156,5
DA:157,5
DA:159,5
DA:160,5
DA:162,5
DA:164,0
DA:174,18
DA:175,0
DA:177,18
DA:186,29
DA:187,0
DA:189,29
DA:198,23
DA:199,23
DA:201,0
DA:210,0
DA:211,0
DA:213,0
DA:222,39
DA:235,0
DA:236,0
DA:237,0
DA:239,0
DA:245,6
DA:251,6
LF:54
LH:41
BRDA:60,0,0,53
BRDA:61,1,0,98
BRDA:61,1,1,53
BRDA:64,2,0,98
BRDA:64,2,1,59
BRDA:65,3,0,98
BRDA:65,3,1,0
BRDA:86,4,0,0
BRDA:86,4,1,175
BRDA:100,5,0,0
BRDA:103,6,0,52
BRDA:103,6,1,0
BRDA:117,7,0,22
BRDA:117,7,1,30
BRDA:123,8,0,49
BRDA:123,8,1,3
BRDA:145,9,0,5
BRDA:146,10,0,0
BRDA:146,10,1,5
BRDA:150,11,0,5
BRDA:150,11,1,0
BRDA:156,12,0,5
BRDA:156,12,1,0
BRDA:159,13,0,5
BRDA:159,13,1,0
BRDA:173,14,0,3
BRDA:174,15,0,0
BRDA:174,15,1,18
BRDA:185,16,0,0
BRDA:186,17,0,0
BRDA:186,17,1,29
BRDA:197,18,0,3
BRDA:198,19,0,23
BRDA:198,19,1,0
BRDA:209,20,0,0
BRDA:210,21,0,0
BRDA:210,21,1,0
BRDA:226,22,0,0
BRDA:226,22,1,39
BRDA:235,23,0,0
BRDA:235,23,1,0
BRDA:246,24,0,6
BRDA:246,24,1,6
BRF:43
BRH:25
end_of_record
TN:
SF:builder\markdown-parser.js
FN:20,(anonymous_0)
FN:39,(anonymous_1)
FN:79,(anonymous_2)
FN:89,(anonymous_3)
FN:104,(anonymous_4)
FN:137,(anonymous_5)
FN:156,(anonymous_6)
FN:160,(anonymous_7)
FN:166,(anonymous_8)
FN:178,(anonymous_9)
FN:195,(anonymous_10)
FN:221,(anonymous_11)
FN:235,(anonymous_12)
FNF:13
FNH:9
FNDA:18,(anonymous_0)
FNDA:12,(anonymous_1)
FNDA:2,(anonymous_2)
FNDA:5,(anonymous_3)
FNDA:1,(anonymous_4)
FNDA:1,(anonymous_5)
FNDA:12,(anonymous_6)
FNDA:0,(anonymous_7)
FNDA:0,(anonymous_8)
FNDA:0,(anonymous_9)
FNDA:0,(anonymous_10)
FNDA:6,(anonymous_11)
FNDA:17,(anonymous_12)
DA:9,1
DA:10,1
DA:11,1
DA:14,1
DA:22,18
DA:23,18
DA:24,18
DA:27,18
DA:36,18
DA:39,18
DA:42,12
DA:46,12
DA:54,12
DA:57,12
DA:58,12
DA:60,12
DA:61,3
DA:62,3
DA:65,12
DA:68,12
DA:75,12
DA:79,18
DA:81,2
DA:82,0
DA:86,2
DA:87,2
DA:89,5
DA:90,1
DA:91,1
DA:95,1
DA:96,1
DA:100,1
DA:104,18
DA:107,1
DA:109,1
DA:110,1
DA:111,2
DA:112,2
DA:114,1
DA:116,1
DA:117,1
DA:118,1
DA:119,1
DA:120,2
DA:121,2
DA:123,1
DA:126,1
DA:137,18
DA:138,1
DA:140,1
DA:141,1
DA:144,1
DA:147,1
DA:150,18
DA:158,12
DA:160,0
DA:164,12
DA:168,0
DA:169,0
DA:171,0
DA:176,12
DA:180,0
DA:181,0
DA:183,0
DA:184,0
DA:185,0
DA:187,0
DA:193,12
DA:197,0
DA:200,0
DA:201,0
DA:205,0
DA:207,0
DA:210,0
DA:215,12
DA:222,6
DA:237,17
DA:238,17
DA:242,17
DA:243,2
DA:247,15
DA:248,1
DA:249,1
DA:253,15
DA:254,1
DA:258,14
DA:259,14
DA:260,1
DA:264,13
DA:265,1
DA:266,1
DA:273,12
DA:275,12
DA:278,12
DA:281,12
DA:283,12
DA:290,0
DA:291,0
DA:296,1
LF:99
LH:80
BRDA:57,0,0,12
BRDA:57,0,1,0
BRDA:81,1,0,0
BRDA:81,1,1,2
BRDA:81,2,0,2
BRDA:81,2,1,2
BRDA:82,3,0,0
BRDA:82,3,1,0
BRDA:89,4,0,1
BRDA:89,4,1,1
BRDA:91,5,0,1
BRDA:91,5,1,0
BRDA:95,6,0,0
BRDA:95,6,1,1
BRDA:96,7,0,1
BRDA:96,7,1,0
BRDA:96,8,0,1
BRDA:96,8,1,1
BRDA:111,9,0,2
BRDA:111,9,1,0
BRDA:120,10,0,2
BRDA:120,10,1,0
BRDA:138,11,0,1
BRDA:138,11,1,0
BRDA:160,12,0,0
BRDA:160,12,1,0
BRDA:168,13,0,0
BRDA:168,13,1,0
BRDA:180,14,0,0
BRDA:180,14,1,0
BRDA:184,15,0,0
BRDA:184,15,1,0
BRDA:197,16,0,0
BRDA:197,16,1,0
BRDA:200,17,0,0
BRDA:200,17,1,0
BRDA:205,18,0,0
BRDA:205,18,1,0
BRDA:242,19,0,2
BRDA:242,19,1,15
BRDA:242,20,0,17
BRDA:242,20,1,16
BRDA:247,21,0,1
BRDA:247,21,1,14
BRDA:253,22,0,1
BRDA:253,22,1,14
BRDA:259,23,0,1
BRDA:259,23,1,13
BRDA:264,24,0,1
BRDA:264,24,1,12
BRDA:284,25,0,12
BRDA:284,25,1,0
BRF:52
BRH:27
end_of_record
TN:
SF:builder\search-indexer.js
FN:33,(anonymous_0)
FN:43,(anonymous_1)
FN:53,(anonymous_2)
FN:72,(anonymous_3)
FN:161,(anonymous_4)
FN:171,(anonymous_5)
FN:188,(anonymous_6)
FN:188,(anonymous_7)
FN:196,(anonymous_8)
FNF:9
FNH:0
FNDA:0,(anonymous_0)
FNDA:0,(anonymous_1)
FNDA:0,(anonymous_2)
FNDA:0,(anonymous_3)
FNDA:0,(anonymous_4)
FNDA:0,(anonymous_5)
FNDA:0,(anonymous_6)
FNDA:0,(anonymous_7)
FNDA:0,(anonymous_8)
DA:9,0
DA:10,0
DA:11,0
DA:12,0
DA:13,0
DA:14,0
DA:17,0
DA:34,0
DA:35,0
DA:36,0
DA:37,0
DA:44,0
DA:54,0
DA:55,0
DA:58,0
DA:59,0
DA:60,0
DA:61,0
DA:65,0
DA:74,0
DA:75,0
DA:76,0
DA:79,0
DA:80,0
DA:81,0
DA:83,0
DA:84,0
DA:85,0
DA:89,0
DA:90,0
DA:92,0
DA:93,0
DA:94,0
DA:98,0
DA:102,0
DA:103,0
DA:104,0
DA:109,0
DA:112,0
DA:115,0
DA:118,0
DA:121,0
DA:122,0
DA:127,0
DA:131,0
DA:134,0
DA:135,0
DA:136,0
DA:139,0
DA:151,0
DA:154,0
DA:162,0
DA:164,0
DA:165,0
DA:166,0
DA:170,0
DA:171,0
DA:174,0
DA:175,0
DA:176,0
DA:177,0
DA:181,0
DA:182,0
DA:188,0
DA:190,0
DA:197,0
DA:198,0
DA:199,0
DA:202,0
DA:203,0
DA:206,0
DA:214,0
DA:215,0
DA:217,0
DA:218,0
DA:223,0
LF:76
LH:0
BRDA:60,0,0,0
BRDA:60,0,1,0
BRDA:74,1,0,0
BRDA:74,1,1,0
BRDA:74,2,0,0
BRDA:74,2,1,0
BRDA:83,3,0,0
BRDA:83,3,1,0
BRDA:92,4,0,0
BRDA:92,4,1,0
BRDA:103,5,0,0
BRDA:103,5,1,0
BRDA:121,6,0,0
BRDA:121,6,1,0
BRDA:134,7,0,0
BRDA:134,7,1,0
BRDA:135,8,0,0
BRDA:135,8,1,0
BRDA:146,9,0,0
BRDA:146,9,1,0
BRDA:164,10,0,0
BRDA:164,10,1,0
BRDA:175,11,0,0
BRDA:175,11,1,0
BRDA:202,12,0,0
BRDA:202,12,1,0
BRF:26
BRH:0
end_of_record
TN:
SF:builder\template-engine.js
FN:22,(anonymous_0)
FN:37,(anonymous_1)
FN:52,(anonymous_2)
FN:61,(anonymous_3)
FN:99,(anonymous_4)
FN:290,(anonymous_5)
FN:320,(anonymous_6)
FN:326,(anonymous_7)
FN:345,(anonymous_8)
FN:407,(anonymous_9)
FN:450,(anonymous_10)
FN:457,(anonymous_11)
FN:476,(anonymous_12)
FN:485,(anonymous_13)
FN:536,(anonymous_14)
FN:594,(anonymous_15)
FN:645,(anonymous_16)
FN:687,(anonymous_17)
FN:737,(anonymous_18)
FN:781,(anonymous_19)
FN:837,(anonymous_20)
FN:858,(anonymous_21)
FN:895,(anonymous_22)
FN:926,(anonymous_23)
FN:933,(anonymous_24)
FN:967,(anonymous_25)
FN:981,(anonymous_26)
FN:1012,(anonymous_27)
FN:1022,(anonymous_28)
FN:1044,(anonymous_29)
FN:1087,(anonymous_30)
FN:1103,(anonymous_31)
FN:1141,(anonymous_32)
FN:1177,(anonymous_33)
FNF:34
FNH:11
FNDA:17,(anonymous_0)
FNDA:29,(anonymous_1)
FNDA:15,(anonymous_2)
FNDA:42,(anonymous_3)
FNDA:2,(anonymous_4)
FNDA:1,(anonymous_5)
FNDA:7,(anonymous_6)
FNDA:4,(anonymous_7)
FNDA:5,(anonymous_8)
FNDA:0,(anonymous_9)
FNDA:0,(anonymous_10)
FNDA:0,(anonymous_11)
FNDA:0,(anonymous_12)
FNDA:0,(anonymous_13)
FNDA:0,(anonymous_14)
FNDA:0,(anonymous_15)
FNDA:0,(anonymous_16)
FNDA:0,(anonymous_17)
FNDA:0,(anonymous_18)
FNDA:0,(anonymous_19)
FNDA:3,(anonymous_20)
FNDA:0,(anonymous_21)
FNDA:0,(anonymous_22)
FNDA:0,(anonymous_23)
FNDA:0,(anonymous_24)
FNDA:0,(anonymous_25)
FNDA:0,(anonymous_26)
FNDA:0,(anonymous_27)
FNDA:0,(anonymous_28)
FNDA:0,(anonymous_29)
FNDA:0,(anonymous_30)
FNDA:0,(anonymous_31)
FNDA:17,(anonymous_32)
FNDA:0,(anonymous_33)
DA:9,2
DA:10,2
DA:11,2
DA:12,2
DA:13,2
DA:14,2
DA:17,2
DA:23,17
DA:24,17
DA:25,17
DA:26,17
DA:27,17
DA:28,17
DA:29,17
DA:38,29
DA:39,26
DA:53,15
DA:55,12
DA:58,12
DA:59,12
DA:61,42
DA:62,4
DA:63,4
DA:67,8
DA:74,8
DA:80,0
DA:102,2
DA:103,0
DA:107,2
DA:111,0
DA:115,0
DA:119,2
DA:120,0
DA:125,2
DA:126,2
DA:128,2
DA:129,2
DA:131,0
DA:136,0
DA:137,0
DA:139,0
DA:148,2
DA:149,1
DA:152,1
DA:153,1
DA:154,1
DA:155,1
DA:158,1
DA:160,1
DA:161,1
DA:162,1
DA:163,1
DA:165,1
DA:166,1
DA:169,0
DA:174,0
DA:175,0
DA:176,0
DA:177,0
DA:182,0
DA:186,0
DA:187,0
DA:188,0
DA:189,0
DA:197,1
DA:198,1
DA:204,1
DA:205,1
DA:206,1
DA:207,1
DA:210,0
DA:212,1
DA:217,0
DA:223,0
DA:224,0
DA:230,0
DA:231,0
DA:232,0
DA:233,0
DA:235,0
DA:237,0
DA:241,0
DA:247,0
DA:248,0
DA:254,0
DA:255,0
DA:256,0
DA:257,0
DA:259,0
DA:261,0
DA:265,0
DA:274,0
DA:292,1
DA:293,0
DA:294,0
DA:295,0
DA:299,1
DA:303,1
DA:305,1
DA:321,7
DA:322,2
DA:323,2
DA:326,5
DA:327,4
DA:328,0
DA:329,0
DA:332,4
DA:334,4
DA:335,0
DA:336,0
DA:340,4
DA:341,4
DA:342,4
DA:345,4
DA:346,5
DA:347,0
DA:353,5
DA:354,4
DA:355,4
DA:357,1
DA:360,5
DA:361,5
DA:362,5
DA:363,5
DA:365,5
DA:368,4
DA:371,4
DA:372,0
DA:373,0
DA:375,0
DA:388,4
DA:396,0
DA:409,0
DA:411,0
DA:420,0
DA:422,0
DA:423,0
DA:429,0
DA:430,0
DA:431,0
DA:432,0
DA:435,0
DA:438,0
DA:444,0
DA:451,0
DA:453,0
DA:454,0
DA:457,0
DA:458,0
DA:459,0
DA:462,0
DA:463,0
DA:464,0
DA:466,0
DA:477,0
DA:478,0
DA:481,0
DA:482,0
DA:485,0
DA:486,0
DA:487,0
DA:490,0
DA:491,0
DA:492,0
DA:494,0
DA:499,0
DA:500,0
DA:510,0
DA:511,0
DA:514,0
DA:517,0
DA:526,0
DA:527,0
DA:529,0
DA:530,0
DA:531,0
DA:534,0
DA:536,0
DA:541,0
DA:542,0
DA:543,0
DA:544,0
DA:545,0
DA:548,0
DA:549,0
DA:550,0
DA:554,0
DA:561,0
DA:562,0
DA:564,0
DA:595,0
DA:599,0
DA:600,0
DA:601,0
DA:606,0
DA:612,0
DA:613,0
DA:615,0
DA:616,0
DA:617,0
DA:623,0
DA:628,0
DA:629,0
DA:635,0
DA:646,0
DA:649,0
DA:650,0
DA:652,0
DA:654,0
DA:655,0
DA:661,0
DA:663,0
DA:664,0
DA:670,0
DA:675,0
DA:676,0
DA:678,0
DA:679,0
DA:683,0
DA:686,0
DA:687,0
DA:688,0
DA:689,0
DA:692,0
DA:693,0
DA:694,0
DA:697,0
DA:699,0
DA:702,0
DA:705,0
DA:706,0
DA:707,0
DA:708,0
DA:709,0
DA:717,0
DA:718,0
DA:719,0
DA:720,0
DA:721,0
DA:728,0
DA:738,0
DA:740,0
DA:741,0
DA:742,0
DA:746,0
DA:747,0
DA:748,0
DA:749,0
DA:753,0
DA:754,0
DA:762,0
DA:763,0
DA:770,0
DA:784,0
DA:785,0
DA:788,0
DA:792,0
DA:796,0
DA:797,0
DA:801,0
DA:804,0
DA:816,0
DA:828,0
DA:838,3
DA:839,3
DA:841,3
DA:844,3
DA:845,3
DA:848,3
DA:853,3
DA:854,3
DA:857,3
DA:858,0
DA:861,3
DA:896,0
DA:898,0
DA:927,0
DA:929,0
DA:930,0
DA:933,0
DA:934,0
DA:935,0
DA:940,0
DA:941,0
DA:942,0
DA:944,0
DA:946,0
DA:948,0
DA:968,0
DA:971,0
DA:972,0
DA:975,0
DA:981,0
DA:983,0
DA:984,0
DA:988,0
DA:992,0
DA:993,0
DA:994,0
DA:996,0
DA:997,0
DA:998,0
DA:999,0
DA:1001,0
DA:1002,0
DA:1003,0
DA:1006,0
DA:1007,0
DA:1009,0
DA:1012,0
DA:1015,0
DA:1024,0
DA:1025,0
DA:1028,0
DA:1031,0
DA:1032,0
DA:1033,0
DA:1036,0
DA:1045,0
DA:1046,0
DA:1049,0
DA:1052,0
DA:1053,0
DA:1054,0
DA:1066,0
DA:1067,0
DA:1068,0
DA:1078,0
DA:1089,0
DA:1090,0
DA:1094,0
DA:1105,0
DA:1108,0
DA:1109,0
DA:1110,0
DA:1111,0
DA:1114,0
DA:1115,0
DA:1116,0
DA:1117,0
DA:1120,0
DA:1124,0
DA:1125,0
DA:1143,17
DA:1144,7
DA:1148,7
DA:1152,17
DA:1153,9
DA:1160,8
DA:1162,8
DA:1168,8
DA:1178,0
DA:1182,0
DA:1183,0
DA:1185,0
DA:1193,0
DA:1194,0
DA:1195,0
DA:1196,0
DA:1197,0
DA:1200,0
DA:1268,0
DA:1269,0
DA:1270,0
DA:1273,0
DA:1277,2
LF:366
LH:99
BRDA:22,0,0,16
BRDA:25,1,0,17
BRDA:25,1,1,16
BRDA:38,2,0,3
BRDA:38,2,1,26
BRDA:53,3,0,3
BRDA:53,3,1,12
BRDA:53,4,0,15
BRDA:53,4,1,12
BRDA:61,5,0,4
BRDA:61,5,1,8
BRDA:67,6,0,8
BRDA:67,6,1,0
BRDA:67,7,0,8
BRDA:67,7,1,7
BRDA:67,7,2,6
BRDA:67,7,3,5
BRDA:67,7,4,4
BRDA:67,7,5,3
BRDA:102,8,0,0
BRDA:102,8,1,2
BRDA:102,9,0,2
BRDA:102,9,1,2
BRDA:107,10,0,0
BRDA:107,10,1,2
BRDA:107,11,0,2
BRDA:107,11,1,2
BRDA:107,11,2,2
BRDA:107,11,3,2
BRDA:119,12,0,0
BRDA:119,12,1,2
BRDA:125,13,0,2
BRDA:125,13,1,2
BRDA:128,14,0,2
BRDA:128,14,1,0
BRDA:136,15,0,0
BRDA:136,15,1,0
BRDA:148,16,0,1
BRDA:148,16,1,1
BRDA:152,17,0,1
BRDA:152,17,1,0
BRDA:158,18,0,1
BRDA:158,18,1,0
BRDA:161,19,0,1
BRDA:161,19,1,0
BRDA:176,20,0,0
BRDA:176,20,1,0
BRDA:188,21,0,0
BRDA:188,21,1,0
BRDA:197,22,0,1
BRDA:197,22,1,0
BRDA:223,23,0,0
BRDA:223,23,1,0
BRDA:247,24,0,0
BRDA:247,24,1,0
BRDA:292,25,0,0
BRDA:292,25,1,1
BRDA:320,26,0,7
BRDA:321,27,0,2
BRDA:321,27,1,5
BRDA:327,28,0,0
BRDA:327,28,1,4
BRDA:327,29,0,4
BRDA:327,29,1,4
BRDA:332,30,0,4
BRDA:332,30,1,0
BRDA:334,31,0,0
BRDA:334,31,1,4
BRDA:334,32,0,4
BRDA:334,32,1,4
BRDA:342,33,0,0
BRDA:342,33,1,4
BRDA:346,34,0,0
BRDA:346,34,1,5
BRDA:346,35,0,5
BRDA:346,35,1,5
BRDA:353,36,0,4
BRDA:353,36,1,1
BRDA:357,37,0,1
BRDA:357,37,1,0
BRDA:360,38,0,5
BRDA:360,38,1,0
BRDA:362,39,0,1
BRDA:362,39,1,4
BRDA:363,40,0,1
BRDA:363,40,1,4
BRDA:371,41,0,0
BRDA:371,41,1,4
BRDA:372,42,0,0
BRDA:372,42,1,0
BRDA:373,43,0,0
BRDA:373,43,1,0
BRDA:407,44,0,0
BRDA:409,45,0,0
BRDA:409,45,1,0
BRDA:415,46,0,0
BRDA:415,46,1,0
BRDA:422,47,0,0
BRDA:422,47,1,0
BRDA:430,48,0,0
BRDA:430,48,1,0
BRDA:451,49,0,0
BRDA:451,49,1,0
BRDA:453,50,0,0
BRDA:453,50,1,0
BRDA:453,51,0,0
BRDA:453,51,1,0
BRDA:458,52,0,0
BRDA:458,52,1,0
BRDA:458,53,0,0
BRDA:458,53,1,0
BRDA:462,54,0,0
BRDA:462,54,1,0
BRDA:463,55,0,0
BRDA:463,55,1,0
BRDA:464,56,0,0
BRDA:464,56,1,0
BRDA:476,57,0,0
BRDA:477,58,0,0
BRDA:477,58,1,0
BRDA:481,59,0,0
BRDA:481,59,1,0
BRDA:486,60,0,0
BRDA:486,60,1,0
BRDA:486,61,0,0
BRDA:486,61,1,0
BRDA:490,62,0,0
BRDA:490,62,1,0
BRDA:491,63,0,0
BRDA:491,63,1,0
BRDA:492,64,0,0
BRDA:492,64,1,0
BRDA:499,65,0,0
BRDA:499,65,1,0
BRDA:510,66,0,0
BRDA:510,66,1,0
BRDA:526,67,0,0
BRDA:526,67,1,0
BRDA:531,68,0,0
BRDA:531,68,1,0
BRDA:548,69,0,0
BRDA:548,69,1,0
BRDA:561,70,0,0
BRDA:561,70,1,0
BRDA:599,71,0,0
BRDA:599,71,1,0
BRDA:612,72,0,0
BRDA:612,72,1,0
BRDA:615,73,0,0
BRDA:615,73,1,0
BRDA:615,74,0,0
BRDA:615,74,1,0
BRDA:645,75,0,0
BRDA:649,76,0,0
BRDA:649,76,1,0
BRDA:649,77,0,0
BRDA:649,77,1,0
BRDA:652,78,0,0
BRDA:652,78,1,0
BRDA:657,79,0,0
BRDA:657,79,1,0
BRDA:661,80,0,0
BRDA:661,80,1,0
BRDA:666,81,0,0
BRDA:666,81,1,0
BRDA:675,82,0,0
BRDA:675,82,1,0
BRDA:678,83,0,0
BRDA:678,83,1,0
BRDA:678,84,0,0
BRDA:678,84,1,0
BRDA:686,85,0,0
BRDA:686,85,1,0
BRDA:688,86,0,0
BRDA:688,86,1,0
BRDA:697,87,0,0
BRDA:697,87,1,0
BRDA:705,88,0,0
BRDA:705,88,1,0
BRDA:707,89,0,0
BRDA:707,89,1,0
BRDA:707,90,0,0
BRDA:707,90,1,0
BRDA:711,91,0,0
BRDA:711,91,1,0
BRDA:717,92,0,0
BRDA:717,92,1,0
BRDA:719,93,0,0
BRDA:719,93,1,0
BRDA:719,94,0,0
BRDA:719,94,1,0
BRDA:723,95,0,0
BRDA:723,95,1,0
BRDA:741,96,0,0
BRDA:741,96,1,0
BRDA:741,97,0,0
BRDA:741,97,1,0
BRDA:746,98,0,0
BRDA:746,98,1,0
BRDA:746,99,0,0
BRDA:746,99,1,0
BRDA:748,100,0,0
BRDA:748,100,1,0
BRDA:748,101,0,0
BRDA:748,101,1,0
BRDA:753,102,0,0
BRDA:753,102,1,0
BRDA:756,103,0,0
BRDA:756,103,1,0
BRDA:762,104,0,0
BRDA:762,104,1,0
BRDA:765,105,0,0
BRDA:765,105,1,0
BRDA:781,106,0,0
BRDA:784,107,0,0
BRDA:784,107,1,0
BRDA:796,108,0,0
BRDA:796,108,1,0
BRDA:796,109,0,0
BRDA:796,109,1,0
BRDA:804,110,0,0
BRDA:804,110,1,0
BRDA:816,111,0,0
BRDA:816,111,1,0
BRDA:848,112,0,3
BRDA:848,112,1,0
BRDA:857,113,0,0
BRDA:857,113,1,3
BRDA:858,114,0,0
BRDA:858,114,1,0
BRDA:926,115,0,0
BRDA:927,116,0,0
BRDA:927,116,1,0
BRDA:929,117,0,0
BRDA:929,117,1,0
BRDA:934,118,0,0
BRDA:934,118,1,0
BRDA:934,119,0,0
BRDA:934,119,1,0
BRDA:940,120,0,0
BRDA:940,120,1,0
BRDA:944,121,0,0
BRDA:944,121,1,0
BRDA:946,122,0,0
BRDA:946,122,1,0
BRDA:968,123,0,0
BRDA:968,123,1,0
BRDA:971,124,0,0
BRDA:971,124,1,0
BRDA:971,125,0,0
BRDA:971,125,1,0
BRDA:983,126,0,0
BRDA:983,126,1,0
BRDA:1024,127,0,0
BRDA:1024,127,1,0
BRDA:1024,128,0,0
BRDA:1024,128,1,0
BRDA:1031,129,0,0
BRDA:1031,129,1,0
BRDA:1045,130,0,0
BRDA:1045,130,1,0
BRDA:1052,131,0,0
BRDA:1052,131,1,0
BRDA:1066,132,0,0
BRDA:1066,132,1,0
BRDA:1089,133,0,0
BRDA:1089,133,1,0
BRDA:1089,134,0,0
BRDA:1089,134,1,0
BRDA:1105,135,0,0
BRDA:1105,135,1,0
BRDA:1108,136,0,0
BRDA:1108,136,1,0
BRDA:1108,137,0,0
BRDA:1108,137,1,0
BRDA:1108,137,2,0
BRDA:1143,138,0,7
BRDA:1143,138,1,10
BRDA:1143,139,0,17
BRDA:1143,139,1,13
BRDA:1143,139,2,12
BRDA:1152,140,0,9
BRDA:1152,140,1,8
BRDA:1182,141,0,0
BRDA:1182,141,1,0
BRDA:1189,142,0,0
BRDA:1189,142,1,0
BRDA:1194,143,0,0
BRDA:1194,143,1,0
BRDA:1194,143,2,0
BRDA:1195,144,0,0
BRDA:1195,144,1,0
BRDA:1259,145,0,0
BRDA:1259,145,1,0
BRDA:1260,146,0,0
BRDA:1260,146,1,0
BRF:296
BRH:69
end_of_record
TN:
SF:builder\config\config-loader.js
FN:25,loadConfig
FN:64,validateConfig
FN:95,validateProjectConfig
FN:122,validateBuildConfig
FN:156,validateSitemapConfig
FN:190,validateRobotsConfig
FN:209,validateNavigationConfig
FN:241,validateNavigationItem
FNF:8
FNH:8
FNDA:6,loadConfig
FNDA:19,validateConfig
FNDA:13,validateProjectConfig
FNDA:10,validateBuildConfig
FNDA:5,validateSitemapConfig
FNDA:1,validateRobotsConfig
FNDA:6,validateNavigationConfig
FNDA:4,validateNavigationItem
DA:1,1
DA:2,1
DA:3,1
DA:4,1
DA:10,1
DA:17,1
DA:26,6
DA:27,6
DA:29,6
DA:30,2
DA:36,4
DA:37,4
DA:40,3
DA:42,1
DA:43,1
DA:45,5
DA:46,4
DA:47,4
DA:50,1
DA:54,1
DA:55,1
DA:66,19
DA:67,4
DA:71,15
DA:80,15
DA:83,13
DA:84,10
DA:85,6
DA:87,2
DA:96,13
DA:97,0
DA:101,13
DA:104,12
DA:107,10
DA:108,1
DA:112,10
DA:113,1
DA:123,10
DA:124,0
DA:128,10
DA:129,10
DA:130,10
DA:133,10
DA:134,0
DA:141,10
DA:142,5
DA:146,6
DA:147,1
DA:157,5
DA:158,0
DA:161,5
DA:162,0
DA:165,5
DA:166,3
DA:167,2
DA:174,3
DA:175,3
DA:176,3
DA:177,2
DA:191,1
DA:192,0
DA:195,1
DA:196,0
DA:199,1
DA:200,0
DA:210,6
DA:211,0
DA:215,6
DA:216,0
DA:220,6
DA:221,2
DA:225,4
DA:226,4
DA:229,4
DA:230,4
DA:242,4
DA:243,0
DA:247,4
DA:248,0
DA:251,4
DA:252,4
DA:255,4
DA:256,4
DA:259,4
DA:260,5
DA:262,5
DA:263,0
DA:266,5
DA:269,5
DA:270,2
DA:277,3
DA:278,1
DA:284,1
LF:93
LH:80
BRDA:29,0,0,2
BRDA:29,0,1,4
BRDA:45,1,0,4
BRDA:45,1,1,1
BRDA:66,2,0,4
BRDA:66,2,1,15
BRDA:66,3,0,19
BRDA:66,3,1,17
BRDA:96,4,0,0
BRDA:96,4,1,13
BRDA:96,5,0,13
BRDA:96,5,1,13
BRDA:107,6,0,1
BRDA:107,6,1,9
BRDA:112,7,0,1
BRDA:112,7,1,9
BRDA:123,8,0,0
BRDA:123,8,1,10
BRDA:123,9,0,10
BRDA:123,9,1,10
BRDA:133,10,0,0
BRDA:133,10,1,10
BRDA:133,11,0,10
BRDA:133,11,1,0
BRDA:141,12,0,5
BRDA:141,12,1,5
BRDA:146,13,0,1
BRDA:146,13,1,5
BRDA:157,14,0,0
BRDA:157,14,1,5
BRDA:161,15,0,0
BRDA:161,15,1,5
BRDA:161,16,0,5
BRDA:161,16,1,5
BRDA:165,17,0,3
BRDA:165,17,1,2
BRDA:166,18,0,2
BRDA:166,18,1,1
BRDA:166,19,0,3
BRDA:166,19,1,3
BRDA:166,19,2,3
BRDA:174,20,0,3
BRDA:174,20,1,0
BRDA:176,21,0,2
BRDA:176,21,1,1
BRDA:191,22,0,0
BRDA:191,22,1,1
BRDA:195,23,0,0
BRDA:195,23,1,1
BRDA:195,24,0,1
BRDA:195,24,1,1
BRDA:199,25,0,0
BRDA:199,25,1,1
BRDA:199,26,0,1
BRDA:199,26,1,1
BRDA:210,27,0,0
BRDA:210,27,1,6
BRDA:210,28,0,6
BRDA:210,28,1,6
BRDA:215,29,0,0
BRDA:215,29,1,6
BRDA:215,30,0,6
BRDA:215,30,1,6
BRDA:220,31,0,2
BRDA:220,31,1,4
BRDA:242,32,0,0
BRDA:242,32,1,4
BRDA:242,33,0,4
BRDA:242,33,1,4
BRDA:247,34,0,0
BRDA:247,34,1,4
BRDA:247,35,0,4
BRDA:247,35,1,4
BRDA:251,36,0,4
BRDA:251,36,1,4
BRDA:255,37,0,4
BRDA:255,37,1,0
BRDA:262,38,0,0
BRDA:262,38,1,5
BRDA:269,39,0,2
BRDA:269,39,1,3
BRDA:269,40,0,5
BRDA:269,40,1,3
BRDA:277,41,0,1
BRDA:277,41,1,2
BRF:85
BRH:69
end_of_record
TN:
SF:builder\generators\robots.js
FN:14,ensureDir
FN:30,generateRobots
FNF:2
FNH:2
FNDA:4,ensureDir
FNDA:4,generateRobots
DA:7,1
DA:8,1
DA:15,4
DA:16,4
DA:18,0
DA:19,0
DA:31,4
DA:32,4
DA:34,4
DA:40,4
DA:41,3
DA:44,1
DA:49,4
DA:50,2
DA:55,4
DA:58,4
DA:61,4
DA:62,4
DA:63,4
DA:65,4
DA:67,4
DA:71,1
LF:22
LH:20
BRDA:18,0,0,0
BRDA:18,0,1,0
BRDA:40,1,0,3
BRDA:40,1,1,1
BRDA:49,2,0,2
BRDA:49,2,1,2
BRF:6
BRH:4
end_of_record
TN:
SF:builder\generators\sitemap.js
FN:10,escapeXml
FN:26,generateSitemap
FN:40,(anonymous_2)
FN:60,(anonymous_3)
FNF:4
FNH:4
FNDA:5,escapeXml
FNDA:7,generateSitemap
FNDA:8,(anonymous_2)
FNDA:8,(anonymous_3)
DA:1,1
DA:2,1
DA:3,1
DA:11,5
DA:12,5
DA:28,7
DA:29,2
DA:32,5
DA:33,1
DA:36,4
DA:37,4
DA:38,4
DA:40,4
DA:42,8
DA:43,3
DA:44,3
DA:48,5
DA:49,5
DA:52,5
DA:54,5
DA:60,8
DA:62,4
DA:67,4
DA:70,4
DA:73,1
LF:25
LH:25
BRDA:11,0,0,0
BRDA:11,0,1,5
BRDA:28,1,0,2
BRDA:28,1,1,5
BRDA:28,2,0,7
BRDA:28,2,1,6
BRDA:28,2,2,5
BRDA:32,3,0,1
BRDA:32,3,1,4
BRDA:37,4,0,4
BRDA:37,4,1,0
BRDA:38,5,0,4
BRDA:38,5,1,0
BRDA:42,6,0,3
BRDA:42,6,1,5
BRDA:42,7,0,8
BRDA:42,7,1,7
BRDA:49,8,0,5
BRDA:49,8,1,0
BRDA:52,9,0,2
BRDA:52,9,1,3
BRF:21
BRH:17
end_of_record
TN:
SF:builder\i18n\i18n-loader.js
FN:11,(anonymous_0)
FN:24,(anonymous_1)
FN:34,(anonymous_2)
FN:35,(anonymous_3)
FN:61,(anonymous_4)
FN:73,(anonymous_5)
FN:91,(anonymous_6)
FN:100,(anonymous_7)
FN:111,(anonymous_8)
FN:122,(anonymous_9)
FN:142,(anonymous_10)
FNF:11
FNH:2
FNDA:2,(anonymous_0)
FNDA:2,(anonymous_1)
FNDA:0,(anonymous_2)
FNDA:0,(anonymous_3)
FNDA:0,(anonymous_4)
FNDA:0,(anonymous_5)
FNDA:0,(anonymous_6)
FNDA:0,(anonymous_7)
FNDA:0,(anonymous_8)
FNDA:0,(anonymous_9)
FNDA:0,(anonymous_10)
DA:6,2
DA:7,2
DA:8,2
DA:12,2
DA:13,2
DA:14,2
DA:15,2
DA:18,2
DA:25,2
DA:27,2
DA:29,2
DA:30,2
DA:33,0
DA:34,0
DA:36,0
DA:37,0
DA:39,0
DA:40,0
DA:41,0
DA:42,0
DA:43,0
DA:45,0
DA:49,0
DA:51,0
DA:52,0
DA:54,0
DA:62,0
DA:63,0
DA:75,0
DA:76,0
DA:77,0
DA:81,0
DA:92,0
DA:101,0
DA:112,0
DA:113,0
DA:123,0
DA:124,0
DA:128,0
DA:129,0
DA:130,0
DA:133,0
DA:143,0
DA:145,0
DA:154,2
DA:156,2
LF:46
LH:14
BRDA:25,0,0,0
BRDA:25,0,1,2
BRDA:62,1,0,0
BRDA:62,1,1,0
BRDA:62,2,0,0
BRDA:62,2,1,0
BRDA:73,3,0,0
BRDA:73,4,0,0
BRDA:75,5,0,0
BRDA:75,5,1,0
BRDA:111,6,0,0
BRDA:111,7,0,0
BRDA:113,8,0,0
BRDA:113,8,1,0
BRDA:113,8,2,0
BRDA:122,9,0,0
BRDA:122,10,0,0
BRDA:142,11,0,0
BRDA:142,12,0,0
BRF:19
BRH:1
end_of_record
TN:
SF:builder\utils\external-scripts.js
FN:79,getAllowedCDNDomains
FN:96,isRelativeUrl
FN:117,isAllowedCDN
FN:131,(anonymous_3)
FN:146,getScriptConfig
FN:178,renderExternalScripts
FN:255,getAvailablePresets
FN:256,(anonymous_7)
FNF:8
FNH:8
FNDA:22,getAllowedCDNDomains
FNDA:42,isRelativeUrl
FNDA:27,isAllowedCDN
FNDA:42,(anonymous_3)
FNDA:32,getScriptConfig
FNDA:21,renderExternalScripts
FNDA:3,getAvailablePresets
FNDA:21,(anonymous_7)
DA:13,3
DA:66,3
DA:80,22
DA:83,22
DA:84,20
DA:87,22
DA:97,42
DA:98,0
DA:102,42
DA:103,29
DA:108,13
DA:119,27
DA:120,5
DA:123,22
DA:124,22
DA:126,21
DA:127,2
DA:130,19
DA:131,19
DA:132,42
DA:135,1
DA:148,32
DA:149,24
DA:153,8
DA:155,6
DA:156,2
DA:157,2
DA:160,4
DA:167,2
DA:168,2
DA:179,21
DA:180,3
DA:183,18
DA:184,18
DA:185,18
DA:186,18
DA:188,18
DA:189,32
DA:190,32
DA:191,4
DA:195,28
DA:196,1
DA:198,27
DA:201,27
DA:202,3
DA:206,27
DA:208,9
DA:211,18
DA:215,27
DA:216,9
DA:217,9
DA:219,0
DA:223,27
DA:231,18
DA:233,18
DA:234,3
DA:235,3
DA:238,18
DA:239,15
DA:240,15
DA:243,18
DA:244,9
DA:245,9
DA:248,18
DA:256,21
DA:265,3
LF:66
LH:64
BRDA:83,0,0,20
BRDA:83,0,1,2
BRDA:83,1,0,22
BRDA:83,1,1,20
BRDA:97,2,0,0
BRDA:97,2,1,42
BRDA:97,3,0,42
BRDA:97,3,1,42
BRDA:102,4,0,29
BRDA:102,4,1,13
BRDA:102,5,0,42
BRDA:102,5,1,38
BRDA:102,5,2,14
BRDA:108,6,0,13
BRDA:108,6,1,3
BRDA:108,6,2,3
BRDA:119,7,0,5
BRDA:119,7,1,22
BRDA:126,8,0,2
BRDA:126,8,1,19
BRDA:132,9,0,42
BRDA:132,9,1,25
BRDA:148,10,0,24
BRDA:148,10,1,8
BRDA:153,11,0,6
BRDA:153,11,1,2
BRDA:153,12,0,8
BRDA:153,12,1,8
BRDA:153,12,2,7
BRDA:153,12,3,6
BRDA:155,13,0,2
BRDA:155,13,1,4
BRDA:179,14,0,3
BRDA:179,14,1,18
BRDA:179,15,0,21
BRDA:179,15,1,19
BRDA:190,16,0,4
BRDA:190,16,1,28
BRDA:195,17,0,1
BRDA:195,17,1,27
BRDA:201,18,0,3
BRDA:201,18,1,24
BRDA:206,19,0,9
BRDA:206,19,1,18
BRDA:215,20,0,9
BRDA:215,20,1,18
BRDA:216,21,0,9
BRDA:216,21,1,0
BRDA:225,22,0,27
BRDA:225,22,1,4
BRDA:233,23,0,3
BRDA:233,23,1,15
BRDA:238,24,0,15
BRDA:238,24,1,3
BRDA:243,25,0,9
BRDA:243,25,1,9
BRDA:259,26,0,21
BRDA:259,26,1,0
BRDA:261,27,0,21
BRDA:261,27,1,18
BRF:60
BRH:57
end_of_record
TN:
SF:builder\utils\file-utils.js
FN:24,ensureDir
FN:42,copyFile
FN:62,copyDirRecursive
FN:109,readFile
FN:125,writeFile
FN:143,getFilesByExtension
FN:150,(anonymous_6)
FN:158,exists
FN:167,getStats
FN:184,toUrlPath
FN:199,mdToHtmlPath
FN:215,readFileWithTimeout
FN:219,(anonymous_12)
FN:250,writeFileWithTimeout
FN:254,(anonymous_14)
FN:286,copyFileWithTimeout
FN:290,(anonymous_16)
FN:299,(anonymous_17)
FN:300,(anonymous_18)
FNF:19
FNH:4
FNDA:4,ensureDir
FNDA:0,copyFile
FNDA:0,copyDirRecursive
FNDA:0,readFile
FNDA:4,writeFile
FNDA:0,getFilesByExtension
FNDA:0,(anonymous_6)
FNDA:0,exists
FNDA:0,getStats
FNDA:4,toUrlPath
FNDA:4,mdToHtmlPath
FNDA:0,readFileWithTimeout
FNDA:0,(anonymous_12)
FNDA:0,writeFileWithTimeout
FNDA:0,(anonymous_14)
FNDA:0,copyFileWithTimeout
FNDA:0,(anonymous_16)
FNDA:0,(anonymous_17)
FNDA:0,(anonymous_18)
DA:1,3
DA:2,3
DA:3,3
DA:4,3
DA:17,3
DA:25,4
DA:26,4
DA:27,0
DA:28,0
DA:31,0
DA:32,0
DA:43,0
DA:44,0
DA:45,0
DA:46,0
DA:47,0
DA:49,0
DA:50,0
DA:64,0
DA:65,0
DA:69,0
DA:70,0
DA:74,0
DA:75,0
DA:76,0
DA:80,0
DA:83,0
DA:85,0
DA:86,0
DA:87,0
DA:89,0
DA:91,0
DA:92,0
DA:94,0
DA:99,0
DA:110,0
DA:111,0
DA:113,0
DA:114,0
DA:126,4
DA:127,4
DA:128,4
DA:129,4
DA:130,4
DA:132,0
DA:133,0
DA:144,0
DA:145,0
DA:146,0
DA:149,0
DA:150,0
DA:159,0
DA:168,0
DA:169,0
DA:171,0
DA:185,4
DA:186,0
DA:189,4
DA:200,4
DA:201,0
DA:203,4
DA:216,0
DA:218,0
DA:219,0
DA:221,0
DA:222,0
DA:226,0
DA:227,0
DA:228,0
DA:230,0
DA:231,0
DA:232,0
DA:233,0
DA:234,0
DA:236,0
DA:237,0
DA:251,0
DA:253,0
DA:254,0
DA:256,0
DA:257,0
DA:258,0
DA:260,0
DA:264,0
DA:265,0
DA:267,0
DA:268,0
DA:269,0
DA:270,0
DA:271,0
DA:273,0
DA:274,0
DA:287,0
DA:289,0
DA:290,0
DA:292,0
DA:293,0
DA:294,0
DA:297,0
DA:300,0
DA:301,0
DA:305,0
DA:306,0
DA:308,0
DA:309,0
DA:310,0
DA:311,0
DA:312,0
DA:314,0
DA:315,0
DA:319,3
LF:111
LH:17
BRDA:26,0,0,0
BRDA:26,0,1,4
BRDA:62,1,0,0
BRDA:62,2,0,0
BRDA:64,3,0,0
BRDA:64,3,1,0
BRDA:69,4,0,0
BRDA:69,4,1,0
BRDA:69,5,0,0
BRDA:69,5,1,0
BRDA:74,6,0,0
BRDA:74,6,1,0
BRDA:89,7,0,0
BRDA:89,7,1,0
BRDA:92,8,0,0
BRDA:92,8,1,0
BRDA:109,9,0,0
BRDA:125,10,0,4
BRDA:144,11,0,0
BRDA:144,11,1,0
BRDA:185,12,0,0
BRDA:185,12,1,4
BRDA:185,13,0,4
BRDA:185,13,1,4
BRDA:200,14,0,0
BRDA:200,14,1,4
BRDA:200,15,0,4
BRDA:200,15,1,4
BRDA:215,16,0,0
BRDA:216,17,0,0
BRDA:216,18,0,0
BRDA:231,19,0,0
BRDA:231,19,1,0
BRDA:250,20,0,0
BRDA:251,21,0,0
BRDA:251,22,0,0
BRDA:268,23,0,0
BRDA:268,23,1,0
BRDA:286,24,0,0
BRDA:287,25,0,0
BRDA:309,26,0,0
BRDA:309,26,1,0
BRF:42
BRH:8
end_of_record
TN:
SF:builder\utils\font-downloader.js
FN:23,(anonymous_0)
FN:47,(anonymous_1)
FN:58,(anonymous_2)
FN:87,(anonymous_3)
FN:98,(anonymous_4)
FN:121,(anonymous_5)
FN:149,(anonymous_6)
FN:153,(anonymous_7)
FN:161,(anonymous_8)
FN:183,(anonymous_9)
FN:187,(anonymous_10)
FN:210,(anonymous_11)
FN:234,(anonymous_12)
FN:241,(anonymous_13)
FN:247,(anonymous_14)
FN:264,(anonymous_15)
FNF:16
FNH:0
FNDA:0,(anonymous_0)
FNDA:0,(anonymous_1)
FNDA:0,(anonymous_2)
FNDA:0,(anonymous_3)
FNDA:0,(anonymous_4)
FNDA:0,(anonymous_5)
FNDA:0,(anonymous_6)
FNDA:0,(anonymous_7)
FNDA:0,(anonymous_8)
FNDA:0,(anonymous_9)
FNDA:0,(anonymous_10)
FNDA:0,(anonymous_11)
FNDA:0,(anonymous_12)
FNDA:0,(anonymous_13)
FNDA:0,(anonymous_14)
FNDA:0,(anonymous_15)
DA:1,0
DA:2,0
DA:3,0
DA:4,0
DA:5,0
DA:6,0
DA:7,0
DA:24,0
DA:25,0
DA:26,0
DA:27,0
DA:30,0
DA:36,0
DA:48,0
DA:59,0
DA:62,0
DA:63,0
DA:64,0
DA:68,0
DA:69,0
DA:70,0
DA:72,0
DA:73,0
DA:74,0
DA:78,0
DA:79,0
DA:88,0
DA:89,0
DA:90,0
DA:99,0
DA:100,0
DA:102,0
DA:103,0
DA:104,0
DA:107,0
DA:108,0
DA:110,0
DA:111,0
DA:122,0
DA:123,0
DA:126,0
DA:127,0
DA:128,0
DA:132,0
DA:133,0
DA:137,0
DA:138,0
DA:139,0
DA:142,0
DA:144,0
DA:147,0
DA:149,0
DA:151,0
DA:153,0
DA:154,0
DA:155,0
DA:161,0
DA:162,0
DA:163,0
DA:164,0
DA:167,0
DA:169,0
DA:170,0
DA:172,0
DA:173,0
DA:184,0
DA:185,0
DA:187,0
DA:188,0
DA:199,0
DA:212,0
DA:214,0
DA:218,0
DA:222,0
DA:235,0
DA:236,0
DA:239,0
DA:240,0
DA:241,0
DA:243,0
DA:244,0
DA:247,0
DA:248,0
DA:249,0
DA:250,0
DA:253,0
DA:256,0
DA:265,0
DA:268,0
DA:271,0
DA:274,0
DA:275,0
DA:278,0
DA:281,0
DA:282,0
DA:285,0
DA:286,0
DA:288,0
DA:292,0
DA:293,0
DA:296,0
DA:300,0
DA:301,0
DA:303,0
DA:304,0
DA:309,0
DA:310,0
DA:313,0
DA:314,0
DA:316,0
DA:317,0
DA:321,0
DA:324,0
DA:325,0
DA:326,0
DA:328,0
DA:329,0
DA:332,0
DA:333,0
DA:336,0
DA:340,0
LF:121
LH:0
BRDA:23,0,0,0
BRDA:23,1,0,0
BRDA:59,2,0,0
BRDA:59,2,1,0
BRDA:62,3,0,0
BRDA:62,3,1,0
BRDA:62,4,0,0
BRDA:62,4,1,0
BRDA:68,5,0,0
BRDA:68,5,1,0
BRDA:68,6,0,0
BRDA:68,6,1,0
BRDA:72,7,0,0
BRDA:72,7,1,0
BRDA:72,8,0,0
BRDA:72,8,1,0
BRDA:126,9,0,0
BRDA:126,9,1,0
BRDA:132,10,0,0
BRDA:132,10,1,0
BRDA:138,11,0,0
BRDA:138,11,1,0
BRDA:151,12,0,0
BRDA:151,12,1,0
BRDA:151,13,0,0
BRDA:151,13,1,0
BRDA:154,14,0,0
BRDA:154,14,1,0
BRDA:214,15,0,0
BRDA:214,15,1,0
BRDA:218,16,0,0
BRDA:218,16,1,0
BRDA:235,17,0,0
BRDA:235,17,1,0
BRDA:243,18,0,0
BRDA:243,18,1,0
BRDA:285,19,0,0
BRDA:285,19,1,0
BRDA:292,20,0,0
BRDA:292,20,1,0
BRDA:293,21,0,0
BRDA:293,21,1,0
BRDA:300,22,0,0
BRDA:300,22,1,0
BRDA:303,23,0,0
BRDA:303,23,1,0
BRDA:313,24,0,0
BRDA:313,24,1,0
BRDA:316,25,0,0
BRDA:316,25,1,0
BRDA:316,26,0,0
BRDA:316,26,1,0
BRDA:328,27,0,0
BRDA:328,27,1,0
BRDA:328,28,0,0
BRDA:328,28,1,0
BRF:56
BRH:0
end_of_record
TN:
SF:builder\utils\validator.js
FN:17,getNestedValue
FN:22,(anonymous_1)
FN:33,validateRequiredFields
FN:55,validateUrl
FN:79,validateArray
FN:97,validateString
FN:129,validateNumber
FN:158,validateBoolean
FN:174,validateEnum
FNF:9
FNH:6
FNDA:82,getNestedValue
FNDA:164,(anonymous_1)
FNDA:15,validateRequiredFields
FNDA:14,validateUrl
FNDA:8,validateArray
FNDA:53,validateString
FNDA:0,validateNumber
FNDA:0,validateBoolean
FNDA:0,validateEnum
DA:1,1
DA:18,82
DA:19,0
DA:22,82
DA:23,164
DA:34,15
DA:35,0
DA:38,15
DA:39,82
DA:40,82
DA:41,2
DA:56,14
DA:57,0
DA:64,14
DA:65,14
DA:66,1
DA:80,8
DA:81,0
DA:98,53
DA:99,0
DA:105,53
DA:106,0
DA:112,53
DA:113,2
DA:130,0
DA:131,0
DA:137,0
DA:138,0
DA:144,0
DA:145,0
DA:159,0
DA:160,0
DA:175,0
DA:176,0
DA:183,1
LF:35
LH:19
BRDA:18,0,0,0
BRDA:18,0,1,82
BRDA:18,1,0,82
BRDA:18,1,1,82
BRDA:34,2,0,0
BRDA:34,2,1,15
BRDA:34,3,0,15
BRDA:34,3,1,15
BRDA:40,4,0,2
BRDA:40,4,1,80
BRDA:40,5,0,82
BRDA:40,5,1,80
BRDA:40,5,2,80
BRDA:55,6,0,0
BRDA:56,7,0,0
BRDA:56,7,1,14
BRDA:65,8,0,1
BRDA:65,8,1,13
BRDA:65,9,0,14
BRDA:65,9,1,1
BRDA:79,10,0,0
BRDA:80,11,0,0
BRDA:80,11,1,8
BRDA:97,12,0,0
BRDA:97,13,0,0
BRDA:98,14,0,0
BRDA:98,14,1,53
BRDA:105,15,0,0
BRDA:105,15,1,53
BRDA:105,16,0,53
BRDA:105,16,1,51
BRDA:112,17,0,2
BRDA:112,17,1,51
BRDA:112,18,0,53
BRDA:112,18,1,23
BRDA:129,19,0,0
BRDA:129,20,0,0
BRDA:130,21,0,0
BRDA:130,21,1,0
BRDA:130,22,0,0
BRDA:130,22,1,0
BRDA:137,23,0,0
BRDA:137,23,1,0
BRDA:137,24,0,0
BRDA:137,24,1,0
BRDA:144,25,0,0
BRDA:144,25,1,0
BRDA:144,26,0,0
BRDA:144,26,1,0
BRDA:158,27,0,0
BRDA:159,28,0,0
BRDA:159,28,1,0
BRDA:174,29,0,0
BRDA:175,30,0,0
BRDA:175,30,1,0
BRF:55
BRH:25
end_of_record
