TN:
SF:builder\errors.js
FN:19,ChironError
FN:31,toJSON
FN:51,ConfigurationError
FN:66,FileSystemError
FN:81,ParseError
FN:96,TemplateError
FN:111,ValidationError
FNF:7
FNH:3
FNDA:42,ChironError
FNDA:0,toJSON
FNDA:40,ConfigurationError
FNDA:0,FileSystemError
FNDA:2,ParseError
FNDA:0,TemplateError
FNDA:0,ValidationError
DA:1,1
DA:2,1
DA:3,1
DA:4,1
DA:5,1
DA:6,1
DA:7,1
DA:8,1
DA:9,1
DA:10,1
DA:11,1
DA:12,1
DA:13,1
DA:14,1
DA:15,1
DA:16,1
DA:17,1
DA:18,1
DA:19,1
DA:20,42
DA:21,42
DA:22,42
DA:23,42
DA:24,42
DA:25,42
DA:26,1
DA:27,1
DA:28,1
DA:29,1
DA:30,1
DA:31,1
DA:32,0
DA:33,0
DA:34,0
DA:35,0
DA:36,0
DA:37,0
DA:38,0
DA:39,0
DA:40,1
DA:41,1
DA:42,1
DA:43,1
DA:44,1
DA:45,1
DA:46,1
DA:47,1
DA:48,1
DA:49,1
DA:50,1
DA:51,1
DA:52,40
DA:53,40
DA:54,1
DA:55,1
DA:56,1
DA:57,1
DA:58,1
DA:59,1
DA:60,1
DA:61,1
DA:62,1
DA:63,1
DA:64,1
DA:65,1
DA:66,1
DA:67,0
DA:68,0
DA:69,1
DA:70,1
DA:71,1
DA:72,1
DA:73,1
DA:74,1
DA:75,1
DA:76,1
DA:77,1
DA:78,1
DA:79,1
DA:80,1
DA:81,1
DA:82,2
DA:83,2
DA:84,1
DA:85,1
DA:86,1
DA:87,1
DA:88,1
DA:89,1
DA:90,1
DA:91,1
DA:92,1
DA:93,1
DA:94,1
DA:95,1
DA:96,1
DA:97,0
DA:98,0
DA:99,1
DA:100,1
DA:101,1
DA:102,1
DA:103,1
DA:104,1
DA:105,1
DA:106,1
DA:107,1
DA:108,1
DA:109,1
DA:110,1
DA:111,1
DA:112,0
DA:113,0
DA:114,1
DA:115,1
DA:116,1
DA:117,1
DA:118,1
DA:119,1
DA:120,1
DA:121,1
DA:122,1
DA:123,1
LF:123
LH:109
BRDA:19,0,0,42
BRDA:22,1,0,0
BRDA:51,2,0,40
BRDA:81,3,0,2
BRF:4
BRH:3
end_of_record
TN:
SF:builder\index.js
FN:65,ChironBuilder
FN:106,resolvePath
FN:122,getOutputDir
FN:134,getContentDir
FN:149,getAssetsDir
FN:159,loadConfig
FN:187,loadPluginsConfig
FN:232,init
FN:330,getContentFiles
FN:364,detectLocale
FN:396,addToPageRegistry
FN:561,buildFallbackEntries
FN:604,getAvailableLocalesForPage
FN:641,processMarkdownFile
FN:702,isActive
FN:813,processFallbackEntry
FN:942,copyAssets
FN:977,copyAssetsWithOptimization
FN:1024,copyStaticFiles
FN:1099,copyScripts
FN:1239,generate404
FN:1262,isActive
FN:1275,generateRootRedirect
FN:1460,build
FN:1768,watch
FNF:25
FNH:20
FNDA:110,ChironBuilder
FNDA:83,resolvePath
FNDA:26,getOutputDir
FNDA:52,getContentDir
FNDA:8,getAssetsDir
FNDA:21,loadConfig
FNDA:14,loadPluginsConfig
FNDA:8,init
FNDA:52,getContentFiles
FNDA:175,detectLocale
FNDA:175,addToPageRegistry
FNDA:9,buildFallbackEntries
FNDA:8,getAvailableLocalesForPage
FNDA:9,processMarkdownFile
FNDA:0,isActive
FNDA:0,processFallbackEntry
FNDA:6,copyAssets
FNDA:5,copyAssetsWithOptimization
FNDA:2,copyStaticFiles
FNDA:0,copyScripts
FNDA:2,generate404
FNDA:0,isActive
FNDA:2,generateRootRedirect
FNDA:12,build
FNDA:0,watch
DA:1,1
DA:2,1
DA:3,1
DA:4,1
DA:5,1
DA:6,1
DA:7,1
DA:8,1
DA:9,1
DA:10,1
DA:11,1
DA:12,1
DA:13,1
DA:14,1
DA:15,1
DA:16,1
DA:17,1
DA:18,1
DA:19,1
DA:20,1
DA:21,1
DA:22,1
DA:23,1
DA:24,1
DA:25,1
DA:26,1
DA:27,1
DA:28,1
DA:29,1
DA:30,1
DA:31,1
DA:32,1
DA:33,1
DA:34,1
DA:35,1
DA:36,1
DA:37,1
DA:38,1
DA:39,1
DA:40,1
DA:41,1
DA:42,1
DA:43,1
DA:44,1
DA:45,1
DA:46,1
DA:47,1
DA:48,1
DA:49,1
DA:50,1
DA:51,1
DA:52,1
DA:53,1
DA:54,1
DA:55,1
DA:56,1
DA:57,1
DA:58,1
DA:59,1
DA:60,1
DA:61,1
DA:62,1
DA:63,1
DA:64,1
DA:65,1
DA:66,110
DA:67,110
DA:68,110
DA:69,110
DA:70,7
DA:71,7
DA:72,7
DA:73,110
DA:74,103
DA:75,103
DA:76,103
DA:77,103
DA:78,103
DA:79,103
DA:80,103
DA:81,96
DA:82,96
DA:83,96
DA:84,103
DA:85,7
DA:86,7
DA:87,7
DA:88,7
DA:89,103
DA:90,103
DA:91,103
DA:92,110
DA:93,110
DA:94,110
DA:95,110
DA:96,110
DA:97,110
DA:98,110
DA:99,110
DA:100,110
DA:101,1
DA:102,1
DA:103,1
DA:104,1
DA:105,1
DA:106,1
DA:107,83
DA:108,0
DA:109,0
DA:110,83
DA:111,83
DA:112,0
DA:113,0
DA:114,83
DA:115,83
DA:116,83
DA:117,1
DA:118,1
DA:119,1
DA:120,1
DA:121,1
DA:122,1
DA:123,26
DA:124,26
DA:125,0
DA:126,0
DA:127,26
DA:128,26
DA:129,1
DA:130,1
DA:131,1
DA:132,1
DA:133,1
DA:134,1
DA:135,52
DA:136,52
DA:137,2
DA:138,2
DA:139,52
DA:140,1
DA:141,1
DA:142,49
DA:143,49
DA:144,1
DA:145,1
DA:146,1
DA:147,1
DA:148,1
DA:149,1
DA:150,8
DA:151,8
DA:152,8
DA:153,1
DA:154,1
DA:155,1
DA:156,1
DA:157,1
DA:158,1
DA:159,1
DA:160,21
DA:161,21
DA:162,0
DA:163,0
DA:164,0
DA:165,0
DA:166,0
DA:167,0
DA:168,0
DA:169,0
DA:170,0
DA:171,0
DA:172,0
DA:173,0
DA:174,0
DA:175,0
DA:176,0
DA:177,21
DA:178,21
DA:179,21
DA:180,21
DA:181,21
DA:182,1
DA:183,1
DA:184,1
DA:185,1
DA:186,1
DA:187,1
DA:188,14
DA:189,14
DA:190,14
DA:191,8
DA:192,8
DA:193,8
DA:194,6
DA:195,6
DA:196,6
DA:197,6
DA:198,6
DA:199,6
DA:200,14
DA:201,1
DA:202,1
DA:203,1
DA:204,4
DA:205,4
DA:206,4
DA:207,4
DA:208,4
DA:209,4
DA:210,4
DA:211,4
DA:212,4
DA:213,4
DA:214,14
DA:215,14
DA:216,14
DA:217,14
DA:218,14
DA:219,14
DA:220,14
DA:221,14
DA:222,14
DA:223,1
DA:224,1
DA:225,1
DA:226,14
DA:227,1
DA:228,1
DA:229,1
DA:230,1
DA:231,1
DA:232,1
DA:233,8
DA:234,8
DA:235,8
DA:236,8
DA:237,8
DA:238,8
DA:239,8
DA:240,8
DA:241,8
DA:242,8
DA:243,8
DA:244,8
DA:245,8
DA:246,8
DA:247,8
DA:248,8
DA:249,8
DA:250,8
DA:251,8
DA:252,8
DA:253,8
DA:254,8
DA:255,1
DA:256,1
DA:257,1
DA:258,0
DA:259,1
DA:260,1
DA:261,1
DA:262,1
DA:263,8
DA:264,7
DA:265,7
DA:266,8
DA:267,8
DA:268,8
DA:269,8
DA:270,8
DA:271,8
DA:272,8
DA:273,8
DA:274,8
DA:275,8
DA:276,8
DA:277,8
DA:278,8
DA:279,1
DA:280,1
DA:281,1
DA:282,0
DA:283,0
DA:284,1
DA:285,1
DA:286,1
DA:287,1
DA:288,1
DA:289,1
DA:290,0
DA:291,0
DA:292,0
DA:293,0
DA:294,0
DA:295,0
DA:296,0
DA:297,0
DA:298,0
DA:299,1
DA:300,8
DA:301,8
DA:302,8
DA:303,8
DA:304,8
DA:305,8
DA:306,8
DA:307,8
DA:308,8
DA:309,8
DA:310,8
DA:311,8
DA:312,8
DA:313,1
DA:314,1
DA:315,1
DA:316,1
DA:317,1
DA:318,1
DA:319,1
DA:320,1
DA:321,1
DA:322,1
DA:323,1
DA:324,1
DA:325,1
DA:326,1
DA:327,1
DA:328,1
DA:329,1
DA:330,1
DA:331,52
DA:332,52
DA:333,52
DA:334,1
DA:335,1
DA:336,1
DA:337,48
DA:338,48
DA:339,48
DA:340,48
DA:341,48
DA:342,52
DA:343,52
DA:344,52
DA:345,52
DA:346,52
DA:347,52
DA:348,9
DA:349,9
DA:350,9
DA:351,9
DA:352,52
DA:353,39
DA:354,39
DA:355,39
DA:356,39
DA:357,48
DA:358,48
DA:359,48
DA:360,48
DA:361,48
DA:362,48
DA:363,48
DA:364,48
DA:365,175
DA:366,175
DA:367,152
DA:368,152
DA:369,152
DA:370,152
DA:371,152
DA:372,23
DA:373,23
DA:374,23
DA:375,23
DA:376,23
DA:377,175
DA:378,23
DA:379,23
DA:380,23
DA:381,23
DA:382,23
DA:383,0
DA:384,0
DA:385,0
DA:386,0
DA:387,0
DA:388,0
DA:389,48
DA:390,48
DA:391,48
DA:392,48
DA:393,48
DA:394,48
DA:395,48
DA:396,48
DA:397,175
DA:398,175
DA:399,152
DA:400,152
DA:401,23
DA:402,23
DA:403,23
DA:404,23
DA:405,13
DA:406,13
DA:407,23
DA:408,23
DA:409,23
DA:410,23
DA:411,23
DA:412,23
DA:413,23
DA:414,23
DA:415,23
DA:416,48
DA:417,48
DA:418,48
DA:419,48
DA:420,48
DA:421,48
DA:422,48
DA:423,48
DA:424,48
DA:425,48
DA:426,48
DA:427,48
DA:428,48
DA:429,48
DA:430,48
DA:431,48
DA:432,48
DA:433,48
DA:434,48
DA:435,48
DA:436,48
DA:437,48
DA:438,48
DA:439,48
DA:440,48
DA:441,48
DA:442,48
DA:443,48
DA:444,177
DA:445,177
DA:446,177
DA:447,177
DA:448,177
DA:449,177
DA:450,177
DA:451,0
DA:452,0
DA:453,0
DA:454,0
DA:455,0
DA:456,177
DA:457,177
DA:458,177
DA:459,177
DA:460,177
DA:461,177
DA:462,177
DA:463,177
DA:464,0
DA:465,0
DA:466,0
DA:467,0
DA:468,0
DA:469,0
DA:470,177
DA:471,177
DA:472,177
DA:473,177
DA:474,177
DA:475,177
DA:476,177
DA:477,177
DA:478,177
DA:479,2
DA:480,2
DA:481,2
DA:482,2
DA:483,2
DA:484,2
DA:485,2
DA:486,2
DA:487,175
DA:488,175
DA:489,175
DA:490,175
DA:491,175
DA:492,175
DA:493,175
DA:494,175
DA:495,175
DA:496,177
DA:497,177
DA:498,177
DA:499,177
DA:500,177
DA:501,177
DA:502,177
DA:503,177
DA:504,177
DA:505,177
DA:506,177
DA:507,177
DA:508,177
DA:509,177
DA:510,177
DA:511,177
DA:512,177
DA:513,177
DA:514,177
DA:515,177
DA:516,177
DA:517,177
DA:518,177
DA:519,177
DA:520,177
DA:521,177
DA:522,177
DA:523,177
DA:524,48
DA:525,48
DA:526,48
DA:527,48
DA:528,52
DA:529,9
DA:530,9
DA:531,9
DA:532,9
DA:533,9
DA:534,52
DA:535,37
DA:536,37
DA:537,46
DA:538,46
DA:539,46
DA:540,46
DA:541,46
DA:542,46
DA:543,46
DA:544,52
DA:545,2
DA:546,2
DA:547,2
DA:548,2
DA:549,2
DA:550,2
DA:551,52
DA:552,1
DA:553,1
DA:554,1
DA:555,1
DA:556,1
DA:557,1
DA:558,1
DA:559,1
DA:560,1
DA:561,1
DA:562,9
DA:563,13
DA:564,13
DA:565,26
DA:566,26
DA:567,3
DA:568,3
DA:569,3
DA:570,3
DA:571,3
DA:572,3
DA:573,3
DA:574,3
DA:575,3
DA:576,3
DA:577,3
DA:578,3
DA:579,3
DA:580,3
DA:581,3
DA:582,3
DA:583,3
DA:584,3
DA:585,3
DA:586,3
DA:587,3
DA:588,3
DA:589,3
DA:590,3
DA:591,3
DA:592,3
DA:593,3
DA:594,26
DA:595,13
DA:596,9
DA:597,1
DA:598,1
DA:599,1
DA:600,1
DA:601,1
DA:602,1
DA:603,1
DA:604,1
DA:605,8
DA:606,8
DA:607,8
DA:608,8
DA:609,0
DA:610,0
DA:611,8
DA:612,8
DA:613,8
DA:614,8
DA:615,8
DA:616,8
DA:617,0
DA:618,0
DA:619,0
DA:620,0
DA:621,0
DA:622,0
DA:623,0
DA:624,0
DA:625,0
DA:626,0
DA:627,0
DA:628,0
DA:629,0
DA:630,0
DA:631,0
DA:632,0
DA:633,1
DA:634,1
DA:635,1
DA:636,1
DA:637,1
DA:638,1
DA:639,1
DA:640,1
DA:641,1
DA:642,9
DA:643,9
DA:644,9
DA:645,9
DA:646,9
DA:647,9
DA:648,9
DA:649,9
DA:650,9
DA:651,9
DA:652,9
DA:653,9
DA:654,9
DA:655,9
DA:656,9
DA:657,9
DA:658,9
DA:659,9
DA:660,0
DA:661,0
DA:662,0
DA:663,0
DA:664,0
DA:665,0
DA:666,0
DA:667,0
DA:668,0
DA:669,0
DA:670,0
DA:671,0
DA:672,0
DA:673,9
DA:674,9
DA:675,9
DA:676,9
DA:677,9
DA:678,1
DA:679,1
DA:680,1
DA:681,1
DA:682,1
DA:683,0
DA:684,0
DA:685,1
DA:686,9
DA:687,9
DA:688,9
DA:689,9
DA:690,9
DA:691,1
DA:692,1
DA:693,1
DA:694,1
DA:695,0
DA:696,0
DA:697,1
DA:698,9
DA:699,8
DA:700,8
DA:701,8
DA:702,8
DA:703,0
DA:704,0
DA:705,0
DA:706,0
DA:707,0
DA:708,0
DA:709,0
DA:710,8
DA:711,8
DA:712,8
DA:713,8
DA:714,8
DA:715,8
DA:716,9
DA:717,9
DA:718,9
DA:719,9
DA:720,9
DA:721,9
DA:722,9
DA:723,9
DA:724,9
DA:725,9
DA:726,9
DA:727,9
DA:728,9
DA:729,9
DA:730,9
DA:731,9
DA:732,9
DA:733,9
DA:734,9
DA:735,1
DA:736,1
DA:737,1
DA:738,1
DA:739,1
DA:740,0
DA:741,0
DA:742,1
DA:743,8
DA:744,8
DA:745,8
DA:746,7
DA:747,7
DA:748,9
DA:749,1
DA:750,1
DA:751,1
DA:752,1
DA:753,0
DA:754,0
DA:755,1
DA:756,7
DA:757,7
DA:758,7
DA:759,7
DA:760,7
DA:761,7
DA:762,7
DA:763,7
DA:764,7
DA:765,7
DA:766,7
DA:767,7
DA:768,7
DA:769,7
DA:770,9
DA:771,9
DA:772,9
DA:773,2
DA:774,2
DA:775,2
DA:776,2
DA:777,2
DA:778,2
DA:779,2
DA:780,2
DA:781,2
DA:782,2
DA:783,2
DA:784,2
DA:785,2
DA:786,2
DA:787,2
DA:788,2
DA:789,2
DA:790,2
DA:791,2
DA:792,2
DA:793,2
DA:794,2
DA:795,2
DA:796,0
DA:797,0
DA:798,0
DA:799,2
DA:800,2
DA:801,2
DA:802,2
DA:803,2
DA:804,9
DA:805,1
DA:806,1
DA:807,1
DA:808,1
DA:809,1
DA:810,1
DA:811,1
DA:812,1
DA:813,1
DA:814,0
DA:815,0
DA:816,0
DA:817,0
DA:818,0
DA:819,0
DA:820,0
DA:821,0
DA:822,0
DA:823,0
DA:824,0
DA:825,0
DA:826,0
DA:827,0
DA:828,0
DA:829,0
DA:830,0
DA:831,0
DA:832,0
DA:833,0
DA:834,0
DA:835,0
DA:836,0
DA:837,0
DA:838,0
DA:839,0
DA:840,0
DA:841,0
DA:842,0
DA:843,0
DA:844,0
DA:845,0
DA:846,0
DA:847,0
DA:848,0
DA:849,0
DA:850,0
DA:851,0
DA:852,0
DA:853,0
DA:854,0
DA:855,0
DA:856,0
DA:857,0
DA:858,0
DA:859,0
DA:860,0
DA:861,0
DA:862,0
DA:863,0
DA:864,0
DA:865,0
DA:866,0
DA:867,0
DA:868,0
DA:869,0
DA:870,0
DA:871,0
DA:872,0
DA:873,0
DA:874,0
DA:875,0
DA:876,0
DA:877,0
DA:878,0
DA:879,0
DA:880,0
DA:881,0
DA:882,0
DA:883,0
DA:884,0
DA:885,0
DA:886,0
DA:887,0
DA:888,0
DA:889,0
DA:890,0
DA:891,0
DA:892,0
DA:893,0
DA:894,0
DA:895,0
DA:896,0
DA:897,0
DA:898,0
DA:899,0
DA:900,0
DA:901,0
DA:902,0
DA:903,0
DA:904,0
DA:905,0
DA:906,0
DA:907,0
DA:908,0
DA:909,0
DA:910,0
DA:911,0
DA:912,0
DA:913,0
DA:914,0
DA:915,0
DA:916,0
DA:917,0
DA:918,0
DA:919,0
DA:920,0
DA:921,0
DA:922,0
DA:923,0
DA:924,0
DA:925,0
DA:926,0
DA:927,0
DA:928,0
DA:929,0
DA:930,0
DA:931,0
DA:932,0
DA:933,0
DA:934,0
DA:935,0
DA:936,1
DA:937,1
DA:938,1
DA:939,1
DA:940,1
DA:941,1
DA:942,1
DA:943,6
DA:944,6
DA:945,6
DA:946,6
DA:947,3
DA:948,3
DA:949,3
DA:950,3
DA:951,3
DA:952,3
DA:953,6
DA:954,6
DA:955,6
DA:956,3
DA:957,3
DA:958,3
DA:959,4
DA:960,0
DA:961,0
DA:962,0
DA:963,0
DA:964,6
DA:965,0
DA:966,0
DA:967,0
DA:968,0
DA:969,0
DA:970,0
DA:971,6
DA:972,1
DA:973,1
DA:974,1
DA:975,1
DA:976,1
DA:977,1
DA:978,5
DA:979,0
DA:980,0
DA:981,5
DA:982,5
DA:983,0
DA:984,0
DA:985,5
DA:986,5
DA:987,5
DA:988,5
DA:989,5
DA:990,5
DA:991,6
DA:992,6
DA:993,6
DA:994,6
DA:995,2
DA:996,2
DA:997,6
DA:998,4
DA:999,4
DA:1000,4
DA:1001,2
DA:1002,2
DA:1003,2
DA:1004,0
DA:1005,2
DA:1006,2
DA:1007,2
DA:1008,2
DA:1009,2
DA:1010,2
DA:1011,2
DA:1012,2
DA:1013,2
DA:1014,2
DA:1015,2
DA:1016,4
DA:1017,6
DA:1018,5
DA:1019,1
DA:1020,1
DA:1021,1
DA:1022,1
DA:1023,1
DA:1024,1
DA:1025,2
DA:1026,2
DA:1027,2
DA:1028,2
DA:1029,2
DA:1030,2
DA:1031,2
DA:1032,0
DA:1033,0
DA:1034,0
DA:1035,0
DA:1036,0
DA:1037,0
DA:1038,0
DA:1039,0
DA:1040,0
DA:1041,0
DA:1042,0
DA:1043,0
DA:1044,0
DA:1045,0
DA:1046,0
DA:1047,0
DA:1048,0
DA:1049,0
DA:1050,0
DA:1051,0
DA:1052,0
DA:1053,0
DA:1054,0
DA:1055,0
DA:1056,0
DA:1057,0
DA:1058,0
DA:1059,0
DA:1060,0
DA:1061,0
DA:1062,0
DA:1063,0
DA:1064,0
DA:1065,0
DA:1066,0
DA:1067,0
DA:1068,0
DA:1069,0
DA:1070,0
DA:1071,0
DA:1072,0
DA:1073,0
DA:1074,0
DA:1075,0
DA:1076,0
DA:1077,2
DA:1078,2
DA:1079,2
DA:1080,0
DA:1081,0
DA:1082,2
DA:1083,2
DA:1084,0
DA:1085,0
DA:1086,0
DA:1087,0
DA:1088,0
DA:1089,2
DA:1090,1
DA:1091,1
DA:1092,1
DA:1093,1
DA:1094,1
DA:1095,1
DA:1096,1
DA:1097,1
DA:1098,1
DA:1099,1
DA:1100,0
DA:1101,0
DA:1102,0
DA:1103,0
DA:1104,0
DA:1105,0
DA:1106,0
DA:1107,0
DA:1108,0
DA:1109,0
DA:1110,0
DA:1111,0
DA:1112,0
DA:1113,0
DA:1114,0
DA:1115,0
DA:1116,0
DA:1117,0
DA:1118,0
DA:1119,0
DA:1120,0
DA:1121,0
DA:1122,0
DA:1123,0
DA:1124,0
DA:1125,0
DA:1126,0
DA:1127,0
DA:1128,0
DA:1129,0
DA:1130,0
DA:1131,0
DA:1132,0
DA:1133,0
DA:1134,0
DA:1135,0
DA:1136,0
DA:1137,0
DA:1138,0
DA:1139,0
DA:1140,0
DA:1141,0
DA:1142,0
DA:1143,0
DA:1144,0
DA:1145,0
DA:1146,0
DA:1147,0
DA:1148,0
DA:1149,0
DA:1150,0
DA:1151,0
DA:1152,0
DA:1153,0
DA:1154,0
DA:1155,0
DA:1156,0
DA:1157,0
DA:1158,0
DA:1159,0
DA:1160,0
DA:1161,0
DA:1162,0
DA:1163,0
DA:1164,0
DA:1165,0
DA:1166,0
DA:1167,0
DA:1168,0
DA:1169,0
DA:1170,0
DA:1171,0
DA:1172,0
DA:1173,0
DA:1174,0
DA:1175,0
DA:1176,0
DA:1177,0
DA:1178,0
DA:1179,0
DA:1180,0
DA:1181,0
DA:1182,0
DA:1183,0
DA:1184,0
DA:1185,0
DA:1186,0
DA:1187,0
DA:1188,0
DA:1189,0
DA:1190,0
DA:1191,0
DA:1192,0
DA:1193,0
DA:1194,0
DA:1195,0
DA:1196,0
DA:1197,0
DA:1198,0
DA:1199,0
DA:1200,0
DA:1201,0
DA:1202,0
DA:1203,0
DA:1204,0
DA:1205,0
DA:1206,0
DA:1207,0
DA:1208,0
DA:1209,0
DA:1210,0
DA:1211,0
DA:1212,0
DA:1213,0
DA:1214,0
DA:1215,0
DA:1216,0
DA:1217,0
DA:1218,0
DA:1219,0
DA:1220,0
DA:1221,0
DA:1222,0
DA:1223,0
DA:1224,0
DA:1225,0
DA:1226,0
DA:1227,0
DA:1228,0
DA:1229,0
DA:1230,0
DA:1231,0
DA:1232,0
DA:1233,0
DA:1234,0
DA:1235,1
DA:1236,1
DA:1237,1
DA:1238,1
DA:1239,1
DA:1240,2
DA:1241,2
DA:1242,2
DA:1243,2
DA:1244,2
DA:1245,2
DA:1246,2
DA:1247,2
DA:1248,2
DA:1249,2
DA:1250,2
DA:1251,2
DA:1252,2
DA:1253,2
DA:1254,2
DA:1255,2
DA:1256,2
DA:1257,2
DA:1258,2
DA:1259,2
DA:1260,2
DA:1261,2
DA:1262,2
DA:1263,2
DA:1264,2
DA:1265,2
DA:1266,2
DA:1267,2
DA:1268,2
DA:1269,1
DA:1270,1
DA:1271,1
DA:1272,1
DA:1273,1
DA:1274,1
DA:1275,1
DA:1276,2
DA:1277,2
DA:1278,2
DA:1279,2
DA:1280,0
DA:1281,2
DA:1282,2
DA:1283,2
DA:1284,2
DA:1285,2
DA:1286,2
DA:1287,2
DA:1288,2
DA:1289,2
DA:1290,2
DA:1291,2
DA:1292,2
DA:1293,2
DA:1294,2
DA:1295,2
DA:1296,2
DA:1297,2
DA:1298,2
DA:1299,2
DA:1300,2
DA:1301,2
DA:1302,2
DA:1303,0
DA:1304,0
DA:1305,0
DA:1306,0
DA:1307,0
DA:1308,0
DA:1309,0
DA:1310,0
DA:1311,0
DA:1312,0
DA:1313,0
DA:1314,0
DA:1315,0
DA:1316,0
DA:1317,0
DA:1318,2
DA:1319,2
DA:1320,2
DA:1321,2
DA:1322,2
DA:1323,2
DA:1324,2
DA:1325,2
DA:1326,2
DA:1327,2
DA:1328,2
DA:1329,2
DA:1330,2
DA:1331,2
DA:1332,2
DA:1333,2
DA:1334,2
DA:1335,2
DA:1336,2
DA:1337,2
DA:1338,2
DA:1339,2
DA:1340,2
DA:1341,2
DA:1342,2
DA:1343,2
DA:1344,2
DA:1345,2
DA:1346,2
DA:1347,2
DA:1348,2
DA:1349,2
DA:1350,2
DA:1351,2
DA:1352,2
DA:1353,2
DA:1354,2
DA:1355,2
DA:1356,2
DA:1357,2
DA:1358,2
DA:1359,2
DA:1360,2
DA:1361,2
DA:1362,2
DA:1363,2
DA:1364,2
DA:1365,2
DA:1366,2
DA:1367,2
DA:1368,2
DA:1369,2
DA:1370,2
DA:1371,2
DA:1372,2
DA:1373,2
DA:1374,2
DA:1375,2
DA:1376,2
DA:1377,2
DA:1378,2
DA:1379,2
DA:1380,2
DA:1381,2
DA:1382,2
DA:1383,2
DA:1384,2
DA:1385,2
DA:1386,2
DA:1387,2
DA:1388,2
DA:1389,2
DA:1390,2
DA:1391,2
DA:1392,2
DA:1393,2
DA:1394,2
DA:1395,2
DA:1396,2
DA:1397,2
DA:1398,2
DA:1399,2
DA:1400,2
DA:1401,2
DA:1402,2
DA:1403,2
DA:1404,2
DA:1405,2
DA:1406,2
DA:1407,2
DA:1408,2
DA:1409,2
DA:1410,2
DA:1411,2
DA:1412,2
DA:1413,2
DA:1414,2
DA:1415,2
DA:1416,2
DA:1417,2
DA:1418,2
DA:1419,2
DA:1420,2
DA:1421,2
DA:1422,2
DA:1423,2
DA:1424,2
DA:1425,2
DA:1426,2
DA:1427,2
DA:1428,2
DA:1429,2
DA:1430,0
DA:1431,0
DA:1432,0
DA:1433,0
DA:1434,0
DA:1435,0
DA:1436,0
DA:1437,0
DA:1438,0
DA:1439,0
DA:1440,0
DA:1441,0
DA:1442,0
DA:1443,0
DA:1444,2
DA:1445,2
DA:1446,2
DA:1447,2
DA:1448,2
DA:1449,2
DA:1450,2
DA:1451,2
DA:1452,2
DA:1453,1
DA:1454,1
DA:1455,1
DA:1456,1
DA:1457,1
DA:1458,1
DA:1459,1
DA:1460,1
DA:1461,12
DA:1462,12
DA:1463,12
DA:1464,12
DA:1465,12
DA:1466,12
DA:1467,0
DA:1468,0
DA:1469,0
DA:1470,12
DA:1471,12
DA:1472,12
DA:1473,12
DA:1474,12
DA:1475,12
DA:1476,0
DA:1477,0
DA:1478,0
DA:1479,0
DA:1480,0
DA:1481,0
DA:1482,12
DA:1483,12
DA:1484,12
DA:1485,12
DA:1486,12
DA:1487,12
DA:1488,12
DA:1489,12
DA:1490,12
DA:1491,0
DA:1492,0
DA:1493,0
DA:1494,0
DA:1495,0
DA:1496,0
DA:1497,0
DA:1498,2
DA:1499,2
DA:1500,2
DA:1501,2
DA:1502,2
DA:1503,2
DA:1504,2
DA:1505,0
DA:1506,0
DA:1507,2
DA:1508,2
DA:1509,2
DA:1510,2
DA:1511,2
DA:1512,2
DA:1513,0
DA:1514,0
DA:1515,2
DA:1516,2
DA:1517,2
DA:1518,2
DA:1519,2
DA:1520,5
DA:1521,5
DA:1522,5
DA:1523,5
DA:1524,5
DA:1525,5
DA:1526,5
DA:1527,5
DA:1528,5
DA:1529,5
DA:1530,5
DA:1531,5
DA:1532,0
DA:1533,0
DA:1534,0
DA:1535,0
DA:1536,0
DA:1537,0
DA:1538,0
DA:1539,0
DA:1540,5
DA:1541,2
DA:1542,2
DA:1543,2
DA:1544,2
DA:1545,2
DA:1546,2
DA:1547,2
DA:1548,2
DA:1549,2
DA:1550,2
DA:1551,2
DA:1552,2
DA:1553,2
DA:1554,2
DA:1555,2
DA:1556,2
DA:1557,2
DA:1558,2
DA:1559,2
DA:1560,2
DA:1561,2
DA:1562,2
DA:1563,2
DA:1564,2
DA:1565,2
DA:1566,0
DA:1567,0
DA:1568,0
DA:1569,0
DA:1570,0
DA:1571,0
DA:1572,0
DA:1573,0
DA:1574,0
DA:1575,0
DA:1576,2
DA:1577,2
DA:1578,2
DA:1579,2
DA:1580,2
DA:1581,12
DA:1582,0
DA:1583,0
DA:1584,0
DA:1585,0
DA:1586,0
DA:1587,0
DA:1588,0
DA:1589,0
DA:1590,0
DA:1591,0
DA:1592,0
DA:1593,0
DA:1594,0
DA:1595,0
DA:1596,0
DA:1597,0
DA:1598,0
DA:1599,0
DA:1600,0
DA:1601,2
DA:1602,2
DA:1603,2
DA:1604,2
DA:1605,2
DA:1606,0
DA:1607,0
DA:1608,0
DA:1609,2
DA:1610,2
DA:1611,2
DA:1612,2
DA:1613,2
DA:1614,0
DA:1615,0
DA:1616,0
DA:1617,2
DA:1618,2
DA:1619,2
DA:1620,2
DA:1621,2
DA:1622,2
DA:1623,2
DA:1624,2
DA:1625,2
DA:1626,0
DA:1627,0
DA:1628,2
DA:1629,2
DA:1630,2
DA:1631,2
DA:1632,2
DA:1633,2
DA:1634,0
DA:1635,0
DA:1636,0
DA:1637,2
DA:1638,2
DA:1639,2
DA:1640,2
DA:1641,0
DA:1642,0
DA:1643,0
DA:1644,2
DA:1645,2
DA:1646,2
DA:1647,2
DA:1648,0
DA:1649,0
DA:1650,0
DA:1651,2
DA:1652,2
DA:1653,2
DA:1654,2
DA:1655,2
DA:1656,2
DA:1657,2
DA:1658,2
DA:1659,2
DA:1660,2
DA:1661,0
DA:1662,0
DA:1663,0
DA:1664,2
DA:1665,2
DA:1666,12
DA:1667,2
DA:1668,2
DA:1669,2
DA:1670,2
DA:1671,2
DA:1672,2
DA:1673,2
DA:1674,2
DA:1675,2
DA:1676,0
DA:1677,0
DA:1678,0
DA:1679,2
DA:1680,2
DA:1681,2
DA:1682,12
DA:1683,0
DA:1684,0
DA:1685,0
DA:1686,0
DA:1687,0
DA:1688,0
DA:1689,0
DA:1690,0
DA:1691,0
DA:1692,2
DA:1693,2
DA:1694,2
DA:1695,2
DA:1696,2
DA:1697,12
DA:1698,0
DA:1699,0
DA:1700,0
DA:1701,0
DA:1702,0
DA:1703,0
DA:1704,0
DA:1705,0
DA:1706,0
DA:1707,0
DA:1708,0
DA:1709,0
DA:1710,0
DA:1711,0
DA:1712,0
DA:1713,0
DA:1714,0
DA:1715,0
DA:1716,0
DA:1717,0
DA:1718,2
DA:1719,2
DA:1720,2
DA:1721,0
DA:1722,0
DA:1723,0
DA:1724,0
DA:1725,0
DA:1726,0
DA:1727,0
DA:1728,0
DA:1729,0
DA:1730,0
DA:1731,0
DA:1732,0
DA:1733,0
DA:1734,0
DA:1735,0
DA:1736,0
DA:1737,2
DA:1738,2
DA:1739,2
DA:1740,2
DA:1741,2
DA:1742,2
DA:1743,2
DA:1744,0
DA:1745,0
DA:1746,0
DA:1747,0
DA:1748,0
DA:1749,0
DA:1750,2
DA:1751,2
DA:1752,2
DA:1753,2
DA:1754,12
DA:1755,12
DA:1756,12
DA:1757,0
DA:1758,0
DA:1759,12
DA:1760,12
DA:1761,12
DA:1762,12
DA:1763,1
DA:1764,1
DA:1765,1
DA:1766,1
DA:1767,1
DA:1768,1
DA:1769,0
DA:1770,0
DA:1771,0
DA:1772,0
DA:1773,0
DA:1774,0
DA:1775,0
DA:1776,0
DA:1777,0
DA:1778,0
DA:1779,0
DA:1780,0
DA:1781,0
DA:1782,0
DA:1783,0
DA:1784,0
DA:1785,0
DA:1786,0
DA:1787,0
DA:1788,0
DA:1789,0
DA:1790,0
DA:1791,0
DA:1792,0
DA:1793,0
DA:1794,0
DA:1795,0
DA:1796,0
DA:1797,0
DA:1798,0
DA:1799,0
DA:1800,0
DA:1801,0
DA:1802,0
DA:1803,0
DA:1804,0
DA:1805,0
DA:1806,0
DA:1807,0
DA:1808,0
DA:1809,0
DA:1810,0
DA:1811,0
DA:1812,0
DA:1813,0
DA:1814,0
DA:1815,0
DA:1816,0
DA:1817,0
DA:1818,0
DA:1819,1
DA:1820,1
DA:1821,1
DA:1822,1
DA:1823,0
DA:1824,0
DA:1825,0
DA:1826,0
DA:1827,0
DA:1828,0
DA:1829,0
DA:1830,0
DA:1831,0
DA:1832,0
DA:1833,0
DA:1834,0
DA:1835,0
DA:1836,0
DA:1837,0
DA:1838,0
DA:1839,0
DA:1840,0
DA:1841,0
DA:1842,0
DA:1843,0
DA:1844,0
DA:1845,0
DA:1846,0
DA:1847,0
DA:1848,0
DA:1849,0
DA:1850,0
DA:1851,0
DA:1852,0
DA:1853,0
DA:1854,0
DA:1855,0
DA:1856,0
DA:1857,0
DA:1858,0
DA:1859,1
DA:1860,1
LF:1860
LH:1188
BRDA:1822,0,0,0
BRDA:65,1,0,110
BRDA:69,2,0,7
BRDA:73,3,0,103
BRDA:80,4,0,96
BRDA:84,5,0,7
BRDA:99,6,0,7
BRDA:99,7,0,103
BRDA:106,8,0,83
BRDA:107,9,0,0
BRDA:111,10,0,0
BRDA:122,11,0,26
BRDA:123,12,0,0
BRDA:124,13,0,0
BRDA:134,14,0,52
BRDA:135,15,0,51
BRDA:135,16,0,2
BRDA:136,17,0,2
BRDA:138,18,0,50
BRDA:139,19,0,1
BRDA:141,20,0,49
BRDA:149,21,0,8
BRDA:150,22,0,0
BRDA:150,23,0,0
BRDA:159,24,0,21
BRDA:161,25,0,1
BRDA:161,26,0,0
BRDA:187,27,0,14
BRDA:190,28,0,8
BRDA:193,29,0,6
BRDA:200,30,0,5
BRDA:200,31,0,1
BRDA:203,32,0,4
BRDA:214,33,0,0
BRDA:222,34,0,1
BRDA:218,35,0,6
BRDA:232,36,0,8
BRDA:254,37,0,1
BRDA:254,38,0,1
BRDA:257,39,0,0
BRDA:263,40,0,7
BRDA:278,41,0,1
BRDA:281,42,0,0
BRDA:289,43,0,0
BRDA:330,44,0,52
BRDA:333,45,0,1
BRDA:336,46,0,48
BRDA:342,47,0,9
BRDA:342,48,0,39
BRDA:343,49,0,48
BRDA:344,50,0,9
BRDA:344,51,0,39
BRDA:347,52,0,9
BRDA:352,53,0,39
BRDA:354,54,0,0
BRDA:356,55,0,48
BRDA:528,56,0,9
BRDA:534,57,0,46
BRDA:534,58,0,37
BRDA:544,59,0,2
BRDA:364,60,0,175
BRDA:366,61,0,152
BRDA:371,62,0,23
BRDA:377,63,0,23
BRDA:382,64,0,0
BRDA:396,65,0,175
BRDA:398,66,0,152
BRDA:400,67,0,23
BRDA:404,68,0,13
BRDA:443,69,0,177
BRDA:450,70,0,0
BRDA:463,71,0,0
BRDA:478,72,0,2
BRDA:486,73,0,175
BRDA:495,74,0,23
BRDA:496,75,0,23
BRDA:524,76,0,175
BRDA:561,77,0,9
BRDA:562,78,0,13
BRDA:564,79,0,26
BRDA:566,80,0,3
BRDA:568,81,0,0
BRDA:604,82,0,8
BRDA:606,83,0,0
BRDA:608,84,0,0
BRDA:616,85,0,0
BRDA:641,86,0,9
BRDA:659,87,0,0
BRDA:677,88,0,1
BRDA:677,89,0,1
BRDA:681,90,0,0
BRDA:682,91,0,0
BRDA:690,92,0,1
BRDA:690,93,0,1
BRDA:693,94,0,0
BRDA:694,95,0,0
BRDA:698,96,0,8
BRDA:716,97,0,1
BRDA:717,98,0,7
BRDA:720,99,0,0
BRDA:721,100,0,8
BRDA:722,101,0,0
BRDA:726,102,0,0
BRDA:726,103,0,0
BRDA:727,104,0,0
BRDA:727,105,0,0
BRDA:729,106,0,8
BRDA:734,107,0,1
BRDA:734,108,0,1
BRDA:738,109,0,0
BRDA:739,110,0,0
BRDA:742,111,0,8
BRDA:745,112,0,7
BRDA:748,113,0,1
BRDA:748,114,0,1
BRDA:751,115,0,0
BRDA:752,116,0,0
BRDA:755,117,0,7
BRDA:770,118,0,3
BRDA:772,119,0,2
BRDA:774,120,0,0
BRDA:795,121,0,0
BRDA:942,122,0,6
BRDA:946,123,0,3
BRDA:955,124,0,4
BRDA:955,125,0,3
BRDA:959,126,0,0
BRDA:964,127,0,0
BRDA:977,128,0,5
BRDA:978,129,0,0
BRDA:982,130,0,0
BRDA:990,131,0,6
BRDA:994,132,0,2
BRDA:997,133,0,4
BRDA:1000,134,0,2
BRDA:1003,135,0,0
BRDA:1024,136,0,2
BRDA:1027,137,0,0
BRDA:1031,138,0,0
BRDA:1079,139,0,0
BRDA:1083,140,0,0
BRDA:1239,141,0,2
BRDA:1275,142,0,2
BRDA:1277,143,0,0
BRDA:1279,144,0,0
BRDA:1282,145,0,0
BRDA:1295,146,0,0
BRDA:1296,147,0,0
BRDA:1302,148,0,0
BRDA:1302,149,0,0
BRDA:1319,150,0,0
BRDA:1460,151,0,12
BRDA:1466,152,0,0
BRDA:1475,153,0,0
BRDA:1489,154,0,0
BRDA:1490,155,0,2
BRDA:1490,156,0,0
BRDA:1504,157,0,0
BRDA:1512,158,0,0
BRDA:1519,159,0,5
BRDA:1527,160,0,1
BRDA:1528,161,0,0
BRDA:1531,162,0,0
BRDA:1581,163,0,0
BRDA:1581,164,0,2
BRDA:1581,165,0,0
BRDA:1605,166,0,0
BRDA:1613,167,0,0
BRDA:1625,168,0,0
BRDA:1633,169,0,0
BRDA:1640,170,0,0
BRDA:1647,171,0,0
BRDA:1660,172,0,0
BRDA:1666,173,0,2
BRDA:1675,174,0,0
BRDA:1682,175,0,2
BRDA:1682,176,0,0
BRDA:1697,177,0,0
BRDA:1697,178,0,2
BRDA:1697,179,0,0
BRDA:1720,180,0,0
BRDA:1743,181,0,0
BRDA:1754,182,0,2
BRDA:1754,183,0,0
BRDA:1755,184,0,2
BRDA:1755,185,0,0
BRDA:1755,186,0,2
BRDA:1756,187,0,0
BRDA:1756,188,0,0
BRDA:1759,189,0,2
BRDA:1552,190,0,5
BRDA:1560,191,0,5
BRDA:1561,192,0,5
BRDA:1564,193,0,5
BRDA:1670,194,0,5
BRF:195
BRH:114
end_of_record
TN:
SF:builder\logger.js
FN:60,Logger
FN:73,getTimestamp
FN:85,colorize
FN:100,formatMessage
FN:136,shouldLog
FN:145,error
FN:173,warn
FN:185,info
FN:197,debug
FN:209,verbose
FN:221,child
FN:234,setLevel
FNF:12
FNH:10
FNDA:1499,Logger
FNDA:593,getTimestamp
FNDA:2010,colorize
FNDA:593,formatMessage
FNDA:9911,shouldLog
FNDA:50,error
FNDA:147,warn
FNDA:398,info
FNDA:9318,debug
FNDA:0,verbose
FNDA:1342,child
FNDA:0,setLevel
DA:1,1
DA:2,1
DA:3,1
DA:4,1
DA:5,1
DA:6,1
DA:7,1
DA:8,1
DA:9,1
DA:10,1
DA:11,1
DA:12,1
DA:13,1
DA:14,1
DA:15,1
DA:16,1
DA:17,1
DA:18,1
DA:19,1
DA:20,1
DA:21,1
DA:22,1
DA:23,1
DA:24,1
DA:25,1
DA:26,1
DA:27,1
DA:28,1
DA:29,1
DA:30,1
DA:31,1
DA:32,1
DA:33,1
DA:34,1
DA:35,1
DA:36,1
DA:37,1
DA:38,1
DA:39,1
DA:40,1
DA:41,1
DA:42,1
DA:43,1
DA:44,1
DA:45,1
DA:46,1
DA:47,1
DA:48,1
DA:49,1
DA:50,1
DA:51,1
DA:52,1
DA:53,1
DA:54,1
DA:55,1
DA:56,1
DA:57,1
DA:58,1
DA:59,1
DA:60,1
DA:61,1499
DA:62,1499
DA:63,1499
DA:64,1499
DA:65,1499
DA:66,1499
DA:67,1
DA:68,1
DA:69,1
DA:70,1
DA:71,1
DA:72,1
DA:73,1
DA:74,593
DA:75,593
DA:76,593
DA:77,1
DA:78,1
DA:79,1
DA:80,1
DA:81,1
DA:82,1
DA:83,1
DA:84,1
DA:85,1
DA:86,2010
DA:87,0
DA:88,0
DA:89,2010
DA:90,2010
DA:91,1
DA:92,1
DA:93,1
DA:94,1
DA:95,1
DA:96,1
DA:97,1
DA:98,1
DA:99,1
DA:100,1
DA:101,593
DA:102,593
DA:103,593
DA:104,593
DA:105,593
DA:106,593
DA:107,593
DA:108,593
DA:109,593
DA:110,593
DA:111,593
DA:112,593
DA:113,593
DA:114,593
DA:115,593
DA:116,593
DA:117,593
DA:118,484
DA:119,484
DA:120,593
DA:121,593
DA:122,593
DA:123,593
DA:124,340
DA:125,340
DA:126,593
DA:127,593
DA:128,593
DA:129,1
DA:130,1
DA:131,1
DA:132,1
DA:133,1
DA:134,1
DA:135,1
DA:136,1
DA:137,9911
DA:138,9911
DA:139,1
DA:140,1
DA:141,1
DA:142,1
DA:143,1
DA:144,1
DA:145,1
DA:146,50
DA:147,0
DA:148,0
DA:149,50
DA:150,50
DA:151,9
DA:152,9
DA:153,9
DA:154,9
DA:155,9
DA:156,9
DA:157,9
DA:158,9
DA:159,9
DA:160,9
DA:161,9
DA:162,9
DA:163,50
DA:164,41
DA:165,41
DA:166,50
DA:167,1
DA:168,1
DA:169,1
DA:170,1
DA:171,1
DA:172,1
DA:173,1
DA:174,147
DA:175,0
DA:176,0
DA:177,147
DA:178,147
DA:179,1
DA:180,1
DA:181,1
DA:182,1
DA:183,1
DA:184,1
DA:185,1
DA:186,398
DA:187,0
DA:188,0
DA:189,398
DA:190,398
DA:191,1
DA:192,1
DA:193,1
DA:194,1
DA:195,1
DA:196,1
DA:197,1
DA:198,9318
DA:199,9318
DA:200,9318
DA:201,0
DA:202,0
DA:203,1
DA:204,1
DA:205,1
DA:206,1
DA:207,1
DA:208,1
DA:209,1
DA:210,0
DA:211,0
DA:212,0
DA:213,0
DA:214,0
DA:215,1
DA:216,1
DA:217,1
DA:218,1
DA:219,1
DA:220,1
DA:221,1
DA:222,1342
DA:223,1342
DA:224,1342
DA:225,1342
DA:226,1342
DA:227,1342
DA:228,1342
DA:229,1
DA:230,1
DA:231,1
DA:232,1
DA:233,1
DA:234,1
DA:235,0
DA:236,0
DA:237,0
DA:238,0
DA:239,0
DA:240,0
DA:241,0
DA:242,1
DA:243,1
DA:244,1
DA:245,1
DA:246,1
DA:247,1
DA:248,1
DA:249,1
DA:250,1
DA:251,1
DA:252,1
DA:253,1
DA:254,1
DA:255,1
LF:255
LH:233
BRDA:60,0,0,1499
BRDA:61,1,0,68
BRDA:64,2,0,157
BRDA:65,3,0,44
BRDA:73,4,0,593
BRDA:85,5,0,2010
BRDA:86,6,0,0
BRDA:100,7,0,593
BRDA:117,8,0,484
BRDA:123,9,0,340
BRDA:136,10,0,9911
BRDA:145,11,0,50
BRDA:146,12,0,0
BRDA:150,13,0,9
BRDA:163,14,0,41
BRDA:173,15,0,147
BRDA:174,16,0,0
BRDA:185,17,0,398
BRDA:186,18,0,0
BRDA:197,19,0,9318
BRDA:200,20,0,0
BRDA:221,21,0,1342
BRDA:226,22,0,0
BRF:23
BRH:17
end_of_record
TN:
SF:builder\markdown-extensions.js
FN:17,start
FN:20,tokenizer
FN:32,renderer
FN:48,start
FN:51,tokenizer
FN:70,renderer
FN:84,replaceAbbreviations
FNF:7
FNH:6
FNDA:2197,start
FNDA:7100,tokenizer
FNDA:0,renderer
FNDA:2197,start
FNDA:7101,tokenizer
FNDA:1,renderer
FNDA:1,replaceAbbreviations
DA:1,1
DA:2,1
DA:3,1
DA:4,1
DA:5,1
DA:6,1
DA:7,1
DA:8,1
DA:9,1
DA:10,1
DA:11,1
DA:12,1
DA:13,1
DA:14,1
DA:15,1
DA:16,1
DA:17,1
DA:18,2197
DA:19,1
DA:20,1
DA:21,7100
DA:22,7100
DA:23,7100
DA:24,0
DA:25,0
DA:26,0
DA:27,0
DA:28,0
DA:29,0
DA:30,0
DA:31,1
DA:32,1
DA:33,0
DA:34,0
DA:35,0
DA:36,0
DA:37,1
DA:38,1
DA:39,1
DA:40,1
DA:41,1
DA:42,1
DA:43,1
DA:44,1
DA:45,1
DA:46,1
DA:47,1
DA:48,1
DA:49,2197
DA:50,1
DA:51,1
DA:52,7101
DA:53,7101
DA:54,7101
DA:55,1
DA:56,1
DA:57,1
DA:58,1
DA:59,1
DA:60,1
DA:61,1
DA:62,1
DA:63,1
DA:64,1
DA:65,1
DA:66,1
DA:67,1
DA:68,1
DA:69,1
DA:70,1
DA:71,1
DA:72,1
DA:73,1
DA:74,1
DA:75,1
DA:76,1
DA:77,1
DA:78,1
DA:79,1
DA:80,1
DA:81,1
DA:82,1
DA:83,1
DA:84,1
DA:85,1
DA:86,0
DA:87,0
DA:88,1
DA:89,1
DA:90,1
DA:91,1
DA:92,1
DA:93,1
DA:94,1
DA:95,1
DA:96,1
DA:97,1
DA:98,1
DA:99,1
DA:100,1
DA:101,1
DA:102,1
DA:103,1
DA:104,1
DA:105,1
DA:106,1
DA:107,1
DA:108,1
DA:109,1
DA:110,1
DA:111,1
DA:112,1
LF:112
LH:99
BRDA:17,0,0,2197
BRDA:18,1,0,0
BRDA:20,2,0,7100
BRDA:23,3,0,0
BRDA:48,4,0,2197
BRDA:49,5,0,0
BRDA:51,6,0,7101
BRDA:54,7,0,1
BRDA:58,8,0,2
BRDA:59,9,0,2
BRDA:60,10,0,2
BRDA:70,11,0,1
BRDA:72,12,0,2
BRDA:84,13,0,1
BRDA:85,14,0,0
BRF:15
BRH:11
end_of_record
TN:
SF:builder\markdown-parser.js
FN:23,MarkdownParser
FN:50,MarkdownParser.renderer.heading
FN:103,MarkdownParser.renderer.link
FN:128,MarkdownParser.renderer.table
FN:161,MarkdownParser.renderer.code
FN:181,registerBuiltInShortcodes
FN:642,processAccordions
FN:707,escapeHtml
FN:722,processTabs
FN:800,parse
FN:905,detectUsedComponents
FN:943,getTOC
FNF:12
FNH:10
FNDA:460,MarkdownParser
FNDA:45,MarkdownParser.renderer.heading
FNDA:2,MarkdownParser.renderer.link
FNDA:6,MarkdownParser.renderer.table
FNDA:6,MarkdownParser.renderer.code
FNDA:460,registerBuiltInShortcodes
FNDA:170,processAccordions
FNDA:181,escapeHtml
FNDA:0,processTabs
FNDA:178,parse
FNDA:0,detectUsedComponents
FNDA:9,getTOC
DA:1,1
DA:2,1
DA:3,1
DA:4,1
DA:5,1
DA:6,1
DA:7,1
DA:8,1
DA:9,1
DA:10,1
DA:11,1
DA:12,1
DA:13,1
DA:14,1
DA:15,1
DA:16,1
DA:17,1
DA:18,1
DA:19,1
DA:20,1
DA:21,1
DA:22,1
DA:23,1
DA:24,460
DA:25,460
DA:26,460
DA:27,460
DA:28,460
DA:29,460
DA:30,460
DA:31,460
DA:32,460
DA:33,460
DA:34,460
DA:35,460
DA:36,460
DA:37,460
DA:38,460
DA:39,460
DA:40,460
DA:41,460
DA:42,460
DA:43,460
DA:44,460
DA:45,460
DA:46,460
DA:47,460
DA:48,460
DA:49,460
DA:50,460
DA:51,45
DA:52,45
DA:53,45
DA:54,45
DA:55,45
DA:56,45
DA:57,45
DA:58,45
DA:59,45
DA:60,45
DA:61,45
DA:62,45
DA:63,45
DA:64,45
DA:65,45
DA:66,45
DA:67,45
DA:68,45
DA:69,45
DA:70,45
DA:71,45
DA:72,45
DA:73,45
DA:74,45
DA:75,45
DA:76,45
DA:77,45
DA:78,45
DA:79,45
DA:80,7
DA:81,7
DA:82,7
DA:83,45
DA:84,45
DA:85,45
DA:86,45
DA:87,45
DA:88,45
DA:89,45
DA:90,45
DA:91,45
DA:92,45
DA:93,45
DA:94,45
DA:95,45
DA:96,45
DA:97,45
DA:98,45
DA:99,45
DA:100,460
DA:101,460
DA:102,460
DA:103,460
DA:104,2
DA:105,2
DA:106,0
DA:107,0
DA:108,2
DA:109,2
DA:110,2
DA:111,2
DA:112,2
DA:113,2
DA:114,1
DA:115,1
DA:116,1
DA:117,1
DA:118,1
DA:119,2
DA:120,2
DA:121,2
DA:122,2
DA:123,2
DA:124,2
DA:125,460
DA:126,460
DA:127,460
DA:128,460
DA:129,6
DA:130,6
DA:131,6
DA:132,6
DA:133,6
DA:134,6
DA:135,12
DA:136,12
DA:137,12
DA:138,6
DA:139,6
DA:140,6
DA:141,6
DA:142,6
DA:143,6
DA:144,12
DA:145,12
DA:146,12
DA:147,6
DA:148,6
DA:149,6
DA:150,6
DA:151,6
DA:152,6
DA:153,6
DA:154,6
DA:155,6
DA:156,460
DA:157,460
DA:158,460
DA:159,460
DA:160,460
DA:161,460
DA:162,6
DA:163,6
DA:164,6
DA:165,6
DA:166,6
DA:167,6
DA:168,6
DA:169,6
DA:170,6
DA:171,6
DA:172,460
DA:173,460
DA:174,460
DA:175,460
DA:176,1
DA:177,1
DA:178,1
DA:179,1
DA:180,1
DA:181,1
DA:182,460
DA:183,460
DA:184,460
DA:185,9
DA:186,9
DA:187,9
DA:188,9
DA:189,9
DA:190,9
DA:191,9
DA:192,9
DA:193,10
DA:194,10
DA:195,10
DA:196,10
DA:197,10
DA:198,9
DA:199,9
DA:200,1
DA:201,1
DA:202,1
DA:203,8
DA:204,8
DA:205,8
DA:206,8
DA:207,8
DA:208,8
DA:209,8
DA:210,10
DA:211,10
DA:212,10
DA:213,10
DA:214,10
DA:215,10
DA:216,10
DA:217,10
DA:218,10
DA:219,10
DA:220,10
DA:221,10
DA:222,8
DA:223,8
DA:224,8
DA:225,8
DA:226,8
DA:227,10
DA:228,10
DA:229,10
DA:230,10
DA:231,10
DA:232,10
DA:233,10
DA:234,10
DA:235,10
DA:236,10
DA:237,10
DA:238,10
DA:239,10
DA:240,1
DA:241,1
DA:242,10
DA:243,10
DA:244,10
DA:245,10
DA:246,8
DA:247,8
DA:248,8
DA:249,8
DA:250,460
DA:251,460
DA:252,460
DA:253,460
DA:254,460
DA:255,8
DA:256,8
DA:257,8
DA:258,8
DA:259,8
DA:260,8
DA:261,0
DA:262,0
DA:263,8
DA:264,8
DA:265,8
DA:266,8
DA:267,8
DA:268,8
DA:269,460
DA:270,460
DA:271,460
DA:272,460
DA:273,460
DA:274,460
DA:275,17
DA:276,17
DA:277,17
DA:278,17
DA:279,17
DA:280,17
DA:281,17
DA:282,460
DA:283,460
DA:284,460
DA:285,460
DA:286,460
DA:287,13
DA:288,13
DA:289,13
DA:290,13
DA:291,13
DA:292,13
DA:293,13
DA:294,13
DA:295,13
DA:296,13
DA:297,13
DA:298,460
DA:299,460
DA:300,460
DA:301,460
DA:302,460
DA:303,10
DA:304,10
DA:305,10
DA:306,10
DA:307,460
DA:308,460
DA:309,460
DA:310,460
DA:311,460
DA:312,8
DA:313,8
DA:314,8
DA:315,8
DA:316,8
DA:317,8
DA:318,8
DA:319,8
DA:320,8
DA:321,8
DA:322,8
DA:323,15
DA:324,15
DA:325,8
DA:326,8
DA:327,1
DA:328,1
DA:329,1
DA:330,7
DA:331,7
DA:332,7
DA:333,15
DA:334,15
DA:335,15
DA:336,5
DA:337,5
DA:338,15
DA:339,15
DA:340,7
DA:341,7
DA:342,7
DA:343,7
DA:344,460
DA:345,460
DA:346,460
DA:347,460
DA:348,460
DA:349,11
DA:350,11
DA:351,11
DA:352,11
DA:353,11
DA:354,11
DA:355,11
DA:356,11
DA:357,11
DA:358,10
DA:359,10
DA:360,0
DA:361,0
DA:362,10
DA:363,10
DA:364,11
DA:365,11
DA:366,11
DA:367,11
DA:368,11
DA:369,11
DA:370,11
DA:371,11
DA:372,11
DA:373,460
DA:374,460
DA:375,460
DA:376,460
DA:377,460
DA:378,7
DA:379,7
DA:380,7
DA:381,7
DA:382,7
DA:383,7
DA:384,0
DA:385,0
DA:386,7
DA:387,7
DA:388,7
DA:389,7
DA:390,7
DA:391,7
DA:392,7
DA:393,460
DA:394,460
DA:395,460
DA:396,460
DA:397,460
DA:398,11
DA:399,11
DA:400,11
DA:401,11
DA:402,11
DA:403,11
DA:404,11
DA:405,11
DA:406,0
DA:407,0
DA:408,11
DA:409,11
DA:410,11
DA:411,11
DA:412,11
DA:413,11
DA:414,11
DA:415,11
DA:416,11
DA:417,460
DA:418,460
DA:419,460
DA:420,460
DA:421,460
DA:422,5
DA:423,5
DA:424,5
DA:425,5
DA:426,5
DA:427,5
DA:428,5
DA:429,0
DA:430,0
DA:431,5
DA:432,5
DA:433,5
DA:434,5
DA:435,5
DA:436,5
DA:437,460
DA:438,460
DA:439,460
DA:440,460
DA:441,460
DA:442,5
DA:443,5
DA:444,5
DA:445,5
DA:446,5
DA:447,5
DA:448,5
DA:449,5
DA:450,5
DA:451,5
DA:452,5
DA:453,460
DA:454,460
DA:455,460
DA:456,460
DA:457,460
DA:458,9
DA:459,9
DA:460,9
DA:461,9
DA:462,9
DA:463,9
DA:464,9
DA:465,9
DA:466,9
DA:467,0
DA:468,0
DA:469,9
DA:470,9
DA:471,9
DA:472,9
DA:473,9
DA:474,460
DA:475,460
DA:476,460
DA:477,460
DA:478,460
DA:479,14
DA:480,14
DA:481,14
DA:482,14
DA:483,14
DA:484,14
DA:485,14
DA:486,14
DA:487,14
DA:488,14
DA:489,2
DA:490,14
DA:491,1
DA:492,1
DA:493,1
DA:494,12
DA:495,11
DA:496,11
DA:497,14
DA:498,14
DA:499,14
DA:500,14
DA:501,14
DA:502,460
DA:503,460
DA:504,460
DA:505,460
DA:506,460
DA:507,4
DA:508,4
DA:509,4
DA:510,4
DA:511,4
DA:512,4
DA:513,4
DA:514,4
DA:515,0
DA:516,0
DA:517,4
DA:518,4
DA:519,4
DA:520,4
DA:521,4
DA:522,4
DA:523,4
DA:524,4
DA:525,0
DA:526,0
DA:527,0
DA:528,0
DA:529,460
DA:530,460
DA:531,460
DA:532,460
DA:533,460
DA:534,9
DA:535,9
DA:536,1
DA:537,1
DA:538,1
DA:539,1
DA:540,1
DA:541,1
DA:542,1
DA:543,1
DA:544,1
DA:545,1
DA:546,1
DA:547,1
DA:548,1
DA:549,1
DA:550,8
DA:551,8
DA:552,9
DA:553,1
DA:554,1
DA:555,1
DA:556,1
DA:557,1
DA:558,1
DA:559,1
DA:560,1
DA:561,1
DA:562,1
DA:563,1
DA:564,1
DA:565,1
DA:566,1
DA:567,7
DA:568,7
DA:569,9
DA:570,9
DA:571,9
DA:572,9
DA:573,9
DA:574,9
DA:575,9
DA:576,9
DA:577,9
DA:578,9
DA:579,9
DA:580,9
DA:581,9
DA:582,460
DA:583,460
DA:584,460
DA:585,460
DA:586,460
DA:587,0
DA:588,0
DA:589,0
DA:590,0
DA:591,0
DA:592,0
DA:593,0
DA:594,0
DA:595,0
DA:596,0
DA:597,0
DA:598,0
DA:599,460
DA:600,460
DA:601,460
DA:602,460
DA:603,460
DA:604,0
DA:605,0
DA:606,0
DA:607,0
DA:608,0
DA:609,0
DA:610,0
DA:611,0
DA:612,0
DA:613,0
DA:614,0
DA:615,0
DA:616,0
DA:617,0
DA:618,0
DA:619,0
DA:620,0
DA:621,0
DA:622,0
DA:623,0
DA:624,0
DA:625,0
DA:626,0
DA:627,0
DA:628,0
DA:629,0
DA:630,0
DA:631,0
DA:632,460
DA:633,460
DA:634,460
DA:635,460
DA:636,460
DA:637,460
DA:638,1
DA:639,1
DA:640,1
DA:641,1
DA:642,1
DA:643,170
DA:644,170
DA:645,170
DA:646,170
DA:647,170
DA:648,170
DA:649,170
DA:650,170
DA:651,170
DA:652,170
DA:653,0
DA:654,0
DA:655,0
DA:656,0
DA:657,0
DA:658,0
DA:659,170
DA:660,170
DA:661,170
DA:662,170
DA:663,170
DA:664,170
DA:665,8
DA:666,8
DA:667,8
DA:668,8
DA:669,0
DA:670,0
DA:671,0
DA:672,0
DA:673,0
DA:674,0
DA:675,170
DA:676,170
DA:677,170
DA:678,170
DA:679,170
DA:680,170
DA:681,170
DA:682,7
DA:683,7
DA:684,7
DA:685,7
DA:686,7
DA:687,7
DA:688,7
DA:689,0
DA:690,0
DA:691,0
DA:692,0
DA:693,0
DA:694,0
DA:695,0
DA:696,0
DA:697,0
DA:698,7
DA:699,170
DA:700,170
DA:701,170
DA:702,170
DA:703,1
DA:704,1
DA:705,1
DA:706,1
DA:707,1
DA:708,181
DA:709,181
DA:710,181
DA:711,181
DA:712,181
DA:713,181
DA:714,181
DA:715,1
DA:716,1
DA:717,1
DA:718,1
DA:719,1
DA:720,1
DA:721,1
DA:722,1
DA:723,0
DA:724,0
DA:725,0
DA:726,0
DA:727,0
DA:728,0
DA:729,0
DA:730,0
DA:731,0
DA:732,0
DA:733,0
DA:734,0
DA:735,0
DA:736,0
DA:737,0
DA:738,0
DA:739,0
DA:740,0
DA:741,0
DA:742,0
DA:743,0
DA:744,0
DA:745,0
DA:746,0
DA:747,0
DA:748,0
DA:749,0
DA:750,0
DA:751,0
DA:752,0
DA:753,0
DA:754,0
DA:755,0
DA:756,0
DA:757,0
DA:758,0
DA:759,0
DA:760,0
DA:761,0
DA:762,0
DA:763,0
DA:764,0
DA:765,0
DA:766,0
DA:767,0
DA:768,0
DA:769,0
DA:770,0
DA:771,0
DA:772,0
DA:773,0
DA:774,0
DA:775,0
DA:776,0
DA:777,0
DA:778,0
DA:779,0
DA:780,0
DA:781,0
DA:782,0
DA:783,0
DA:784,0
DA:785,0
DA:786,0
DA:787,0
DA:788,0
DA:789,0
DA:790,0
DA:791,0
DA:792,0
DA:793,0
DA:794,1
DA:795,1
DA:796,1
DA:797,1
DA:798,1
DA:799,1
DA:800,1
DA:801,178
DA:802,178
DA:803,178
DA:804,178
DA:805,178
DA:806,178
DA:807,178
DA:808,178
DA:809,2
DA:810,2
DA:811,176
DA:812,176
DA:813,178
DA:814,1
DA:815,1
DA:816,1
DA:817,176
DA:818,176
DA:819,178
DA:820,1
DA:821,1
DA:822,175
DA:823,175
DA:824,175
DA:825,178
DA:826,1
DA:827,1
DA:828,174
DA:829,174
DA:830,178
DA:831,2
DA:832,2
DA:833,2
DA:834,2
DA:835,2
DA:836,2
DA:837,2
DA:838,172
DA:839,172
DA:840,172
DA:841,172
DA:842,172
DA:843,172
DA:844,172
DA:845,172
DA:846,172
DA:847,178
DA:848,1
DA:849,1
DA:850,170
DA:851,170
DA:852,170
DA:853,170
DA:854,170
DA:855,170
DA:856,178
DA:857,118
DA:858,118
DA:859,118
DA:860,170
DA:861,170
DA:862,170
DA:863,170
DA:864,170
DA:865,0
DA:866,0
DA:867,0
DA:868,170
DA:869,170
DA:870,170
DA:871,170
DA:872,170
DA:873,170
DA:874,170
DA:875,0
DA:876,0
DA:877,0
DA:878,170
DA:879,170
DA:880,170
DA:881,170
DA:882,170
DA:883,170
DA:884,178
DA:885,1
DA:886,1
DA:887,170
DA:888,170
DA:889,178
DA:890,178
DA:891,178
DA:892,178
DA:893,178
DA:894,178
DA:895,2
DA:896,2
DA:897,2
DA:898,178
DA:899,1
DA:900,1
DA:901,1
DA:902,1
DA:903,1
DA:904,1
DA:905,1
DA:906,0
DA:907,0
DA:908,0
DA:909,0
DA:910,0
DA:911,0
DA:912,0
DA:913,0
DA:914,0
DA:915,0
DA:916,0
DA:917,0
DA:918,0
DA:919,0
DA:920,0
DA:921,0
DA:922,0
DA:923,0
DA:924,0
DA:925,0
DA:926,0
DA:927,0
DA:928,0
DA:929,0
DA:930,0
DA:931,0
DA:932,0
DA:933,0
DA:934,0
DA:935,0
DA:936,0
DA:937,0
DA:938,1
DA:939,1
DA:940,1
DA:941,1
DA:942,1
DA:943,1
DA:944,9
DA:945,9
DA:946,1
DA:947,1
DA:948,1
LF:948
LH:758
BRDA:23,0,0,460
BRDA:50,1,0,45
BRDA:76,2,0,0
BRDA:79,3,0,7
BRDA:96,4,0,0
BRDA:103,5,0,2
BRDA:105,6,0,0
BRDA:113,7,0,1
BRDA:115,8,0,0
BRDA:119,9,0,0
BRDA:119,10,0,1
BRDA:120,11,0,1
BRDA:120,12,0,1
BRDA:121,13,0,0
BRDA:113,14,0,5
BRDA:128,15,0,6
BRDA:134,16,0,12
BRDA:135,17,0,0
BRDA:143,18,0,12
BRDA:144,19,0,0
BRDA:161,20,0,6
BRDA:162,21,0,0
BRDA:181,22,0,460
BRDA:184,23,0,9
BRDA:192,24,0,10
BRDA:199,25,0,1
BRDA:202,26,0,8
BRDA:209,27,0,10
BRDA:213,28,0,8
BRDA:213,29,0,2
BRDA:219,30,0,8
BRDA:219,31,0,2
BRDA:226,32,0,10
BRDA:230,33,0,8
BRDA:230,34,0,2
BRDA:231,35,0,8
BRDA:231,36,0,2
BRDA:239,37,0,1
BRDA:254,38,0,8
BRDA:255,39,0,1
BRDA:256,40,0,1
BRDA:256,41,0,7
BRDA:260,42,0,0
BRDA:274,43,0,17
BRDA:275,44,0,1
BRDA:276,45,0,8
BRDA:276,46,0,7
BRDA:278,47,0,1
BRDA:278,48,0,16
BRDA:279,49,0,1
BRDA:279,50,0,16
BRDA:286,51,0,13
BRDA:287,52,0,1
BRDA:289,53,0,3
BRDA:289,54,0,10
BRDA:302,55,0,10
BRDA:303,56,0,1
BRDA:311,57,0,8
BRDA:312,58,0,2
BRDA:314,59,0,6
BRDA:322,60,0,15
BRDA:326,61,0,1
BRDA:329,62,0,7
BRDA:332,63,0,15
BRDA:335,64,0,5
BRDA:348,65,0,11
BRDA:349,66,0,0
BRDA:350,67,0,3
BRDA:350,68,0,8
BRDA:351,69,0,2
BRDA:351,70,0,0
BRDA:351,71,0,9
BRDA:352,72,0,7
BRDA:357,73,0,10
BRDA:359,74,0,0
BRDA:367,75,0,0
BRDA:369,76,0,10
BRDA:369,77,0,1
BRDA:377,78,0,7
BRDA:378,79,0,6
BRDA:378,80,0,1
BRDA:379,81,0,0
BRDA:383,82,0,0
BRDA:397,83,0,11
BRDA:398,84,0,1
BRDA:400,85,0,3
BRDA:400,86,0,8
BRDA:401,87,0,4
BRDA:401,88,0,7
BRDA:405,89,0,0
BRDA:421,90,0,5
BRDA:422,91,0,4
BRDA:422,92,0,1
BRDA:423,93,0,2
BRDA:423,94,0,3
BRDA:424,95,0,1
BRDA:424,96,0,4
BRDA:424,97,0,2
BRDA:424,98,0,2
BRDA:424,99,0,1
BRDA:428,100,0,0
BRDA:441,101,0,5
BRDA:442,102,0,1
BRDA:449,103,0,1
BRDA:449,104,0,4
BRDA:457,105,0,9
BRDA:458,106,0,0
BRDA:459,107,0,5
BRDA:460,108,0,1
BRDA:460,109,0,8
BRDA:461,110,0,2
BRDA:461,111,0,7
BRDA:462,112,0,1
BRDA:462,113,0,8
BRDA:466,114,0,0
BRDA:478,115,0,14
BRDA:479,116,0,1
BRDA:481,117,0,0
BRDA:482,118,0,10
BRDA:482,119,0,3
BRDA:482,120,0,7
BRDA:482,121,0,4
BRDA:483,122,0,2
BRDA:483,123,0,12
BRDA:484,124,0,3
BRDA:484,125,0,11
BRDA:485,126,0,2
BRDA:485,127,0,12
BRDA:488,128,0,2
BRDA:490,129,0,12
BRDA:490,130,0,1
BRDA:494,131,0,11
BRDA:506,132,0,4
BRDA:507,133,0,1
BRDA:507,134,0,3
BRDA:508,135,0,1
BRDA:508,136,0,3
BRDA:510,137,0,1
BRDA:510,138,0,3
BRDA:514,139,0,0
BRDA:524,140,0,0
BRDA:533,141,0,9
BRDA:535,142,0,1
BRDA:537,143,0,0
BRDA:549,144,0,8
BRDA:552,145,0,1
BRDA:554,146,0,0
BRDA:566,147,0,7
BRDA:569,148,0,0
BRDA:570,149,0,1
BRDA:570,150,0,6
BRDA:571,151,0,7
BRDA:571,152,0,0
BRDA:572,153,0,1
BRDA:572,154,0,6
BRDA:573,155,0,1
BRDA:573,156,0,6
BRDA:574,157,0,1
BRDA:574,158,0,6
BRDA:642,159,0,170
BRDA:664,160,0,8
BRDA:668,161,0,0
BRDA:681,162,0,7
BRDA:683,163,0,0
BRDA:688,164,0,0
BRDA:707,165,0,181
BRDA:800,166,0,178
BRDA:808,167,0,177
BRDA:808,168,0,2
BRDA:810,169,0,176
BRDA:813,170,0,1
BRDA:816,171,0,176
BRDA:819,172,0,1
BRDA:821,173,0,175
BRDA:825,174,0,1
BRDA:827,175,0,174
BRDA:830,176,0,2
BRDA:837,177,0,172
BRDA:847,178,0,1
BRDA:849,179,0,170
BRDA:856,180,0,118
BRDA:859,181,0,170
BRDA:884,182,0,1
BRDA:886,183,0,170
BRDA:889,184,0,0
BRDA:894,185,0,2
BRDA:943,186,0,9
BRDA:944,187,0,0
BRF:188
BRH:156
end_of_record
TN:
SF:builder\plugin-context.js
FN:17,cloneImmutable
FN:29,set
FN:32,deleteProperty
FN:35,defineProperty
FN:47,set
FN:50,deleteProperty
FN:53,defineProperty
FN:59,ensureWithinRoot
FN:100,PluginContext
FN:143,get config
FN:151,get logger
FN:159,get rootDir
FN:167,get outputDir
FN:175,get theme
FN:188,resolvePath
FN:211,resolveOutputPath
FN:235,fileExists
FN:255,readFile
FN:279,writeOutputFile
FN:309,setData
FN:320,getData
FN:334,hasData
FN:344,deleteData
FN:351,clearData
FN:381,registerScript
FN:419,registerStylesheet
FN:450,registerAsset
FN:478,getRegisteredScripts
FN:487,getRegisteredStylesheets
FN:502,createLogger
FN:511,getBuildTimestamp
FN:520,getChironVersion
FN:534,toJSON
FNF:33
FNH:23
FNDA:632,cloneImmutable
FNDA:0,set
FNDA:0,deleteProperty
FNDA:0,defineProperty
FNDA:4,set
FNDA:0,deleteProperty
FNDA:0,defineProperty
FNDA:3,ensureWithinRoot
FNDA:64,PluginContext
FNDA:4,get config
FNDA:16,get logger
FNDA:3,get rootDir
FNDA:3,get outputDir
FNDA:4,get theme
FNDA:2,resolvePath
FNDA:1,resolveOutputPath
FNDA:0,fileExists
FNDA:0,readFile
FNDA:0,writeOutputFile
FNDA:22,setData
FNDA:18,getData
FNDA:6,hasData
FNDA:1,deleteData
FNDA:0,clearData
FNDA:7,registerScript
FNDA:2,registerStylesheet
FNDA:1,registerAsset
FNDA:6,getRegisteredScripts
FNDA:2,getRegisteredStylesheets
FNDA:1,createLogger
FNDA:3,getBuildTimestamp
FNDA:1,getChironVersion
FNDA:0,toJSON
DA:1,1
DA:2,1
DA:3,1
DA:4,1
DA:5,1
DA:6,1
DA:7,1
DA:8,1
DA:9,1
DA:10,1
DA:11,1
DA:12,1
DA:13,1
DA:14,1
DA:15,1
DA:16,1
DA:17,632
DA:18,632
DA:19,340
DA:20,340
DA:21,292
DA:22,632
DA:23,0
DA:24,0
DA:25,292
DA:26,632
DA:27,8
DA:28,8
DA:29,8
DA:30,0
DA:31,8
DA:32,8
DA:33,0
DA:34,8
DA:35,8
DA:36,0
DA:37,0
DA:38,8
DA:39,8
DA:40,284
DA:41,284
DA:42,632
DA:43,506
DA:44,506
DA:45,284
DA:46,284
DA:47,284
DA:48,4
DA:49,284
DA:50,284
DA:51,0
DA:52,284
DA:53,284
DA:54,0
DA:55,0
DA:56,284
DA:57,284
DA:58,1
DA:59,3
DA:60,3
DA:61,3
DA:62,0
DA:63,3
DA:64,3
DA:65,3
DA:66,3
DA:67,3
DA:68,3
DA:69,3
DA:70,0
DA:71,0
DA:72,3
DA:73,3
DA:74,3
DA:75,1
DA:76,1
DA:77,1
DA:78,1
DA:79,1
DA:80,1
DA:81,1
DA:82,1
DA:83,1
DA:84,1
DA:85,1
DA:86,1
DA:87,1
DA:88,1
DA:89,1
DA:90,1
DA:91,1
DA:92,1
DA:93,1
DA:94,1
DA:95,1
DA:96,1
DA:97,1
DA:98,1
DA:99,1
DA:100,1
DA:101,64
DA:102,1
DA:103,1
DA:104,63
DA:105,64
DA:106,0
DA:107,0
DA:108,63
DA:109,64
DA:110,0
DA:111,0
DA:112,63
DA:113,64
DA:114,0
DA:115,0
DA:116,63
DA:117,63
DA:118,63
DA:119,63
DA:120,63
DA:121,63
DA:122,64
DA:123,64
DA:124,64
DA:125,64
DA:126,64
DA:127,64
DA:128,64
DA:129,64
DA:130,64
DA:131,64
DA:132,64
DA:133,64
DA:134,64
DA:135,64
DA:136,64
DA:137,64
DA:138,1
DA:139,1
DA:140,1
DA:141,1
DA:142,1
DA:143,1
DA:144,4
DA:145,4
DA:146,1
DA:147,1
DA:148,1
DA:149,1
DA:150,1
DA:151,1
DA:152,16
DA:153,16
DA:154,1
DA:155,1
DA:156,1
DA:157,1
DA:158,1
DA:159,1
DA:160,3
DA:161,3
DA:162,1
DA:163,1
DA:164,1
DA:165,1
DA:166,1
DA:167,1
DA:168,3
DA:169,3
DA:170,1
DA:171,1
DA:172,1
DA:173,1
DA:174,1
DA:175,1
DA:176,4
DA:177,4
DA:178,1
DA:179,1
DA:180,1
DA:181,1
DA:182,1
DA:183,1
DA:184,1
DA:185,1
DA:186,1
DA:187,1
DA:188,1
DA:189,2
DA:190,2
DA:191,2
DA:192,2
DA:193,0
DA:194,0
DA:195,2
DA:196,2
DA:197,2
DA:198,2
DA:199,2
DA:200,2
DA:201,1
DA:202,1
DA:203,1
DA:204,1
DA:205,1
DA:206,1
DA:207,1
DA:208,1
DA:209,1
DA:210,1
DA:211,1
DA:212,1
DA:213,1
DA:214,1
DA:215,0
DA:216,0
DA:217,1
DA:218,1
DA:219,1
DA:220,1
DA:221,1
DA:222,1
DA:223,1
DA:224,1
DA:225,1
DA:226,1
DA:227,1
DA:228,1
DA:229,1
DA:230,1
DA:231,1
DA:232,1
DA:233,1
DA:234,1
DA:235,1
DA:236,0
DA:237,0
DA:238,0
DA:239,0
DA:240,0
DA:241,1
DA:242,1
DA:243,1
DA:244,1
DA:245,1
DA:246,1
DA:247,1
DA:248,1
DA:249,1
DA:250,1
DA:251,1
DA:252,1
DA:253,1
DA:254,1
DA:255,1
DA:256,0
DA:257,0
DA:258,0
DA:259,0
DA:260,0
DA:261,0
DA:262,0
DA:263,0
DA:264,0
DA:265,1
DA:266,1
DA:267,1
DA:268,1
DA:269,1
DA:270,1
DA:271,1
DA:272,1
DA:273,1
DA:274,1
DA:275,1
DA:276,1
DA:277,1
DA:278,1
DA:279,1
DA:280,0
DA:281,0
DA:282,0
DA:283,0
DA:284,0
DA:285,0
DA:286,0
DA:287,0
DA:288,0
DA:289,0
DA:290,0
DA:291,0
DA:292,0
DA:293,0
DA:294,0
DA:295,1
DA:296,1
DA:297,1
DA:298,1
DA:299,1
DA:300,1
DA:301,1
DA:302,1
DA:303,1
DA:304,1
DA:305,1
DA:306,1
DA:307,1
DA:308,1
DA:309,1
DA:310,22
DA:311,22
DA:312,1
DA:313,1
DA:314,1
DA:315,1
DA:316,1
DA:317,1
DA:318,1
DA:319,1
DA:320,1
DA:321,18
DA:322,17
DA:323,17
DA:324,1
DA:325,1
DA:326,1
DA:327,1
DA:328,1
DA:329,1
DA:330,1
DA:331,1
DA:332,1
DA:333,1
DA:334,1
DA:335,6
DA:336,6
DA:337,1
DA:338,1
DA:339,1
DA:340,1
DA:341,1
DA:342,1
DA:343,1
DA:344,1
DA:345,1
DA:346,1
DA:347,1
DA:348,1
DA:349,1
DA:350,1
DA:351,1
DA:352,0
DA:353,0
DA:354,1
DA:355,1
DA:356,1
DA:357,1
DA:358,1
DA:359,1
DA:360,1
DA:361,1
DA:362,1
DA:363,1
DA:364,1
DA:365,1
DA:366,1
DA:367,1
DA:368,1
DA:369,1
DA:370,1
DA:371,1
DA:372,1
DA:373,1
DA:374,1
DA:375,1
DA:376,1
DA:377,1
DA:378,1
DA:379,1
DA:380,1
DA:381,1
DA:382,7
DA:383,7
DA:384,7
DA:385,7
DA:386,7
DA:387,7
DA:388,7
DA:389,7
DA:390,7
DA:391,7
DA:392,7
DA:393,7
DA:394,7
DA:395,0
DA:396,0
DA:397,0
DA:398,0
DA:399,0
DA:400,0
DA:401,0
DA:402,0
DA:403,0
DA:404,0
DA:405,7
DA:406,1
DA:407,1
DA:408,1
DA:409,1
DA:410,1
DA:411,1
DA:412,1
DA:413,1
DA:414,1
DA:415,1
DA:416,1
DA:417,1
DA:418,1
DA:419,1
DA:420,2
DA:421,2
DA:422,2
DA:423,2
DA:424,2
DA:425,2
DA:426,0
DA:427,0
DA:428,0
DA:429,0
DA:430,0
DA:431,0
DA:432,0
DA:433,0
DA:434,2
DA:435,1
DA:436,1
DA:437,1
DA:438,1
DA:439,1
DA:440,1
DA:441,1
DA:442,1
DA:443,1
DA:444,1
DA:445,1
DA:446,1
DA:447,1
DA:448,1
DA:449,1
DA:450,1
DA:451,1
DA:452,1
DA:453,1
DA:454,1
DA:455,1
DA:456,1
DA:457,1
DA:458,1
DA:459,1
DA:460,1
DA:461,1
DA:462,1
DA:463,1
DA:464,1
DA:465,1
DA:466,1
DA:467,1
DA:468,1
DA:469,1
DA:470,1
DA:471,1
DA:472,1
DA:473,1
DA:474,1
DA:475,1
DA:476,1
DA:477,1
DA:478,1
DA:479,6
DA:480,6
DA:481,1
DA:482,1
DA:483,1
DA:484,1
DA:485,1
DA:486,1
DA:487,1
DA:488,2
DA:489,2
DA:490,1
DA:491,1
DA:492,1
DA:493,1
DA:494,1
DA:495,1
DA:496,1
DA:497,1
DA:498,1
DA:499,1
DA:500,1
DA:501,1
DA:502,1
DA:503,1
DA:504,1
DA:505,1
DA:506,1
DA:507,1
DA:508,1
DA:509,1
DA:510,1
DA:511,1
DA:512,3
DA:513,3
DA:514,1
DA:515,1
DA:516,1
DA:517,1
DA:518,1
DA:519,1
DA:520,1
DA:521,1
DA:522,1
DA:523,1
DA:524,1
DA:525,0
DA:526,0
DA:527,1
DA:528,1
DA:529,1
DA:530,1
DA:531,1
DA:532,1
DA:533,1
DA:534,1
DA:535,0
DA:536,0
DA:537,0
DA:538,0
DA:539,0
DA:540,0
DA:541,0
DA:542,0
DA:543,1
DA:544,1
DA:545,1
LF:545
LH:464
BRDA:17,0,0,632
BRDA:18,1,0,412
BRDA:18,2,0,340
BRDA:20,3,0,292
BRDA:22,4,0,0
BRDA:24,5,0,292
BRDA:26,6,0,8
BRDA:39,7,0,284
BRDA:42,8,0,506
BRDA:44,9,0,284
BRDA:47,10,0,4
BRDA:59,11,0,3
BRDA:62,12,0,0
BRDA:69,13,0,0
BRDA:100,14,0,64
BRDA:101,15,0,63
BRDA:101,16,0,1
BRDA:103,17,0,63
BRDA:105,18,0,0
BRDA:107,19,0,63
BRDA:109,20,0,0
BRDA:111,21,0,63
BRDA:113,22,0,0
BRDA:115,23,0,63
BRDA:122,24,0,0
BRDA:143,25,0,4
BRDA:151,26,0,16
BRDA:159,27,0,3
BRDA:167,28,0,3
BRDA:175,29,0,4
BRDA:188,30,0,2
BRDA:191,31,0,2
BRDA:192,32,0,0
BRDA:211,33,0,1
BRDA:213,34,0,1
BRDA:214,35,0,0
BRDA:309,36,0,22
BRDA:320,37,0,18
BRDA:321,38,0,17
BRDA:323,39,0,1
BRDA:334,40,0,6
BRDA:344,41,0,1
BRDA:381,42,0,7
BRDA:394,43,0,0
BRDA:419,44,0,2
BRDA:425,45,0,0
BRDA:450,46,0,1
BRDA:459,47,0,0
BRDA:478,48,0,6
BRDA:479,49,0,7
BRDA:487,50,0,2
BRDA:488,51,0,2
BRDA:502,52,0,1
BRDA:511,53,0,3
BRDA:520,54,0,1
BRDA:524,55,0,0
BRF:56
BRH:43
end_of_record
TN:
SF:builder\plugin-loader.js
FN:48,PluginLoader
FN:66,loadPlugin
FN:86,strategies
FN:140,loadAllPlugins
FN:207,loadAllPluginsWithDependencies
FN:323,_loadBuiltinPlugin
FN:380,_loadNpmPlugin
FN:407,_loadScopedPlugin
FN:436,_loadLocalPlugin
FN:465,_validatePlugin
FN:517,_mergeConfig
FN:537,_preparePlugin
FN:552,_normalizePluginName
FN:561,_sanitizePluginName
FN:574,_getPluginSource
FN:603,listBuiltinPlugins
FN:645,getPluginInfo
FN:670,clearCache
FNF:18
FNH:17
FNDA:59,PluginLoader
FNDA:49,loadPlugin
FNDA:1,strategies
FNDA:5,loadAllPlugins
FNDA:26,loadAllPluginsWithDependencies
FNDA:52,_loadBuiltinPlugin
FNDA:1,_loadNpmPlugin
FNDA:1,_loadScopedPlugin
FNDA:1,_loadLocalPlugin
FNDA:53,_validatePlugin
FNDA:48,_mergeConfig
FNDA:48,_preparePlugin
FNDA:54,_normalizePluginName
FNDA:53,_sanitizePluginName
FNDA:5,_getPluginSource
FNDA:2,listBuiltinPlugins
FNDA:0,getPluginInfo
FNDA:45,clearCache
DA:1,1
DA:2,1
DA:3,1
DA:4,1
DA:5,1
DA:6,1
DA:7,1
DA:8,1
DA:9,1
DA:10,1
DA:11,1
DA:12,1
DA:13,1
DA:14,1
DA:15,1
DA:16,1
DA:17,1
DA:18,1
DA:19,1
DA:20,1
DA:21,1
DA:22,1
DA:23,1
DA:24,1
DA:25,1
DA:26,1
DA:27,1
DA:28,1
DA:29,1
DA:30,1
DA:31,1
DA:32,1
DA:33,1
DA:34,1
DA:35,1
DA:36,1
DA:37,1
DA:38,1
DA:39,1
DA:40,1
DA:41,1
DA:42,1
DA:43,1
DA:44,1
DA:45,1
DA:46,1
DA:47,1
DA:48,1
DA:49,59
DA:50,59
DA:51,59
DA:52,59
DA:53,59
DA:54,1
DA:55,1
DA:56,1
DA:57,1
DA:58,1
DA:59,1
DA:60,1
DA:61,1
DA:62,1
DA:63,1
DA:64,1
DA:65,1
DA:66,1
DA:67,49
DA:68,49
DA:69,49
DA:70,1
DA:71,1
DA:72,48
DA:73,48
DA:74,49
DA:75,2
DA:76,2
DA:77,2
DA:78,46
DA:79,46
DA:80,46
DA:81,46
DA:82,46
DA:83,46
DA:84,46
DA:85,46
DA:86,46
DA:87,46
DA:88,46
DA:89,46
DA:90,48
DA:91,49
DA:92,49
DA:93,49
DA:94,45
DA:95,45
DA:96,45
DA:97,45
DA:98,45
DA:99,45
DA:100,45
DA:101,45
DA:102,45
DA:103,45
DA:104,45
DA:105,49
DA:106,1
DA:107,1
DA:108,1
DA:109,1
DA:110,1
DA:111,1
DA:112,49
DA:113,1
DA:114,1
DA:115,1
DA:116,1
DA:117,1
DA:118,1
DA:119,1
DA:120,1
DA:121,1
DA:122,49
DA:123,49
DA:124,49
DA:125,49
DA:126,49
DA:127,1
DA:128,1
DA:129,1
DA:130,1
DA:131,1
DA:132,1
DA:133,1
DA:134,1
DA:135,1
DA:136,1
DA:137,1
DA:138,1
DA:139,1
DA:140,1
DA:141,5
DA:142,0
DA:143,0
DA:144,0
DA:145,5
DA:146,5
DA:147,5
DA:148,5
DA:149,5
DA:150,5
DA:151,5
DA:152,5
DA:153,5
DA:154,1
DA:155,1
DA:156,1
DA:157,4
DA:158,4
DA:159,5
DA:160,3
DA:161,5
DA:162,1
DA:163,1
DA:164,1
DA:165,1
DA:166,1
DA:167,1
DA:168,1
DA:169,1
DA:170,1
DA:171,5
DA:172,5
DA:173,5
DA:174,5
DA:175,5
DA:176,5
DA:177,5
DA:178,5
DA:179,5
DA:180,5
DA:181,1
DA:182,1
DA:183,5
DA:184,5
DA:185,5
DA:186,1
DA:187,1
DA:188,1
DA:189,1
DA:190,1
DA:191,1
DA:192,1
DA:193,1
DA:194,1
DA:195,1
DA:196,1
DA:197,1
DA:198,1
DA:199,1
DA:200,1
DA:201,1
DA:202,1
DA:203,1
DA:204,1
DA:205,1
DA:206,1
DA:207,1
DA:208,26
DA:209,26
DA:210,26
DA:211,0
DA:212,0
DA:213,0
DA:214,26
DA:215,26
DA:216,26
DA:217,26
DA:218,26
DA:219,26
DA:220,26
DA:221,1
DA:222,1
DA:223,1
DA:224,25
DA:225,25
DA:226,26
DA:227,1
DA:228,1
DA:229,24
DA:230,24
DA:231,24
DA:232,24
DA:233,24
DA:234,24
DA:235,24
DA:236,24
DA:237,24
DA:238,24
DA:239,24
DA:240,26
DA:241,3
DA:242,3
DA:243,3
DA:244,3
DA:245,3
DA:246,3
DA:247,3
DA:248,3
DA:249,3
DA:250,3
DA:251,3
DA:252,3
DA:253,3
DA:254,3
DA:255,21
DA:256,21
DA:257,25
DA:258,0
DA:259,0
DA:260,0
DA:261,0
DA:262,21
DA:263,21
DA:264,21
DA:265,21
DA:266,21
DA:267,21
DA:268,21
DA:269,21
DA:270,21
DA:271,21
DA:272,21
DA:273,24
DA:274,26
DA:275,26
DA:276,21
DA:277,21
DA:278,21
DA:279,21
DA:280,21
DA:281,24
DA:282,31
DA:283,31
DA:284,31
DA:285,31
DA:286,31
DA:287,0
DA:288,0
DA:289,0
DA:290,0
DA:291,0
DA:292,0
DA:293,0
DA:294,0
DA:295,0
DA:296,31
DA:297,21
DA:298,21
DA:299,21
DA:300,21
DA:301,21
DA:302,21
DA:303,21
DA:304,21
DA:305,25
DA:306,0
DA:307,0
DA:308,21
DA:309,21
DA:310,21
DA:311,26
DA:312,3
DA:313,3
DA:314,3
DA:315,3
DA:316,3
DA:317,26
DA:318,1
DA:319,1
DA:320,1
DA:321,1
DA:322,1
DA:323,1
DA:324,52
DA:325,52
DA:326,52
DA:327,1
DA:328,1
DA:329,51
DA:330,51
DA:331,51
DA:332,51
DA:333,51
DA:334,51
DA:335,52
DA:336,0
DA:337,0
DA:338,52
DA:339,3
DA:340,3
DA:341,48
DA:342,48
DA:343,48
DA:344,48
DA:345,52
DA:346,0
DA:347,0
DA:348,48
DA:349,48
DA:350,48
DA:351,48
DA:352,52
DA:353,0
DA:354,0
DA:355,48
DA:356,48
DA:357,48
DA:358,52
DA:359,0
DA:360,0
DA:361,48
DA:362,48
DA:363,48
DA:364,48
DA:365,48
DA:366,48
DA:367,48
DA:368,48
DA:369,48
DA:370,48
DA:371,48
DA:372,48
DA:373,48
DA:374,48
DA:375,1
DA:376,1
DA:377,1
DA:378,1
DA:379,1
DA:380,1
DA:381,1
DA:382,1
DA:383,1
DA:384,1
DA:385,1
DA:386,1
DA:387,1
DA:388,1
DA:389,1
DA:390,1
DA:391,1
DA:392,1
DA:393,1
DA:394,1
DA:395,1
DA:396,1
DA:397,0
DA:398,0
DA:399,1
DA:400,1
DA:401,1
DA:402,1
DA:403,1
DA:404,1
DA:405,1
DA:406,1
DA:407,1
DA:408,1
DA:409,1
DA:410,1
DA:411,1
DA:412,0
DA:413,0
DA:414,0
DA:415,0
DA:416,0
DA:417,0
DA:418,0
DA:419,1
DA:420,1
DA:421,1
DA:422,1
DA:423,1
DA:424,1
DA:425,0
DA:426,0
DA:427,0
DA:428,0
DA:429,0
DA:430,1
DA:431,1
DA:432,1
DA:433,1
DA:434,1
DA:435,1
DA:436,1
DA:437,1
DA:438,1
DA:439,1
DA:440,1
DA:441,1
DA:442,0
DA:443,1
DA:444,1
DA:445,1
DA:446,0
DA:447,0
DA:448,0
DA:449,0
DA:450,0
DA:451,0
DA:452,0
DA:453,0
DA:454,1
DA:455,1
DA:456,1
DA:457,1
DA:458,1
DA:459,1
DA:460,1
DA:461,1
DA:462,1
DA:463,1
DA:464,1
DA:465,1
DA:466,53
DA:467,0
DA:468,0
DA:469,53
DA:470,53
DA:471,1
DA:472,1
DA:473,52
DA:474,53
DA:475,1
DA:476,1
DA:477,51
DA:478,53
DA:479,1
DA:480,1
DA:481,50
DA:482,53
DA:483,49
DA:484,0
DA:485,0
DA:486,49
DA:487,49
DA:488,196
DA:489,0
DA:490,0
DA:491,0
DA:492,0
DA:493,196
DA:494,49
DA:495,50
DA:496,53
DA:497,26
DA:498,0
DA:499,0
DA:500,26
DA:501,26
DA:502,29
DA:503,0
DA:504,0
DA:505,0
DA:506,0
DA:507,29
DA:508,26
DA:509,50
DA:510,50
DA:511,50
DA:512,1
DA:513,1
DA:514,1
DA:515,1
DA:516,1
DA:517,1
DA:518,48
DA:519,48
DA:520,48
DA:521,48
DA:522,48
DA:523,48
DA:524,48
DA:525,48
DA:526,48
DA:527,48
DA:528,48
DA:529,48
DA:530,48
DA:531,48
DA:532,48
DA:533,48
DA:534,48
DA:535,48
DA:536,1
DA:537,1
DA:538,48
DA:539,48
DA:540,48
DA:541,48
DA:542,48
DA:543,48
DA:544,48
DA:545,48
DA:546,48
DA:547,48
DA:548,48
DA:549,48
DA:550,48
DA:551,1
DA:552,1
DA:553,54
DA:554,1
DA:555,1
DA:556,53
DA:557,53
DA:558,54
DA:559,54
DA:560,1
DA:561,1
DA:562,53
DA:563,0
DA:564,0
DA:565,53
DA:566,53
DA:567,53
DA:568,53
DA:569,53
DA:570,53
DA:571,53
DA:572,53
DA:573,1
DA:574,1
DA:575,5
DA:576,5
DA:577,0
DA:578,0
DA:579,5
DA:580,5
DA:581,1
DA:582,1
DA:583,4
DA:584,5
DA:585,1
DA:586,1
DA:587,3
DA:588,5
DA:589,1
DA:590,1
DA:591,2
DA:592,5
DA:593,0
DA:594,0
DA:595,2
DA:596,5
DA:597,1
DA:598,1
DA:599,1
DA:600,1
DA:601,1
DA:602,1
DA:603,1
DA:604,2
DA:605,2
DA:606,2
DA:607,2
DA:608,1
DA:609,1
DA:610,1
DA:611,1
DA:612,1
DA:613,1
DA:614,2
DA:615,0
DA:616,0
DA:617,0
DA:618,0
DA:619,0
DA:620,0
DA:621,1
DA:622,1
DA:623,2
DA:624,7
DA:625,7
DA:626,0
DA:627,0
DA:628,0
DA:629,0
DA:630,7
DA:631,7
DA:632,7
DA:633,7
DA:634,7
DA:635,1
DA:636,1
DA:637,1
DA:638,1
DA:639,1
DA:640,1
DA:641,1
DA:642,1
DA:643,1
DA:644,1
DA:645,1
DA:646,0
DA:647,0
DA:648,0
DA:649,0
DA:650,0
DA:651,0
DA:652,0
DA:653,0
DA:654,0
DA:655,0
DA:656,0
DA:657,0
DA:658,0
DA:659,0
DA:660,0
DA:661,0
DA:662,0
DA:663,0
DA:664,0
DA:665,0
DA:666,1
DA:667,1
DA:668,1
DA:669,1
DA:670,1
DA:671,45
DA:672,45
DA:673,45
DA:674,1
DA:675,1
DA:676,1
LF:676
LH:574
BRDA:48,0,0,59
BRDA:50,1,0,1
BRDA:66,2,0,49
BRDA:69,3,0,1
BRDA:71,4,0,48
BRDA:74,5,0,2
BRDA:77,6,0,48
BRDA:77,7,0,46
BRDA:90,8,0,49
BRDA:92,9,0,48
BRDA:93,10,0,45
BRDA:105,11,0,1
BRDA:112,12,0,1
BRDA:122,13,0,0
BRDA:83,14,0,46
BRDA:84,15,0,1
BRDA:85,16,0,1
BRDA:86,17,0,1
BRDA:140,18,0,5
BRDA:141,19,0,0
BRDA:153,20,0,1
BRDA:156,21,0,4
BRDA:159,22,0,1
BRDA:159,23,0,3
BRDA:161,24,0,1
BRDA:180,25,0,1
BRDA:207,26,0,26
BRDA:210,27,0,0
BRDA:220,28,0,1
BRDA:223,29,0,25
BRDA:226,30,0,1
BRDA:228,31,0,24
BRDA:240,32,0,3
BRDA:254,33,0,25
BRDA:254,34,0,21
BRDA:257,35,0,0
BRDA:261,36,0,24
BRDA:261,37,0,21
BRDA:273,38,0,26
BRDA:274,39,0,10
BRDA:275,40,0,21
BRDA:281,41,0,31
BRDA:283,42,0,5
BRDA:286,43,0,0
BRDA:296,44,0,21
BRDA:305,45,0,0
BRDA:307,46,0,21
BRDA:311,47,0,3
BRDA:217,48,0,32
BRDA:218,49,0,31
BRDA:252,50,0,3
BRDA:323,51,0,52
BRDA:326,52,0,1
BRDA:328,53,0,51
BRDA:334,54,0,48
BRDA:335,55,0,0
BRDA:338,56,0,3
BRDA:340,57,0,48
BRDA:345,58,0,0
BRDA:347,59,0,48
BRDA:352,60,0,0
BRDA:354,61,0,48
BRDA:358,62,0,0
BRDA:360,63,0,48
BRDA:380,64,0,1
BRDA:390,65,0,0
BRDA:396,66,0,0
BRDA:407,67,0,1
BRDA:411,68,0,0
BRDA:424,69,0,0
BRDA:436,70,0,1
BRDA:441,71,0,0
BRDA:443,72,0,0
BRDA:445,73,0,0
BRDA:465,74,0,53
BRDA:466,75,0,0
BRDA:470,76,0,52
BRDA:470,77,0,1
BRDA:472,78,0,52
BRDA:474,79,0,51
BRDA:474,80,0,1
BRDA:476,81,0,51
BRDA:478,82,0,1
BRDA:480,83,0,50
BRDA:482,84,0,49
BRDA:483,85,0,0
BRDA:487,86,0,196
BRDA:488,87,0,0
BRDA:494,88,0,50
BRDA:496,89,0,26
BRDA:497,90,0,0
BRDA:501,91,0,29
BRDA:502,92,0,0
BRDA:508,93,0,50
BRDA:517,94,0,48
BRDA:519,95,0,0
BRDA:523,96,0,0
BRDA:537,97,0,48
BRDA:552,98,0,54
BRDA:553,99,0,1
BRDA:555,100,0,53
BRDA:558,101,0,0
BRDA:561,102,0,53
BRDA:562,103,0,0
BRDA:574,104,0,5
BRDA:576,105,0,0
BRDA:580,106,0,1
BRDA:582,107,0,4
BRDA:584,108,0,3
BRDA:584,109,0,3
BRDA:584,110,0,1
BRDA:586,111,0,3
BRDA:588,112,0,1
BRDA:590,113,0,2
BRDA:592,114,0,0
BRDA:594,115,0,2
BRDA:596,116,0,1
BRDA:603,117,0,2
BRDA:607,118,0,1
BRDA:614,119,0,0
BRDA:620,120,0,1
BRDA:623,121,0,7
BRDA:625,122,0,0
BRDA:634,123,0,1
BRDA:670,124,0,45
BRF:125
BRH:95
end_of_record
TN:
SF:builder\plugin-manager.js
FN:73,PluginManager
FN:98,initialize
FN:165,executeHook
FN:262,executeShortcode
FN:298,hasShortcode
FN:307,getShortcodes
FN:317,getPlugin
FN:326,getPlugins
FN:335,getStats
FN:351,_registerPlugin
FN:401,_registerHook
FN:421,_registerShortcode
FN:447,shutdown
FN:471,_prepareHookArgs
FN:491,_cleanupDisabledPlugins
FN:555,_savePluginState
FNF:16
FNH:14
FNDA:41,PluginManager
FNDA:21,initialize
FNDA:140,executeHook
FNDA:4,executeShortcode
FNDA:0,hasShortcode
FNDA:1,getShortcodes
FNDA:3,getPlugin
FNDA:2,getPlugins
FNDA:2,getStats
FNDA:20,_registerPlugin
FNDA:70,_registerHook
FNDA:16,_registerShortcode
FNDA:0,shutdown
FNDA:115,_prepareHookArgs
FNDA:20,_cleanupDisabledPlugins
FNDA:17,_savePluginState
DA:1,1
DA:2,1
DA:3,1
DA:4,1
DA:5,1
DA:6,1
DA:7,1
DA:8,1
DA:9,1
DA:10,1
DA:11,1
DA:12,1
DA:13,1
DA:14,1
DA:15,1
DA:16,1
DA:17,1
DA:18,1
DA:19,1
DA:20,1
DA:21,1
DA:22,1
DA:23,1
DA:24,1
DA:25,1
DA:26,1
DA:27,1
DA:28,1
DA:29,1
DA:30,1
DA:31,1
DA:32,1
DA:33,1
DA:34,1
DA:35,1
DA:36,1
DA:37,1
DA:38,1
DA:39,1
DA:40,1
DA:41,1
DA:42,1
DA:43,1
DA:44,1
DA:45,1
DA:46,1
DA:47,1
DA:48,1
DA:49,1
DA:50,1
DA:51,1
DA:52,1
DA:53,1
DA:54,1
DA:55,1
DA:56,1
DA:57,1
DA:58,1
DA:59,1
DA:60,1
DA:61,1
DA:62,1
DA:63,1
DA:64,1
DA:65,1
DA:66,1
DA:67,1
DA:68,1
DA:69,1
DA:70,1
DA:71,1
DA:72,1
DA:73,1
DA:74,41
DA:75,41
DA:76,41
DA:77,41
DA:78,41
DA:79,41
DA:80,41
DA:81,41
DA:82,41
DA:83,41
DA:84,41
DA:85,41
DA:86,1
DA:87,1
DA:88,1
DA:89,1
DA:90,1
DA:91,1
DA:92,1
DA:93,1
DA:94,1
DA:95,1
DA:96,1
DA:97,1
DA:98,1
DA:99,21
DA:100,1
DA:101,1
DA:102,1
DA:103,20
DA:104,20
DA:105,20
DA:106,20
DA:107,20
DA:108,20
DA:109,20
DA:110,20
DA:111,20
DA:112,20
DA:113,20
DA:114,20
DA:115,20
DA:116,21
DA:117,21
DA:118,21
DA:119,21
DA:120,16
DA:121,16
DA:122,17
DA:123,17
DA:124,17
DA:125,17
DA:126,17
DA:127,17
DA:128,17
DA:129,17
DA:130,17
DA:131,17
DA:132,17
DA:133,17
DA:134,21
DA:135,3
DA:136,3
DA:137,3
DA:138,3
DA:139,3
DA:140,3
DA:141,21
DA:142,1
DA:143,1
DA:144,1
DA:145,1
DA:146,1
DA:147,1
DA:148,1
DA:149,1
DA:150,1
DA:151,1
DA:152,1
DA:153,1
DA:154,1
DA:155,1
DA:156,1
DA:157,1
DA:158,1
DA:159,1
DA:160,1
DA:161,1
DA:162,1
DA:163,1
DA:164,1
DA:165,1
DA:166,140
DA:167,140
DA:168,1
DA:169,1
DA:170,140
DA:171,140
DA:172,140
DA:173,140
DA:174,140
DA:175,22
DA:176,22
DA:177,22
DA:178,118
DA:179,118
DA:180,118
DA:181,118
DA:182,118
DA:183,118
DA:184,118
DA:185,118
DA:186,118
DA:187,118
DA:188,138
DA:189,122
DA:190,122
DA:191,122
DA:192,122
DA:193,122
DA:194,122
DA:195,7
DA:196,7
DA:197,7
DA:198,7
DA:199,7
DA:200,122
DA:201,115
DA:202,115
DA:203,115
DA:204,112
DA:205,119
DA:206,119
DA:207,119
DA:208,119
DA:209,122
DA:210,108
DA:211,108
DA:212,119
DA:213,119
DA:214,119
DA:215,119
DA:216,119
DA:217,119
DA:218,119
DA:219,122
DA:220,3
DA:221,3
DA:222,3
DA:223,3
DA:224,3
DA:225,3
DA:226,3
DA:227,3
DA:228,3
DA:229,3
DA:230,3
DA:231,3
DA:232,3
DA:233,3
DA:234,3
DA:235,3
DA:236,122
DA:237,118
DA:238,118
DA:239,139
DA:240,2
DA:241,2
DA:242,2
DA:243,2
DA:244,2
DA:245,2
DA:246,2
DA:247,118
DA:248,118
DA:249,118
DA:250,1
DA:251,1
DA:252,1
DA:253,1
DA:254,1
DA:255,1
DA:256,1
DA:257,1
DA:258,1
DA:259,1
DA:260,1
DA:261,1
DA:262,1
DA:263,4
DA:264,4
DA:265,4
DA:266,1
DA:267,1
DA:268,1
DA:269,3
DA:270,3
DA:271,3
DA:272,3
DA:273,3
DA:274,3
DA:275,3
DA:276,3
DA:277,3
DA:278,3
DA:279,4
DA:280,1
DA:281,1
DA:282,1
DA:283,1
DA:284,1
DA:285,1
DA:286,1
DA:287,1
DA:288,1
DA:289,1
DA:290,4
DA:291,1
DA:292,1
DA:293,1
DA:294,1
DA:295,1
DA:296,1
DA:297,1
DA:298,1
DA:299,0
DA:300,0
DA:301,1
DA:302,1
DA:303,1
DA:304,1
DA:305,1
DA:306,1
DA:307,1
DA:308,1
DA:309,1
DA:310,1
DA:311,1
DA:312,1
DA:313,1
DA:314,1
DA:315,1
DA:316,1
DA:317,1
DA:318,3
DA:319,3
DA:320,1
DA:321,1
DA:322,1
DA:323,1
DA:324,1
DA:325,1
DA:326,1
DA:327,2
DA:328,2
DA:329,1
DA:330,1
DA:331,1
DA:332,1
DA:333,1
DA:334,1
DA:335,1
DA:336,2
DA:337,2
DA:338,2
DA:339,2
DA:340,2
DA:341,2
DA:342,2
DA:343,2
DA:344,2
DA:345,2
DA:346,1
DA:347,1
DA:348,1
DA:349,1
DA:350,1
DA:351,1
DA:352,20
DA:353,20
DA:354,20
DA:355,20
DA:356,16
DA:357,70
DA:358,70
DA:359,16
DA:360,20
DA:361,20
DA:362,20
DA:363,16
DA:364,16
DA:365,16
DA:366,16
DA:367,20
DA:368,20
DA:369,20
DA:370,20
DA:371,1
DA:372,1
DA:373,1
DA:374,1
DA:375,1
DA:376,1
DA:377,1
DA:378,0
DA:379,0
DA:380,1
DA:381,1
DA:382,20
DA:383,20
DA:384,20
DA:385,20
DA:386,20
DA:387,20
DA:388,20
DA:389,20
DA:390,20
DA:391,20
DA:392,20
DA:393,20
DA:394,20
DA:395,20
DA:396,1
DA:397,1
DA:398,1
DA:399,1
DA:400,1
DA:401,1
DA:402,70
DA:403,70
DA:404,70
DA:405,70
DA:406,70
DA:407,70
DA:408,70
DA:409,70
DA:410,70
DA:411,70
DA:412,70
DA:413,70
DA:414,70
DA:415,70
DA:416,1
DA:417,1
DA:418,1
DA:419,1
DA:420,1
DA:421,1
DA:422,16
DA:423,16
DA:424,1
DA:425,1
DA:426,1
DA:427,1
DA:428,1
DA:429,1
DA:430,1
DA:431,1
DA:432,16
DA:433,16
DA:434,16
DA:435,16
DA:436,16
DA:437,16
DA:438,16
DA:439,16
DA:440,16
DA:441,16
DA:442,16
DA:443,1
DA:444,1
DA:445,1
DA:446,1
DA:447,1
DA:448,0
DA:449,0
DA:450,0
DA:451,0
DA:452,0
DA:453,0
DA:454,0
DA:455,0
DA:456,0
DA:457,0
DA:458,0
DA:459,0
DA:460,0
DA:461,0
DA:462,0
DA:463,0
DA:464,0
DA:465,0
DA:466,0
DA:467,0
DA:468,0
DA:469,0
DA:470,1
DA:471,1
DA:472,115
DA:473,115
DA:474,115
DA:475,11
DA:476,11
DA:477,11
DA:478,11
DA:479,2
DA:480,2
DA:481,11
DA:482,115
DA:483,115
DA:484,115
DA:485,1
DA:486,1
DA:487,1
DA:488,1
DA:489,1
DA:490,1
DA:491,1
DA:492,20
DA:493,20
DA:494,20
DA:495,20
DA:496,20
DA:497,20
DA:498,20
DA:499,20
DA:500,20
DA:501,14
DA:502,14
DA:503,14
DA:504,14
DA:505,0
DA:506,0
DA:507,14
DA:508,20
DA:509,20
DA:510,20
DA:511,20
DA:512,20
DA:513,20
DA:514,20
DA:515,20
DA:516,20
DA:517,20
DA:518,20
DA:519,20
DA:520,1
DA:521,1
DA:522,1
DA:523,1
DA:524,5
DA:525,5
DA:526,5
DA:527,5
DA:528,3
DA:529,3
DA:530,3
DA:531,3
DA:532,3
DA:533,3
DA:534,3
DA:535,3
DA:536,3
DA:537,3
DA:538,3
DA:539,5
DA:540,2
DA:541,2
DA:542,5
DA:543,0
DA:544,0
DA:545,0
DA:546,0
DA:547,5
DA:548,1
DA:549,20
DA:550,1
DA:551,1
DA:552,1
DA:553,1
DA:554,1
DA:555,1
DA:556,17
DA:557,17
DA:558,17
DA:559,17
DA:560,17
DA:561,17
DA:562,17
DA:563,17
DA:564,17
DA:565,17
DA:566,17
DA:567,17
DA:568,17
DA:569,17
DA:570,17
DA:571,17
DA:572,4
DA:573,4
DA:574,17
DA:575,1
DA:576,1
DA:577,1
DA:578,1
LF:578
LH:546
BRDA:73,0,0,41
BRDA:98,1,0,21
BRDA:99,2,0,1
BRDA:102,3,0,20
BRDA:115,4,0,17
BRDA:116,5,0,0
BRDA:119,6,0,19
BRDA:119,7,0,16
BRDA:121,8,0,17
BRDA:134,9,0,3
BRDA:165,10,0,140
BRDA:167,11,0,1
BRDA:172,12,0,22
BRDA:174,13,0,22
BRDA:177,14,0,139
BRDA:177,15,0,138
BRDA:177,16,0,118
BRDA:188,17,0,122
BRDA:194,18,0,7
BRDA:198,19,0,1
BRDA:198,20,0,0
BRDA:200,21,0,115
BRDA:203,22,0,112
BRDA:204,23,0,119
BRDA:209,24,0,108
BRDA:211,25,0,119
BRDA:219,26,0,3
BRDA:236,27,0,118
BRDA:239,28,0,2
BRDA:246,29,0,118
BRDA:197,30,0,7
BRDA:262,31,0,4
BRDA:265,32,0,1
BRDA:268,33,0,3
BRDA:279,34,0,1
BRDA:307,35,0,1
BRDA:317,36,0,3
BRDA:318,37,0,1
BRDA:318,38,0,2
BRDA:326,39,0,2
BRDA:335,40,0,2
BRDA:337,41,0,6
BRDA:351,42,0,20
BRDA:355,43,0,16
BRDA:356,44,0,70
BRDA:362,45,0,16
BRDA:370,46,0,1
BRDA:377,47,0,0
BRDA:385,48,0,4
BRDA:386,49,0,4
BRDA:387,50,0,1
BRDA:387,51,0,19
BRDA:401,52,0,70
BRDA:421,53,0,16
BRDA:423,54,0,1
BRDA:471,55,0,115
BRDA:472,56,0,0
BRDA:474,57,0,11
BRDA:476,58,0,9
BRDA:478,59,0,2
BRDA:491,60,0,20
BRDA:500,61,0,14
BRDA:503,62,0,0
BRDA:504,63,0,0
BRDA:519,64,0,1
BRDA:523,65,0,5
BRDA:527,66,0,3
BRDA:539,67,0,2
BRDA:542,68,0,0
BRDA:511,69,0,20
BRDA:512,70,0,20
BRDA:517,71,0,19
BRDA:555,72,0,17
BRDA:571,73,0,4
BRDA:562,74,0,16
BRF:75
BRH:68
end_of_record
TN:
SF:builder\plugin-resolver.js
FN:33,PluginResolver
FN:43,loadRegistry
FN:111,resolve
FN:135,_resolveDependencies
FN:221,_findProvider
FN:275,getPlugin
FN:282,getAllPlugins
FN:289,hasPlugin
FN:297,validate
FNF:9
FNH:8
FNDA:61,PluginResolver
FNDA:61,loadRegistry
FNDA:40,resolve
FNDA:72,_resolveDependencies
FNDA:4,_findProvider
FNDA:3,getPlugin
FNDA:0,getAllPlugins
FNDA:6,hasPlugin
FNDA:29,validate
DA:1,1
DA:2,1
DA:3,1
DA:4,1
DA:5,1
DA:6,1
DA:7,1
DA:8,1
DA:9,1
DA:10,1
DA:11,1
DA:12,1
DA:13,1
DA:14,1
DA:15,1
DA:16,1
DA:17,1
DA:18,1
DA:19,1
DA:20,1
DA:21,1
DA:22,1
DA:23,1
DA:24,1
DA:25,1
DA:26,1
DA:27,1
DA:28,1
DA:29,1
DA:30,1
DA:31,1
DA:32,1
DA:33,1
DA:34,61
DA:35,61
DA:36,61
DA:37,61
DA:38,1
DA:39,1
DA:40,1
DA:41,1
DA:42,1
DA:43,1
DA:44,61
DA:45,61
DA:46,61
DA:47,1
DA:48,1
DA:49,1
DA:50,60
DA:51,60
DA:52,60
DA:53,60
DA:54,403
DA:55,0
DA:56,0
DA:57,403
DA:58,403
DA:59,403
DA:60,403
DA:61,403
DA:62,403
DA:63,0
DA:64,0
DA:65,0
DA:66,403
DA:67,403
DA:68,403
DA:69,403
DA:70,403
DA:71,403
DA:72,403
DA:73,1
DA:74,1
DA:75,1
DA:76,401
DA:77,401
DA:78,401
DA:79,401
DA:80,401
DA:81,401
DA:82,401
DA:83,401
DA:84,401
DA:85,401
DA:86,401
DA:87,401
DA:88,401
DA:89,403
DA:90,1
DA:91,1
DA:92,1
DA:93,1
DA:94,1
DA:95,403
DA:96,60
DA:97,60
DA:98,60
DA:99,60
DA:100,60
DA:101,60
DA:102,1
DA:103,1
DA:104,1
DA:105,1
DA:106,1
DA:107,1
DA:108,1
DA:109,1
DA:110,1
DA:111,1
DA:112,40
DA:113,40
DA:114,40
DA:115,40
DA:116,40
DA:117,40
DA:118,40
DA:119,57
DA:120,53
DA:121,36
DA:122,36
DA:123,36
DA:124,36
DA:125,36
DA:126,36
DA:127,36
DA:128,36
DA:129,36
DA:130,1
DA:131,1
DA:132,1
DA:133,1
DA:134,1
DA:135,1
DA:136,72
DA:137,72
DA:138,3
DA:139,3
DA:140,69
DA:141,69
DA:142,72
DA:143,1
DA:144,1
DA:145,1
DA:146,1
DA:147,1
DA:148,1
DA:149,68
DA:150,68
DA:151,68
DA:152,72
DA:153,1
DA:154,1
DA:155,1
DA:156,1
DA:157,1
DA:158,1
DA:159,67
DA:160,67
DA:161,67
DA:162,67
DA:163,67
DA:164,72
DA:165,72
DA:166,17
DA:167,17
DA:168,15
DA:169,15
DA:170,15
DA:171,15
DA:172,15
DA:173,15
DA:174,15
DA:175,17
DA:176,2
DA:177,2
DA:178,0
DA:179,0
DA:180,0
DA:181,0
DA:182,0
DA:183,0
DA:184,0
DA:185,0
DA:186,17
DA:187,62
DA:188,62
DA:189,72
DA:190,72
DA:191,0
DA:192,0
DA:193,0
DA:194,0
DA:195,0
DA:196,0
DA:197,0
DA:198,0
DA:199,0
DA:200,0
DA:201,0
DA:202,0
DA:203,0
DA:204,0
DA:205,62
DA:206,62
DA:207,62
DA:208,62
DA:209,62
DA:210,62
DA:211,62
DA:212,62
DA:213,62
DA:214,62
DA:215,62
DA:216,1
DA:217,1
DA:218,1
DA:219,1
DA:220,1
DA:221,1
DA:222,4
DA:223,4
DA:224,4
DA:225,17
DA:226,1
DA:227,1
DA:228,17
DA:229,4
DA:230,4
DA:231,3
DA:232,2
DA:233,3
DA:234,3
DA:235,3
DA:236,3
DA:237,3
DA:238,3
DA:239,3
DA:240,2
DA:241,2
DA:242,2
DA:243,2
DA:244,2
DA:245,3
DA:246,1
DA:247,1
DA:248,1
DA:249,1
DA:250,1
DA:251,3
DA:252,1
DA:253,1
DA:254,1
DA:255,1
DA:256,1
DA:257,1
DA:258,1
DA:259,1
DA:260,0
DA:261,0
DA:262,0
DA:263,0
DA:264,0
DA:265,0
DA:266,0
DA:267,0
DA:268,0
DA:269,0
DA:270,0
DA:271,1
DA:272,1
DA:273,1
DA:274,1
DA:275,1
DA:276,3
DA:277,3
DA:278,1
DA:279,1
DA:280,1
DA:281,1
DA:282,1
DA:283,0
DA:284,0
DA:285,1
DA:286,1
DA:287,1
DA:288,1
DA:289,1
DA:290,6
DA:291,6
DA:292,1
DA:293,1
DA:294,1
DA:295,1
DA:296,1
DA:297,1
DA:298,29
DA:299,29
DA:300,29
DA:301,29
DA:302,36
DA:303,36
DA:304,36
DA:305,4
DA:306,4
DA:307,4
DA:308,4
DA:309,4
DA:310,4
DA:311,4
DA:312,32
DA:313,32
DA:314,36
DA:315,36
DA:316,10
DA:317,10
DA:318,8
DA:319,8
DA:320,2
DA:321,2
DA:322,2
DA:323,3
DA:324,3
DA:325,0
DA:326,0
DA:327,3
DA:328,2
DA:329,2
DA:330,2
DA:331,2
DA:332,2
DA:333,2
DA:334,2
DA:335,2
DA:336,2
DA:337,2
DA:338,10
DA:339,32
DA:340,32
DA:341,36
DA:342,36
DA:343,1
DA:344,1
DA:345,1
DA:346,1
DA:347,1
DA:348,1
DA:349,1
DA:350,1
DA:351,1
DA:352,32
DA:353,29
DA:354,29
DA:355,29
DA:356,29
DA:357,29
DA:358,29
DA:359,29
DA:360,1
DA:361,1
DA:362,1
LF:362
LH:320
BRDA:33,0,0,61
BRDA:43,1,0,61
BRDA:46,2,0,1
BRDA:49,3,0,60
BRDA:53,4,0,403
BRDA:54,5,0,0
BRDA:62,6,0,0
BRDA:72,7,0,1
BRDA:75,8,0,401
BRDA:89,9,0,1
BRDA:111,10,0,40
BRDA:118,11,0,57
BRDA:119,12,0,53
BRDA:120,13,0,36
BRDA:135,14,0,72
BRDA:137,15,0,3
BRDA:139,16,0,69
BRDA:142,17,0,1
BRDA:148,18,0,68
BRDA:152,19,0,1
BRDA:158,20,0,67
BRDA:164,21,0,0
BRDA:165,22,0,17
BRDA:167,23,0,15
BRDA:174,24,0,12
BRDA:175,25,0,2
BRDA:177,26,0,0
BRDA:186,27,0,62
BRDA:189,28,0,23
BRDA:190,29,0,0
BRDA:204,30,0,62
BRDA:221,31,0,4
BRDA:224,32,0,17
BRDA:225,33,0,12
BRDA:225,34,0,1
BRDA:230,35,0,3
BRDA:232,36,0,2
BRDA:233,37,0,1
BRDA:239,38,0,2
BRDA:245,39,0,1
BRDA:251,40,0,1
BRDA:259,41,0,0
BRDA:275,42,0,3
BRDA:289,43,0,6
BRDA:297,44,0,29
BRDA:301,45,0,36
BRDA:304,46,0,4
BRDA:311,47,0,32
BRDA:314,48,0,1
BRDA:315,49,0,35
BRDA:315,50,0,10
BRDA:317,51,0,8
BRDA:319,52,0,3
BRDA:319,53,0,2
BRDA:324,54,0,0
BRDA:324,55,0,0
BRDA:327,56,0,2
BRDA:338,57,0,32
BRDA:341,58,0,2
BRDA:342,59,0,35
BRDA:342,60,0,1
BRDA:351,61,0,32
BRF:62
BRH:54
end_of_record
TN:
SF:builder\shortcode-parser.js
FN:43,ShortcodeParser
FN:55,register
FN:82,unregister
FN:101,parseAttributes
FN:161,escapeHtml
FN:186,parse
FN:310,hasShortcodes
FN:334,getRegisteredShortcodes
FN:341,clear
FNF:9
FNH:8
FNDA:478,ShortcodeParser
FNDA:7422,register
FNDA:1,unregister
FNDA:180,parseAttributes
FNDA:0,escapeHtml
FNDA:343,parse
FNDA:228,hasShortcodes
FNDA:438,getRegisteredShortcodes
FNDA:1,clear
DA:1,1
DA:2,1
DA:3,1
DA:4,1
DA:5,1
DA:6,1
DA:7,1
DA:8,1
DA:9,1
DA:10,1
DA:11,1
DA:12,1
DA:13,1
DA:14,1
DA:15,1
DA:16,1
DA:17,1
DA:18,1
DA:19,1
DA:20,1
DA:21,1
DA:22,1
DA:23,1
DA:24,1
DA:25,1
DA:26,1
DA:27,1
DA:28,1
DA:29,1
DA:30,1
DA:31,1
DA:32,1
DA:33,1
DA:34,1
DA:35,1
DA:36,1
DA:37,1
DA:38,1
DA:39,1
DA:40,1
DA:41,1
DA:42,1
DA:43,1
DA:44,478
DA:45,478
DA:46,478
DA:47,478
DA:48,1
DA:49,1
DA:50,1
DA:51,1
DA:52,1
DA:53,1
DA:54,1
DA:55,1
DA:56,7422
DA:57,7422
DA:58,1
DA:59,1
DA:60,7421
DA:61,7422
DA:62,1
DA:63,1
DA:64,7420
DA:65,7420
DA:66,7422
DA:67,3
DA:68,3
DA:69,7417
DA:70,7422
DA:71,3
DA:72,3
DA:73,7414
DA:74,7414
DA:75,7414
DA:76,7414
DA:77,1
DA:78,1
DA:79,1
DA:80,1
DA:81,1
DA:82,1
DA:83,1
DA:84,1
DA:85,1
DA:86,1
DA:87,1
DA:88,1
DA:89,1
DA:90,1
DA:91,1
DA:92,1
DA:93,1
DA:94,1
DA:95,1
DA:96,1
DA:97,1
DA:98,1
DA:99,1
DA:100,1
DA:101,1
DA:102,180
DA:103,180
DA:104,180
DA:105,34
DA:106,34
DA:107,146
DA:108,146
DA:109,180
DA:110,0
DA:111,0
DA:112,0
DA:113,0
DA:114,0
DA:115,0
DA:116,146
DA:117,146
DA:118,146
DA:119,146
DA:120,146
DA:121,146
DA:122,146
DA:123,180
DA:124,283
DA:125,283
DA:126,283
DA:127,283
DA:128,0
DA:129,0
DA:130,0
DA:131,283
DA:132,283
DA:133,283
DA:134,1
DA:135,1
DA:136,1
DA:137,1
DA:138,1
DA:139,283
DA:140,282
DA:141,282
DA:142,283
DA:143,283
DA:144,283
DA:145,283
DA:146,283
DA:147,1
DA:148,1
DA:149,1
DA:150,283
DA:151,146
DA:152,146
DA:153,146
DA:154,1
DA:155,1
DA:156,1
DA:157,1
DA:158,1
DA:159,1
DA:160,1
DA:161,1
DA:162,0
DA:163,0
DA:164,0
DA:165,0
DA:166,0
DA:167,0
DA:168,0
DA:169,0
DA:170,0
DA:171,0
DA:172,0
DA:173,1
DA:174,1
DA:175,1
DA:176,1
DA:177,1
DA:178,1
DA:179,1
DA:180,1
DA:181,1
DA:182,1
DA:183,1
DA:184,1
DA:185,1
DA:186,1
DA:187,343
DA:188,343
DA:189,163
DA:190,163
DA:191,343
DA:192,343
DA:193,343
DA:194,2
DA:195,2
DA:196,341
DA:197,343
DA:198,3
DA:199,3
DA:200,338
DA:201,338
DA:202,343
DA:203,1
DA:204,1
DA:205,1
DA:206,1
DA:207,1
DA:208,1
DA:209,337
DA:210,337
DA:211,337
DA:212,337
DA:213,337
DA:214,337
DA:215,337
DA:216,337
DA:217,337
DA:218,337
DA:219,337
DA:220,337
DA:221,337
DA:222,343
DA:223,307
DA:224,307
DA:225,307
DA:226,307
DA:227,307
DA:228,307
DA:229,1
DA:230,1
DA:231,1
DA:232,1
DA:233,1
DA:234,1
DA:235,306
DA:236,306
DA:237,306
DA:238,306
DA:239,306
DA:240,306
DA:241,306
DA:242,306
DA:243,306
DA:244,336
DA:245,336
DA:246,336
DA:247,206
DA:248,206
DA:249,206
DA:250,26
DA:251,26
DA:252,26
DA:253,26
DA:254,180
DA:255,180
DA:256,180
DA:257,180
DA:258,180
DA:259,180
DA:260,180
DA:261,180
DA:262,180
DA:263,180
DA:264,180
DA:265,180
DA:266,206
DA:267,1
DA:268,1
DA:269,1
DA:270,1
DA:271,1
DA:272,1
DA:273,172
DA:274,172
DA:275,172
DA:276,172
DA:277,172
DA:278,172
DA:279,172
DA:280,172
DA:281,172
DA:282,172
DA:283,206
DA:284,7
DA:285,7
DA:286,7
DA:287,6
DA:288,6
DA:289,1
DA:290,1
DA:291,1
DA:292,1
DA:293,1
DA:294,1
DA:295,1
DA:296,1
DA:297,1
DA:298,336
DA:299,336
DA:300,336
DA:301,336
DA:302,1
DA:303,1
DA:304,1
DA:305,1
DA:306,1
DA:307,1
DA:308,1
DA:309,1
DA:310,1
DA:311,228
DA:312,2
DA:313,2
DA:314,226
DA:315,226
DA:316,228
DA:317,97
DA:318,97
DA:319,129
DA:320,129
DA:321,215
DA:322,961
DA:323,125
DA:324,125
DA:325,961
DA:326,4
DA:327,4
DA:328,4
DA:329,1
DA:330,1
DA:331,1
DA:332,1
DA:333,1
DA:334,1
DA:335,438
DA:336,438
DA:337,1
DA:338,1
DA:339,1
DA:340,1
DA:341,1
DA:342,1
DA:343,1
DA:344,1
DA:345,1
DA:346,1
DA:347,1
LF:347
LH:327
BRDA:43,0,0,478
BRDA:55,1,0,7422
BRDA:57,2,0,7421
BRDA:57,3,0,1
BRDA:59,4,0,7421
BRDA:61,5,0,1
BRDA:63,6,0,7420
BRDA:66,7,0,3
BRDA:68,8,0,7417
BRDA:70,9,0,3
BRDA:72,10,0,7414
BRDA:82,11,0,1
BRDA:101,12,0,180
BRDA:104,13,0,146
BRDA:104,14,0,34
BRDA:106,15,0,146
BRDA:109,16,0,0
BRDA:115,17,0,146
BRDA:123,18,0,283
BRDA:127,19,0,0
BRDA:133,20,0,1
BRDA:139,21,0,282
BRDA:146,22,0,1
BRDA:150,23,0,146
BRDA:186,24,0,343
BRDA:188,25,0,163
BRDA:193,26,0,342
BRDA:193,27,0,2
BRDA:195,28,0,341
BRDA:197,29,0,3
BRDA:199,30,0,338
BRDA:202,31,0,1
BRDA:208,32,0,337
BRDA:222,33,0,307
BRDA:228,34,0,1
BRDA:234,35,0,306
BRDA:243,36,0,336
BRDA:246,37,0,206
BRDA:249,38,0,26
BRDA:253,39,0,180
BRDA:266,40,0,1
BRDA:272,41,0,172
BRDA:283,42,0,7
BRDA:285,43,0,1
BRDA:286,44,0,6
BRDA:288,45,0,1
BRDA:310,46,0,228
BRDA:311,47,0,226
BRDA:311,48,0,2
BRDA:313,49,0,226
BRDA:316,50,0,97
BRDA:318,51,0,215
BRDA:318,52,0,129
BRDA:321,53,0,961
BRDA:322,54,0,125
BRDA:325,55,0,4
BRDA:334,56,0,438
BRDA:341,57,0,1
BRF:58
BRH:56
end_of_record
TN:
SF:builder\template-engine.js
FN:54,TemplateEngine
FN:72,setPageMetadata
FN:81,escapeHtml
FN:96,sanitizeUrl
FN:151,resolveUrl
FN:219,loadTemplate
FN:330,cacheTemplate
FN:362,isNavigationItemActive
FN:386,translateLabel
FN:420,renderNavigation
FN:557,renderSidebar
FN:696,renderSidebarWithHooks
FN:741,renderHeaderNav
FN:793,renderMobileHeaderNav
FN:836,renderMobileHeaderSection
FN:894,renderHeaderDropdown
FN:960,renderLanguageSwitcher
FN:1022,renderHeaderActions
FN:1098,renderBreadcrumb
FN:1308,shouldShowPagination
FN:1359,calculatePrevNext
FN:1451,flattenSidebarPages
FN:1495,renderPagination
FN:1557,renderMetaTags
FN:1610,localeToOgLocale
FN:1704,renderStructuredData
FN:1724,escapeJson
FN:1779,renderFooterLinks
FN:1825,renderComponentScripts
FN:1916,renderTableOfContents
FN:1974,renderAdobeFonts
FN:2000,renderExternalScripts
FN:2023,renderExternalStyles
FN:2045,render
FN:2092,calculatePathToRoot
FN:2127,loadSvgSprite
FN:2173,postProcessHtml
FN:2222,buildLogoImages
FN:2276,getFooterLogo
FN:2313,loadBlogHelpers
FN:2326,wrappedHelpers.get_posts
FN:2333,wrappedHelpers.get_posts_count
FN:2359,buildTemplatePlaceholders
FN:2380,generateBodyId
FN:2429,generateBodyClasses
FN:2532,buildEjsData
FN:2653,renderTemplate
FNF:47
FNH:38
FNDA:190,TemplateEngine
FNDA:0,setPageMetadata
FNDA:635,escapeHtml
FNDA:25,sanitizeUrl
FNDA:45,resolveUrl
FNDA:2,loadTemplate
FNDA:1,cacheTemplate
FNDA:36,isNavigationItemActive
FNDA:76,translateLabel
FNDA:39,renderNavigation
FNDA:35,renderSidebar
FNDA:18,renderSidebarWithHooks
FNDA:26,renderHeaderNav
FNDA:26,renderMobileHeaderNav
FNDA:2,renderMobileHeaderSection
FNDA:2,renderHeaderDropdown
FNDA:35,renderLanguageSwitcher
FNDA:35,renderHeaderActions
FNDA:26,renderBreadcrumb
FNDA:26,shouldShowPagination
FNDA:0,calculatePrevNext
FNDA:0,flattenSidebarPages
FNDA:26,renderPagination
FNDA:29,renderMetaTags
FNDA:0,localeToOgLocale
FNDA:41,renderStructuredData
FNDA:161,escapeJson
FNDA:26,renderFooterLinks
FNDA:5,renderComponentScripts
FNDA:26,renderTableOfContents
FNDA:26,renderAdobeFonts
FNDA:26,renderExternalScripts
FNDA:26,renderExternalStyles
FNDA:0,render
FNDA:43,calculatePathToRoot
FNDA:0,loadSvgSprite
FNDA:15,postProcessHtml
FNDA:39,buildLogoImages
FNDA:78,getFooterLogo
FNDA:39,loadBlogHelpers
FNDA:0,wrappedHelpers.get_posts
FNDA:0,wrappedHelpers.get_posts_count
FNDA:26,buildTemplatePlaceholders
FNDA:39,generateBodyId
FNDA:39,generateBodyClasses
FNDA:39,buildEjsData
FNDA:0,renderTemplate
DA:1,1
DA:2,1
DA:3,1
DA:4,1
DA:5,1
DA:6,1
DA:7,1
DA:8,1
DA:9,1
DA:10,1
DA:11,1
DA:12,1
DA:13,1
DA:14,1
DA:15,1
DA:16,1
DA:17,1
DA:18,1
DA:19,1
DA:20,1
DA:21,1
DA:22,1
DA:23,1
DA:24,1
DA:25,1
DA:26,1
DA:27,1
DA:28,1
DA:29,1
DA:30,1
DA:31,1
DA:32,1
DA:33,1
DA:34,1
DA:35,1
DA:36,1
DA:37,1
DA:38,1
DA:39,1
DA:40,1
DA:41,1
DA:42,1
DA:43,1
DA:44,1
DA:45,1
DA:46,1
DA:47,1
DA:48,1
DA:49,1
DA:50,1
DA:51,1
DA:52,1
DA:53,1
DA:54,1
DA:55,190
DA:56,190
DA:57,190
DA:58,190
DA:59,190
DA:60,190
DA:61,190
DA:62,190
DA:63,190
DA:64,190
DA:65,190
DA:66,190
DA:67,1
DA:68,1
DA:69,1
DA:70,1
DA:71,1
DA:72,1
DA:73,0
DA:74,0
DA:75,1
DA:76,1
DA:77,1
DA:78,1
DA:79,1
DA:80,1
DA:81,1
DA:82,635
DA:83,619
DA:84,619
DA:85,619
DA:86,619
DA:87,619
DA:88,619
DA:89,619
DA:90,1
DA:91,1
DA:92,1
DA:93,1
DA:94,1
DA:95,1
DA:96,1
DA:97,25
DA:98,22
DA:99,22
DA:100,22
DA:101,22
DA:102,22
DA:103,22
DA:104,22
DA:105,25
DA:106,5
DA:107,5
DA:108,5
DA:109,17
DA:110,17
DA:111,17
DA:112,25
DA:113,25
DA:114,25
DA:115,25
DA:116,25
DA:117,16
DA:118,16
DA:119,16
DA:120,16
DA:121,16
DA:122,1
DA:123,1
DA:124,1
DA:125,1
DA:126,1
DA:127,1
DA:128,1
DA:129,1
DA:130,1
DA:131,1
DA:132,1
DA:133,1
DA:134,1
DA:135,1
DA:136,1
DA:137,1
DA:138,1
DA:139,1
DA:140,1
DA:141,1
DA:142,1
DA:143,1
DA:144,1
DA:145,1
DA:146,1
DA:147,1
DA:148,1
DA:149,1
DA:150,1
DA:151,1
DA:152,45
DA:153,0
DA:154,0
DA:155,45
DA:156,45
DA:157,45
DA:158,45
DA:159,45
DA:160,45
DA:161,45
DA:162,45
DA:163,0
DA:164,0
DA:165,0
DA:166,45
DA:167,45
DA:168,45
DA:169,0
DA:170,0
DA:171,0
DA:172,0
DA:173,45
DA:174,45
DA:175,45
DA:176,0
DA:177,0
DA:178,0
DA:179,0
DA:180,45
DA:181,45
DA:182,45
DA:183,45
DA:184,45
DA:185,45
DA:186,45
DA:187,45
DA:188,45
DA:189,45
DA:190,45
DA:191,45
DA:192,45
DA:193,45
DA:194,45
DA:195,45
DA:196,45
DA:197,45
DA:198,0
DA:199,0
DA:200,0
DA:201,0
DA:202,0
DA:203,0
DA:204,0
DA:205,0
DA:206,0
DA:207,0
DA:208,0
DA:209,0
DA:210,1
DA:211,1
DA:212,1
DA:213,1
DA:214,1
DA:215,1
DA:216,1
DA:217,1
DA:218,1
DA:219,1
DA:220,2
DA:221,2
DA:222,0
DA:223,0
DA:224,2
DA:225,2
DA:226,2
DA:227,2
DA:228,2
DA:229,2
DA:230,0
DA:231,0
DA:232,0
DA:233,0
DA:234,0
DA:235,0
DA:236,2
DA:237,2
DA:238,2
DA:239,0
DA:240,0
DA:241,0
DA:242,2
DA:243,2
DA:244,2
DA:245,2
DA:246,2
DA:247,2
DA:248,2
DA:249,2
DA:250,2
DA:251,2
DA:252,2
DA:253,2
DA:254,2
DA:255,2
DA:256,2
DA:257,2
DA:258,2
DA:259,2
DA:260,2
DA:261,2
DA:262,2
DA:263,0
DA:264,0
DA:265,0
DA:266,0
DA:267,2
DA:268,2
DA:269,2
DA:270,1
DA:271,1
DA:272,1
DA:273,1
DA:274,1
DA:275,1
DA:276,1
DA:277,1
DA:278,1
DA:279,1
DA:280,1
DA:281,1
DA:282,1
DA:283,0
DA:284,0
DA:285,0
DA:286,0
DA:287,0
DA:288,0
DA:289,0
DA:290,0
DA:291,1
DA:292,0
DA:293,0
DA:294,0
DA:295,0
DA:296,0
DA:297,0
DA:298,0
DA:299,0
DA:300,0
DA:301,0
DA:302,1
DA:303,1
DA:304,1
DA:305,1
DA:306,1
DA:307,1
DA:308,2
DA:309,0
DA:310,0
DA:311,2
DA:312,2
DA:313,2
DA:314,2
DA:315,2
DA:316,2
DA:317,2
DA:318,0
DA:319,0
DA:320,1
DA:321,1
[...]
BRDA:20,0,0,23
BRDA:22,1,0,20
BRDA:22,2,0,3
BRDA:24,3,0,20
BRDA:27,4,0,1
BRDA:29,5,0,19
BRDA:40,6,0,0
BRF:7
BRH:6
end_of_record
TN:
SF:builder\utils\external-scripts.js
FN:151,getAllowedCDNDomains
FN:168,isRelativeUrl
FN:189,isAllowedCDN
FN:227,getScriptConfig
FN:264,renderExternalScripts
FN:359,renderExternalStyles
FN:410,getAvailablePresets
FNF:7
FNH:7
FNDA:7,getAllowedCDNDomains
FNDA:71,isRelativeUrl
FNDA:55,isAllowedCDN
FNDA:42,getScriptConfig
FNDA:22,renderExternalScripts
FNDA:13,renderExternalStyles
FNDA:3,getAvailablePresets
DA:1,1
DA:2,1
DA:3,1
DA:4,1
DA:5,1
DA:6,1
DA:7,1
DA:8,1
DA:9,1
DA:10,1
DA:11,1
DA:12,1
DA:13,1
DA:14,1
DA:15,1
DA:16,1
DA:17,1
DA:18,1
DA:19,1
DA:20,1
DA:21,1
DA:22,1
DA:23,1
DA:24,1
DA:25,1
DA:26,1
DA:27,1
DA:28,1
DA:29,1
DA:30,1
DA:31,1
DA:32,1
DA:33,1
DA:34,1
DA:35,1
DA:36,1
DA:37,1
DA:38,1
DA:39,1
DA:40,1
DA:41,1
DA:42,1
DA:43,1
DA:44,1
DA:45,1
DA:46,1
DA:47,1
DA:48,1
DA:49,1
DA:50,1
DA:51,1
DA:52,1
DA:53,1
DA:54,1
DA:55,1
DA:56,1
DA:57,1
DA:58,1
DA:59,1
DA:60,1
DA:61,1
DA:62,1
DA:63,1
DA:64,1
DA:65,1
DA:66,1
DA:67,1
DA:68,1
DA:69,1
DA:70,1
DA:71,1
DA:72,1
DA:73,1
DA:74,1
DA:75,1
DA:76,1
DA:77,1
DA:78,1
DA:79,1
DA:80,1
DA:81,1
DA:82,1
DA:83,1
DA:84,1
DA:85,1
DA:86,1
DA:87,1
DA:88,1
DA:89,1
DA:90,1
DA:91,1
DA:92,1
DA:93,1
DA:94,1
DA:95,1
DA:96,1
DA:97,1
DA:98,1
DA:99,1
DA:100,1
DA:101,1
DA:102,1
DA:103,1
DA:104,1
DA:105,1
DA:106,1
DA:107,1
DA:108,1
DA:109,1
DA:110,1
DA:111,1
DA:112,1
DA:113,1
DA:114,1
DA:115,1
DA:116,1
DA:117,1
DA:118,1
DA:119,1
DA:120,1
DA:121,1
DA:122,1
DA:123,1
DA:124,1
DA:125,1
DA:126,1
DA:127,1
DA:128,1
DA:129,1
DA:130,1
DA:131,1
DA:132,1
DA:133,1
DA:134,1
DA:135,1
DA:136,1
DA:137,1
DA:138,1
DA:139,1
DA:140,1
DA:141,1
DA:142,1
DA:143,1
DA:144,1
DA:145,1
DA:146,1
DA:147,1
DA:148,1
DA:149,1
DA:150,1
DA:151,7
DA:152,7
DA:153,7
DA:154,7
DA:155,7
DA:156,5
DA:157,5
DA:158,7
DA:159,7
DA:160,7
DA:161,1
DA:162,1
DA:163,1
DA:164,1
DA:165,1
DA:166,1
DA:167,1
DA:168,71
DA:169,71
DA:170,0
DA:171,0
DA:172,71
DA:173,71
DA:174,71
DA:175,55
DA:176,55
DA:177,16
DA:178,16
DA:179,16
DA:180,71
DA:181,71
DA:182,1
DA:183,1
DA:184,1
DA:185,1
DA:186,1
DA:187,1
DA:188,1
DA:189,55
DA:190,55
DA:191,55
DA:192,8
DA:193,8
DA:194,47
DA:195,47
DA:196,47
DA:197,47
DA:198,55
DA:199,3
DA:200,3
DA:201,43
DA:202,43
DA:203,55
DA:204,55
DA:205,55
DA:206,39
DA:207,39
DA:208,39
DA:209,4
DA:210,4
DA:211,4
DA:212,4
DA:213,17
DA:214,4
DA:215,55
DA:216,1
DA:217,1
DA:218,55
DA:219,1
DA:220,1
DA:221,1
DA:222,1
DA:223,1
DA:224,1
DA:225,1
DA:226,1
DA:227,42
DA:228,42
DA:229,42
DA:230,33
DA:231,33
DA:232,9
DA:233,9
DA:234,42
DA:235,7
DA:236,7
DA:237,2
DA:238,2
DA:239,1
DA:240,1
DA:241,1
DA:242,1
DA:243,2
DA:244,2
DA:245,5
DA:246,5
DA:247,5
DA:248,5
DA:249,5
DA:250,5
DA:251,2
DA:252,2
DA:253,2
DA:254,2
DA:255,2
DA:256,1
DA:257,1
DA:258,1
DA:259,1
DA:260,1
DA:261,1
DA:262,1
DA:263,1
DA:264,22
DA:265,22
DA:266,3
DA:267,3
DA:268,19
DA:269,19
DA:270,19
DA:271,19
DA:272,19
DA:273,19
DA:274,22
DA:275,42
DA:276,42
DA:277,0
DA:278,0
DA:279,0
DA:280,0
DA:281,42
DA:282,42
DA:283,42
DA:284,4
DA:285,4
DA:286,38
DA:287,38
DA:288,42
DA:289,1
DA:290,1
DA:291,37
DA:292,37
DA:293,37
DA:294,42
DA:295,4
DA:296,4
DA:297,37
DA:298,37
DA:299,42
DA:300,11
DA:301,11
DA:302,42
DA:303,26
DA:304,26
DA:305,26
DA:306,37
DA:307,37
DA:308,42
DA:309,9
DA:310,9
DA:311,9
DA:312,0
DA:313,0
DA:314,9
DA:315,37
DA:316,37
DA:317,37
DA:318,42
DA:319,42
DA:320,42
DA:321,42
DA:322,19
DA:323,19
DA:324,19
DA:325,19
DA:326,22
DA:327,3
DA:328,3
DA:329,3
DA:330,19
DA:331,22
DA:332,16
DA:333,16
DA:334,16
DA:335,19
DA:336,22
DA:337,9
DA:338,9
DA:339,9
DA:340,19
DA:341,19
DA:342,19
DA:343,1
DA:344,1
DA:345,1
DA:346,1
DA:347,1
DA:348,1
DA:349,1
DA:350,1
DA:351,1
DA:352,1
DA:353,1
DA:354,1
DA:355,1
DA:356,1
DA:357,1
DA:358,1
DA:359,13
DA:360,13
DA:361,3
DA:362,3
DA:363,10
DA:364,10
DA:365,10
DA:366,10
DA:367,13
DA:368,21
DA:369,4
DA:370,4
DA:371,17
DA:372,17
DA:373,17
DA:374,17
DA:375,21
DA:376,1
DA:377,1
DA:378,16
DA:379,16
DA:380,16
DA:381,21
DA:382,2
DA:383,2
DA:384,2
DA:385,2
DA:386,2
DA:387,14
DA:388,14
DA:389,14
DA:390,14
DA:391,14
DA:392,14
DA:393,14
DA:394,14
DA:395,14
DA:396,14
DA:397,14
DA:398,14
DA:399,14
DA:400,14
DA:401,21
DA:402,10
DA:403,10
DA:404,10
DA:405,1
DA:406,1
DA:407,1
DA:408,1
DA:409,1
DA:410,3
DA:411,3
DA:412,48
DA:413,48
DA:414,48
DA:415,48
DA:416,48
DA:417,3
DA:418,3
DA:419,1
DA:420,1
DA:421,1
DA:422,1
DA:423,1
DA:424,1
DA:425,1
DA:426,1
DA:427,1
DA:428,1
DA:429,1
LF:429
LH:421
BRDA:151,0,0,7
BRDA:155,1,0,5
BRDA:155,2,0,5
BRDA:155,3,0,5
BRDA:168,4,0,71
BRDA:169,5,0,0
BRDA:174,6,0,66
BRDA:174,7,0,17
BRDA:174,8,0,55
BRDA:176,9,0,16
BRDA:180,10,0,3
BRDA:180,11,0,3
BRDA:189,12,0,55
BRDA:191,13,0,8
BRDA:193,14,0,47
BRDA:198,15,0,3
BRDA:200,16,0,43
BRDA:205,17,0,39
BRDA:208,18,0,4
BRDA:215,19,0,1
BRDA:212,20,0,17
BRDA:213,21,0,16
BRDA:227,22,0,42
BRDA:229,23,0,33
BRDA:231,24,0,9
BRDA:234,25,0,8
BRDA:234,26,0,7
BRDA:234,27,0,7
BRDA:236,28,0,2
BRDA:238,29,0,1
BRDA:244,30,0,5
BRDA:250,31,0,2
BRDA:264,32,0,22
BRDA:265,33,0,20
BRDA:265,34,0,3
BRDA:267,35,0,19
BRDA:274,36,0,42
BRDA:276,37,0,0
BRDA:276,38,0,0
BRDA:276,39,0,0
BRDA:283,40,0,4
BRDA:285,41,0,38
BRDA:288,42,0,1
BRDA:290,43,0,37
BRDA:294,44,0,4
BRDA:296,45,0,37
BRDA:299,46,0,11
BRDA:302,47,0,26
BRDA:305,48,0,37
BRDA:308,49,0,9
BRDA:311,50,0,0
BRDA:314,51,0,37
BRDA:318,52,0,5
BRDA:321,53,0,19
BRDA:326,54,0,3
BRDA:329,55,0,19
BRDA:331,56,0,16
BRDA:334,57,0,19
BRDA:336,58,0,9
BRDA:339,59,0,19
BRDA:359,60,0,13
BRDA:360,61,0,11
BRDA:360,62,0,3
BRDA:362,63,0,10
BRDA:367,64,0,21
BRDA:368,65,0,19
BRDA:368,66,0,4
BRDA:370,67,0,17
BRDA:375,68,0,1
BRDA:377,69,0,16
BRDA:381,70,0,2
BRDA:386,71,0,14
BRDA:401,72,0,10
BRDA:410,73,0,3
BRDA:411,74,0,48
BRDA:414,75,0,0
BRDA:416,76,0,39
BRF:77
BRH:71
end_of_record
TN:
SF:builder\utils\file-utils.js
FN:24,ensureDir
FN:42,copyFile
FN:62,copyDirRecursive
FN:109,readFile
FN:125,writeFile
FN:143,getFilesByExtension
FN:158,exists
FN:167,getStats
FN:184,toUrlPath
FN:199,mdToHtmlPath
FN:215,readFileWithTimeout
FN:250,writeFileWithTimeout
FN:286,copyFileWithTimeout
FNF:13
FNH:10
FNDA:42,ensureDir
FNDA:1,copyFile
FNDA:7,copyDirRecursive
FNDA:2,readFile
FNDA:7,writeFile
FNDA:0,getFilesByExtension
FNDA:0,exists
FNDA:0,getStats
FNDA:72,toUrlPath
FNDA:38,mdToHtmlPath
FNDA:2,readFileWithTimeout
FNDA:2,writeFileWithTimeout
FNDA:2,copyFileWithTimeout
DA:1,1
DA:2,1
DA:3,1
DA:4,1
DA:5,1
DA:6,1
DA:7,1
DA:8,1
DA:9,1
DA:10,1
DA:11,1
DA:12,1
DA:13,1
DA:14,1
DA:15,1
DA:16,1
DA:17,1
DA:18,1
DA:19,1
DA:20,1
DA:21,1
DA:22,1
DA:23,1
DA:24,42
DA:25,42
DA:26,42
DA:27,19
DA:28,19
DA:29,19
DA:30,42
DA:31,0
DA:32,0
DA:33,0
DA:34,42
DA:35,1
DA:36,1
DA:37,1
DA:38,1
DA:39,1
DA:40,1
DA:41,1
DA:42,1
DA:43,1
DA:44,1
DA:45,1
DA:46,1
DA:47,1
DA:48,1
DA:49,0
DA:50,0
DA:51,0
DA:52,1
DA:53,1
DA:54,1
DA:55,1
DA:56,1
DA:57,1
DA:58,1
DA:59,1
DA:60,1
DA:61,1
DA:62,7
DA:63,7
DA:64,7
DA:65,1
DA:66,1
DA:67,6
DA:68,6
DA:69,7
DA:70,0
DA:71,0
DA:72,6
DA:73,6
DA:74,7
DA:75,1
DA:76,1
DA:77,1
DA:78,5
DA:79,5
DA:80,5
DA:81,5
DA:82,5
DA:83,5
DA:84,5
DA:85,5
DA:86,5
DA:87,5
DA:88,5
DA:89,5
DA:90,4
DA:91,4
DA:92,5
DA:93,1
DA:94,1
DA:95,1
DA:96,5
DA:97,5
DA:98,3
DA:99,3
DA:100,3
DA:101,1
DA:102,1
DA:103,1
DA:104,1
DA:105,1
DA:106,1
DA:107,1
DA:108,1
DA:109,2
DA:110,2
DA:111,2
DA:112,2
DA:113,1
DA:114,1
DA:115,1
DA:116,2
DA:117,1
DA:118,1
DA:119,1
DA:120,1
DA:121,1
DA:122,1
DA:123,1
DA:124,1
DA:125,7
DA:126,7
DA:127,7
DA:128,7
DA:129,7
DA:130,7
DA:131,7
DA:132,0
DA:133,0
DA:134,0
DA:135,7
DA:136,1
DA:137,1
DA:138,1
DA:139,1
DA:140,1
DA:141,1
DA:142,1
DA:143,0
DA:144,0
DA:145,0
DA:146,0
DA:147,0
DA:148,0
DA:149,0
DA:150,0
DA:151,0
DA:152,1
DA:153,1
DA:154,1
DA:155,1
DA:156,1
DA:157,1
DA:158,0
DA:159,0
DA:160,0
DA:161,1
DA:162,1
DA:163,1
DA:164,1
DA:165,1
DA:166,1
DA:167,0
DA:168,0
DA:169,0
DA:170,0
DA:171,0
DA:172,0
DA:173,0
DA:174,1
DA:175,1
DA:176,1
DA:177,1
DA:178,1
DA:179,1
DA:180,1
DA:181,1
DA:182,1
DA:183,1
DA:184,72
DA:185,72
DA:186,1
DA:187,1
DA:188,71
DA:189,71
DA:190,71
DA:191,1
DA:192,1
DA:193,1
DA:194,1
DA:195,1
DA:196,1
DA:197,1
DA:198,1
DA:199,38
DA:200,38
DA:201,1
DA:202,1
DA:203,37
DA:204,37
DA:205,1
DA:206,1
DA:207,1
DA:208,1
DA:209,1
DA:210,1
DA:211,1
DA:212,1
DA:213,1
DA:214,1
DA:215,2
DA:216,2
DA:217,2
DA:218,2
DA:219,2
DA:220,2
DA:221,2
DA:222,2
DA:223,2
DA:224,2
DA:225,2
DA:226,1
DA:227,1
DA:228,1
DA:229,1
DA:230,1
DA:231,1
DA:232,1
DA:233,1
DA:234,1
DA:235,1
DA:236,0
DA:237,0
DA:238,0
DA:239,2
DA:240,1
DA:241,1
DA:242,1
DA:243,1
DA:244,1
DA:245,1
DA:246,1
DA:247,1
DA:248,1
DA:249,1
DA:250,2
DA:251,2
DA:252,2
DA:253,2
DA:254,2
DA:255,2
DA:256,2
DA:257,2
DA:258,2
DA:259,2
DA:260,2
DA:261,2
DA:262,2
DA:263,2
DA:264,1
DA:265,1
DA:266,1
DA:267,1
DA:268,1
DA:269,1
DA:270,1
DA:271,1
DA:272,1
DA:273,0
DA:274,0
DA:275,0
DA:276,2
DA:277,1
DA:278,1
DA:279,1
DA:280,1
DA:281,1
DA:282,1
DA:283,1
DA:284,1
DA:285,1
DA:286,2
DA:287,2
DA:288,2
DA:289,2
DA:290,2
DA:291,2
DA:292,2
DA:293,2
DA:294,2
DA:295,2
DA:296,2
DA:297,2
DA:298,2
DA:299,2
DA:300,2
DA:301,1
DA:302,2
DA:303,2
DA:304,2
DA:305,1
DA:306,1
DA:307,1
DA:308,1
DA:309,1
DA:310,1
DA:311,1
DA:312,1
DA:313,1
DA:314,0
DA:315,0
DA:316,0
DA:317,2
DA:318,1
DA:319,1
DA:320,1
DA:321,1
DA:322,1
DA:323,1
DA:324,1
DA:325,1
DA:326,1
DA:327,1
DA:328,1
DA:329,1
DA:330,1
DA:331,1
DA:332,1
DA:333,1
DA:334,1
LF:334
LH:295
BRDA:24,0,0,42
BRDA:26,1,0,19
BRDA:30,2,0,0
BRDA:42,3,0,1
BRDA:48,4,0,0
BRDA:62,5,0,7
BRDA:64,6,0,1
BRDA:66,7,0,6
BRDA:69,8,0,0
BRDA:71,9,0,6
BRDA:74,10,0,1
BRDA:77,11,0,5
BRDA:89,12,0,4
BRDA:92,13,0,1
BRDA:97,14,0,3
BRDA:109,15,0,2
BRDA:112,16,0,1
BRDA:125,17,0,7
BRDA:131,18,0,0
BRDA:184,19,0,72
BRDA:185,20,0,71
BRDA:185,21,0,1
BRDA:187,22,0,71
BRDA:199,23,0,38
BRDA:200,24,0,37
BRDA:200,25,0,37
BRDA:200,26,0,1
BRDA:215,27,0,2
BRDA:225,28,0,1
BRDA:235,29,0,0
BRDA:219,30,0,1
BRDA:250,31,0,2
BRDA:263,32,0,1
BRDA:272,33,0,0
BRDA:254,34,0,1
BRDA:286,35,0,2
BRDA:304,36,0,1
BRDA:313,37,0,0
BRDA:290,38,0,1
BRDA:299,39,0,2
BRDA:300,40,0,1
BRF:41
BRH:34
end_of_record
TN:
SF:builder\utils\font-downloader.js
FN:23,FontDownloader
FN:47,normalizeFontName
FN:58,parseFontConfig
FN:87,isFontInstalled
FN:98,installFont
FN:121,copyFontFiles
FN:183,generateFontFaceCSS
FN:210,generateCSSVariables
FN:234,cleanOldFonts
FN:264,build
FNF:10
FNH:10
FNDA:10,FontDownloader
FNDA:16,normalizeFontName
FNDA:5,parseFontConfig
FNDA:7,isFontInstalled
FNDA:1,installFont
FNDA:4,copyFontFiles
FNDA:4,generateFontFaceCSS
FNDA:4,generateCSSVariables
FNDA:5,cleanOldFonts
FNDA:5,build
DA:1,1
DA:2,1
DA:3,1
DA:4,1
DA:5,1
DA:6,1
DA:7,1
DA:8,1
DA:9,1
DA:10,1
DA:11,1
DA:12,1
DA:13,1
DA:14,1
DA:15,1
DA:16,1
DA:17,1
DA:18,1
DA:19,1
DA:20,1
DA:21,1
DA:22,1
DA:23,1
DA:24,10
DA:25,10
DA:26,10
DA:27,10
DA:28,10
DA:29,10
DA:30,10
DA:31,10
DA:32,10
DA:33,10
DA:34,10
DA:35,10
DA:36,10
DA:37,10
DA:38,10
DA:39,10
DA:40,10
DA:41,1
DA:42,1
DA:43,1
DA:44,1
DA:45,1
DA:46,1
DA:47,1
DA:48,16
DA:49,16
DA:50,16
DA:51,16
DA:52,16
DA:53,1
DA:54,1
DA:55,1
DA:56,1
DA:57,1
DA:58,1
DA:59,5
DA:60,5
DA:61,5
DA:62,5
DA:63,1
DA:64,1
DA:65,1
DA:66,4
DA:67,4
DA:68,5
DA:69,3
DA:70,3
DA:71,3
DA:72,5
DA:73,0
DA:74,0
DA:75,0
DA:76,1
DA:77,1
DA:78,1
DA:79,1
DA:80,1
DA:81,1
DA:82,1
DA:83,1
DA:84,1
DA:85,1
DA:86,1
DA:87,1
DA:88,7
DA:89,7
DA:90,7
DA:91,7
DA:92,1
DA:93,1
DA:94,1
DA:95,1
DA:96,1
DA:97,1
DA:98,1
DA:99,1
DA:100,1
DA:101,1
DA:102,1
DA:103,1
DA:104,1
DA:105,1
DA:106,1
DA:107,0
DA:108,0
DA:109,0
DA:110,0
DA:111,0
DA:112,0
DA:113,1
DA:114,1
DA:115,1
DA:116,1
DA:117,1
DA:118,1
DA:119,1
DA:120,1
DA:121,1
DA:122,4
DA:123,4
DA:124,4
DA:125,4
DA:126,4
DA:127,0
DA:128,0
DA:129,0
DA:130,4
DA:131,4
DA:132,4
DA:133,2
DA:134,2
DA:135,4
DA:136,4
DA:137,4
DA:138,4
DA:139,4
DA:140,4
DA:141,4
DA:142,4
DA:143,4
DA:144,4
DA:145,4
DA:146,4
DA:147,4
DA:148,4
DA:149,4
DA:150,12
DA:151,12
DA:152,12
DA:153,12
DA:154,12
DA:155,12
DA:156,12
DA:157,12
DA:158,4
DA:159,4
DA:160,4
DA:161,4
DA:162,12
DA:163,12
DA:164,12
DA:165,4
DA:166,4
DA:167,4
DA:168,4
DA:169,4
DA:170,4
DA:171,4
DA:172,0
DA:173,0
DA:174,0
DA:175,4
DA:176,1
DA:177,1
DA:178,1
DA:179,1
DA:180,1
DA:181,1
DA:182,1
DA:183,1
DA:184,4
DA:185,4
DA:186,4
DA:187,4
DA:188,12
DA:189,12
DA:190,12
DA:191,12
DA:192,12
DA:193,12
DA:194,12
DA:195,12
DA:196,12
DA:197,4
DA:198,4
DA:199,4
DA:200,4
DA:201,1
DA:202,1
DA:203,1
DA:204,1
DA:205,1
DA:206,1
DA:207,1
DA:208,1
DA:209,1
DA:210,1
DA:211,4
DA:212,4
DA:213,4
DA:214,4
DA:215,3
DA:216,4
DA:217,4
DA:218,4
DA:219,3
DA:220,4
DA:221,4
DA:222,4
DA:223,4
DA:224,4
DA:225,4
DA:226,4
DA:227,4
DA:228,4
DA:229,1
DA:230,1
DA:231,1
DA:232,1
DA:233,1
DA:234,1
DA:235,5
DA:236,4
DA:237,4
DA:238,1
DA:239,1
DA:240,1
DA:241,1
DA:242,1
DA:243,1
DA:244,1
DA:245,1
DA:246,1
DA:247,1
DA:248,1
DA:249,1
DA:250,1
DA:251,1
DA:252,1
DA:253,1
DA:254,1
DA:255,5
DA:256,0
DA:257,0
DA:258,5
DA:259,1
DA:260,1
DA:261,1
DA:262,1
DA:263,1
DA:264,1
DA:265,5
DA:266,5
DA:267,5
DA:268,5
DA:269,5
DA:270,5
DA:271,5
DA:272,5
DA:273,5
DA:274,5
DA:275,5
DA:276,5
DA:277,5
DA:278,5
DA:279,5
DA:280,5
DA:281,5
DA:282,7
DA:283,7
DA:284,7
DA:285,7
DA:286,3
DA:287,7
DA:288,4
DA:289,4
DA:290,6
DA:291,6
DA:292,7
DA:293,4
DA:294,4
DA:295,4
DA:296,4
DA:297,4
DA:298,6
DA:299,6
DA:300,7
DA:301,4
DA:302,4
DA:303,7
DA:304,4
DA:305,4
DA:306,7
DA:307,4
DA:308,4
DA:309,4
DA:310,4
DA:311,4
DA:312,4
DA:313,5
DA:314,3
DA:315,3
DA:316,5
DA:317,1
DA:318,1
DA:319,4
DA:320,4
DA:321,4
DA:322,4
DA:323,4
DA:324,4
DA:325,4
DA:326,4
DA:327,4
DA:328,5
DA:329,1
DA:330,1
DA:331,5
DA:332,0
DA:333,0
DA:334,0
DA:335,4
DA:336,4
DA:337,4
DA:338,1
DA:339,1
DA:340,1
LF:340
LH:320
BRDA:23,0,0,10
BRDA:47,1,0,16
BRDA:58,2,0,5
BRDA:59,3,0,1
BRDA:62,4,0,1
BRDA:62,5,0,1
BRDA:65,6,0,4
BRDA:68,7,0,3
BRDA:71,8,0,1
BRDA:72,9,0,0
BRDA:75,10,0,1
BRDA:87,11,0,7
BRDA:98,12,0,1
BRDA:106,13,0,0
BRDA:121,14,0,4
BRDA:126,15,0,0
BRDA:132,16,0,2
BRDA:171,17,0,0
BRDA:149,18,0,12
BRDA:153,19,0,24
BRDA:161,20,0,12
BRDA:183,21,0,4
BRDA:187,22,0,12
BRDA:210,23,0,4
BRDA:214,24,0,3
BRDA:216,25,0,1
BRDA:219,26,0,3
BRDA:220,27,0,1
BRDA:234,28,0,5
BRDA:235,29,0,4
BRDA:237,30,0,1
BRDA:255,31,0,0
BRDA:241,32,0,1
BRDA:247,33,0,1
BRDA:264,34,0,5
BRDA:281,35,0,7
BRDA:285,36,0,3
BRDA:286,37,0,2
BRDA:287,38,0,4
BRDA:289,39,0,6
BRDA:292,40,0,4
BRDA:293,41,0,3
BRDA:294,42,0,1
BRDA:297,43,0,6
BRDA:300,44,0,4
BRDA:302,45,0,6
BRDA:303,46,0,4
BRDA:306,47,0,4
BRDA:313,48,0,3
BRDA:315,49,0,4
BRDA:316,50,0,3
BRDA:316,51,0,1
BRDA:318,52,0,4
BRDA:328,53,0,3
BRDA:328,54,0,1
BRDA:331,55,0,0
BRDA:334,56,0,4
BRF:57
BRH:51
end_of_record
TN:
SF:builder\utils\icon-sprite-generator.js
FN:43,IconSpriteGenerator
FN:49,generate
FNF:2
FNH:2
FNDA:5,IconSpriteGenerator
FNDA:3,generate
DA:1,1
DA:2,1
DA:3,1
DA:4,1
DA:5,1
DA:6,1
DA:7,1
DA:8,1
DA:9,1
DA:10,1
DA:11,1
DA:12,1
DA:13,1
DA:14,1
DA:15,1
DA:16,1
DA:17,1
DA:18,1
DA:19,1
DA:20,1
DA:21,1
DA:22,1
DA:23,1
DA:24,1
DA:25,1
DA:26,1
DA:27,1
DA:28,1
DA:29,1
DA:30,1
DA:31,1
DA:32,1
DA:33,1
DA:34,1
DA:35,1
DA:36,1
DA:37,1
DA:38,1
DA:39,1
DA:40,1
DA:41,1
DA:42,1
DA:43,1
DA:44,5
DA:45,5
DA:46,5
DA:47,5
DA:48,1
DA:49,1
DA:50,3
DA:51,3
DA:52,3
DA:53,1
DA:54,1
DA:55,1
DA:56,2
DA:57,2
DA:58,2
DA:59,2
DA:60,2
DA:61,2
DA:62,2
DA:63,2
DA:64,2
DA:65,2
DA:66,3
DA:67,150
DA:68,150
DA:69,150
DA:70,145
DA:71,145
DA:72,145
DA:73,145
DA:74,5
DA:75,5
DA:76,5
DA:77,5
DA:78,5
DA:79,5
DA:80,150
DA:81,2
DA:82,2
DA:83,2
DA:84,2
DA:85,3
DA:86,3
DA:87,3
DA:88,3
DA:89,3
DA:90,150
DA:91,150
DA:92,150
DA:93,150
DA:94,150
DA:95,150
DA:96,150
DA:97,150
DA:98,0
DA:99,0
DA:100,0
DA:101,150
DA:102,2
DA:103,2
DA:104,2
DA:105,2
DA:106,2
DA:107,2
DA:108,2
DA:109,2
DA:110,2
DA:111,2
DA:112,2
DA:113,2
DA:114,2
DA:115,2
DA:116,2
DA:117,2
DA:118,2
DA:119,2
DA:120,2
DA:121,2
DA:122,2
DA:123,1
DA:124,1
DA:125,1
DA:126,1
DA:127,0
DA:128,0
DA:129,0
DA:130,1
DA:131,1
LF:131
LH:125
BRDA:126,0,0,0
BRDA:43,1,0,5
BRDA:49,2,0,3
BRDA:52,3,0,1
BRDA:55,4,0,2
BRDA:66,5,0,150
BRDA:69,6,0,145
BRDA:73,7,0,5
BRDA:80,8,0,2
BRDA:84,9,0,3
BRDA:90,10,0,0
BRDA:97,11,0,0
BRDA:101,12,0,2
BRF:13
BRH:10
end_of_record
TN:
SF:builder\utils\image-optimizer.js
FN:22,optimizeImage
FNF:1
FNH:1
FNDA:23,optimizeImage
DA:1,1
DA:2,1
DA:3,1
DA:4,1
DA:5,1
DA:6,1
DA:7,1
DA:8,1
DA:9,1
DA:10,1
DA:11,1
DA:12,1
DA:13,1
DA:14,1
DA:15,1
DA:16,1
DA:17,1
DA:18,1
DA:19,1
DA:20,1
DA:21,1
DA:22,23
DA:23,23
DA:24,23
DA:25,1
DA:26,1
DA:27,23
DA:28,1
DA:29,1
DA:30,21
DA:31,23
DA:32,23
DA:33,23
DA:34,23
DA:35,23
DA:36,23
DA:37,23
DA:38,23
DA:39,23
DA:40,23
DA:41,23
DA:42,23
DA:43,17
DA:44,17
DA:45,23
DA:46,12
DA:47,12
DA:48,12
DA:49,21
DA:50,5
DA:51,5
DA:52,5
DA:53,5
DA:54,0
DA:55,0
DA:56,0
DA:57,0
DA:58,17
DA:59,17
DA:60,17
DA:61,17
DA:62,23
DA:63,4
DA:64,4
DA:65,23
DA:66,1
DA:67,1
LF:67
LH:63
BRDA:22,0,0,23
BRDA:24,1,0,22
BRDA:24,2,0,1
BRDA:26,3,0,22
BRDA:27,4,0,21
BRDA:27,5,0,1
BRDA:29,6,0,21
BRDA:31,7,0,19
BRDA:32,8,0,20
BRDA:42,9,0,21
BRDA:42,10,0,17
BRDA:45,11,0,7
BRDA:45,12,0,21
BRDA:45,13,0,12
BRDA:49,14,0,5
BRDA:53,15,0,0
BRDA:57,16,0,17
BRDA:62,17,0,4
BRF:18
BRH:17
end_of_record
TN:
SF:builder\utils\js-minifier.js
FN:13,minifyJS
FNF:1
FNH:1
FNDA:23,minifyJS
DA:1,1
DA:2,1
DA:3,1
DA:4,1
DA:5,1
DA:6,1
DA:7,1
DA:8,1
DA:9,1
DA:10,1
DA:11,1
DA:12,1
DA:13,23
DA:14,23
DA:15,23
DA:16,3
DA:17,3
DA:18,20
DA:19,20
DA:20,23
DA:21,1
DA:22,1
DA:23,19
DA:24,19
DA:25,19
DA:26,19
DA:27,19
DA:28,19
DA:29,19
DA:30,19
DA:31,19
DA:32,19
DA:33,19
DA:34,19
DA:35,19
DA:36,19
DA:37,19
DA:38,19
DA:39,19
DA:40,19
DA:41,19
DA:42,19
DA:43,19
DA:44,17
DA:45,23
DA:46,0
DA:47,0
DA:48,17
DA:49,23
DA:50,23
DA:51,2
DA:52,2
DA:53,2
DA:54,23
DA:55,1
DA:56,1
LF:56
LH:54
BRDA:13,0,0,23
BRDA:15,1,0,20
BRDA:15,2,0,3
BRDA:17,3,0,20
BRDA:20,4,0,1
BRDA:22,5,0,19
BRDA:43,6,0,17
BRDA:45,7,0,0
BRDA:47,8,0,17
BRDA:49,9,0,1
BRDA:50,10,0,2
BRF:11
BRH:10
end_of_record
TN:
SF:builder\utils\validator.js
FN:17,getNestedValue
FN:33,validateRequiredFields
FN:55,validateUrl
FN:79,validateArray
FN:97,validateString
FN:129,validateNumber
FN:158,validateBoolean
FN:174,validateEnum
FNF:8
FNH:5
FNDA:187,getNestedValue
FNDA:33,validateRequiredFields
FNDA:31,validateUrl
FNDA:4,validateArray
FNDA:155,validateString
FNDA:0,validateNumber
FNDA:0,validateBoolean
FNDA:0,validateEnum
DA:1,1
DA:2,1
DA:3,1
DA:4,1
DA:5,1
DA:6,1
DA:7,1
DA:8,1
DA:9,1
DA:10,1
DA:11,1
DA:12,1
DA:13,1
DA:14,1
DA:15,1
DA:16,1
DA:17,187
DA:18,187
DA:19,0
DA:20,0
DA:21,187
DA:22,187
DA:23,374
DA:24,187
DA:25,187
DA:26,1
DA:27,1
DA:28,1
DA:29,1
DA:30,1
DA:31,1
DA:32,1
DA:33,33
DA:34,33
DA:35,0
DA:36,0
DA:37,33
DA:38,33
DA:39,187
DA:40,187
DA:41,3
DA:42,3
DA:43,3
DA:44,3
DA:45,3
DA:46,187
DA:47,30
DA:48,1
DA:49,1
DA:50,1
DA:51,1
DA:52,1
DA:53,1
DA:54,1
DA:55,31
DA:56,31
DA:57,0
DA:58,0
DA:59,0
DA:60,0
DA:61,0
DA:62,31
DA:63,31
DA:64,31
DA:65,31
DA:66,1
DA:67,1
DA:68,1
DA:69,1
DA:70,1
DA:71,31
DA:72,1
DA:73,1
DA:74,1
DA:75,1
DA:76,1
DA:77,1
DA:78,1
DA:79,4
DA:80,4
DA:81,0
DA:82,0
DA:83,0
DA:84,0
DA:85,0
DA:86,4
DA:87,1
DA:88,1
DA:89,1
DA:90,1
DA:91,1
DA:92,1
DA:93,1
DA:94,1
DA:95,1
DA:96,1
DA:97,155
DA:98,155
DA:99,0
DA:100,0
DA:101,0
DA:102,0
DA:103,0
DA:104,155
DA:105,155
DA:106,0
DA:107,0
DA:108,0
DA:109,0
DA:110,0
DA:111,155
DA:112,155
DA:113,2
DA:114,2
DA:115,2
DA:116,2
DA:117,2
DA:118,155
DA:119,1
DA:120,1
DA:121,1
DA:122,1
DA:123,1
DA:124,1
DA:125,1
DA:126,1
DA:127,1
DA:128,1
DA:129,0
DA:130,0
DA:131,0
DA:132,0
DA:133,0
DA:134,0
DA:135,0
DA:136,0
DA:137,0
DA:138,0
DA:139,0
DA:140,0
DA:141,0
DA:142,0
DA:143,0
DA:144,0
DA:145,0
DA:146,0
DA:147,0
DA:148,0
DA:149,0
DA:150,0
DA:151,1
DA:152,1
DA:153,1
DA:154,1
DA:155,1
DA:156,1
DA:157,1
DA:158,0
DA:159,0
DA:160,0
DA:161,0
DA:162,0
DA:163,0
DA:164,0
DA:165,0
DA:166,1
DA:167,1
DA:168,1
DA:169,1
DA:170,1
DA:171,1
DA:172,1
DA:173,1
DA:174,0
DA:175,0
DA:176,0
DA:177,0
DA:178,0
DA:179,0
DA:180,0
DA:181,0
DA:182,1
DA:183,1
DA:184,1
DA:185,1
DA:186,1
DA:187,1
DA:188,1
DA:189,1
DA:190,1
DA:191,1
DA:192,1
LF:192
LH:130
BRDA:17,0,0,187
BRDA:18,1,0,0
BRDA:22,2,0,374
BRDA:23,3,0,373
BRDA:33,4,0,33
BRDA:34,5,0,0
BRDA:38,6,0,187
BRDA:40,7,0,184
BRDA:40,8,0,184
BRDA:40,9,0,3
BRDA:46,10,0,30
BRDA:55,11,0,31
BRDA:56,12,0,0
BRDA:65,13,0,1
BRDA:65,14,0,1
BRDA:79,15,0,4
BRDA:80,16,0,0
BRDA:97,17,0,155
BRDA:98,18,0,0
BRDA:105,19,0,119
BRDA:105,20,0,0
BRDA:112,21,0,74
BRDA:112,22,0,2
BRF:23
BRH:17
end_of_record
